#
# A fatal error has been detected by the Java Runtime Environment:
#
#  EXCEPTION_ACCESS_VIOLATION (0xc0000005) at pc=0x00000001800044cb, pid=3336, tid=0x0000000000002e8c
#
# JRE version: Java(TM) SE Runtime Environment (8.0_261-b12) (build 1.8.0_261-b12)
# Java VM: Java HotSpot(TM) 64-Bit Server VM (25.261-b12 mixed mode windows-amd64 compressed oops)
# Problematic frame:
# C  [rxtxSerial.dll+0x44cb]
#
# Failed to write core dump. Minidumps are not enabled by default on client versions of Windows
#
# If you would like to submit a bug report, please visit:
#   http://bugreport.java.com/bugreport/crash.jsp
# The crash happened outside the Java Virtual Machine in native code.
# See problematic frame for where to report the bug.
#

---------------  T H R E A D  ---------------

Current thread (0x000001c47231c800):  JavaThread "Animation Thread" [_thread_in_native, id=11916, stack(0x000000b538300000,0x000000b538400000)]

siginfo: ExceptionCode=0xc0000005, reading address 0x00000000387feccc

Registers:
RAX=0x000000000000001c, RBX=0x0000000000000001, RCX=0x000000b5383fecac, RDX=0x0000000000000000
RSP=0x000000b5383fe8d0, RBP=0x0000000000000001, RSI=0x0000000000000000, RDI=0x000001c47231c9f8
R8 =0x000000b5383fe590, R9 =0x0000000180000000, R10=0x0000000000000000, R11=0x0000000000000200
R12=0x00000000387fecc0, R13=0x0000000000000000, R14=0x000000b5383fedc0, R15=0x000001c47231c800
RIP=0x00000001800044cb, EFLAGS=0x0000000000010206

Top of Stack: (sp=0x000000b5383fe8d0)
0x000000b5383fe8d0:   000001c47dca0600 000000018001c4c0
0x000000b5383fe8e0:   0000000000000000 0000000000000001
0x000000b5383fe8f0:   000001c46f4266d8 000001c47231c800
0x000000b5383fe900:   000000b5383fedc0 000001c47231c800
0x000000b5383fe910:   00000007c0002368 00000007c0002368
0x000000b5383fe920:   000001c46f4266d8 000001c47231c800
0x000000b5383fe930:   0000e315cdfb0478 000001c47231c800
0x000000b5383fe940:   000000b5383fea40 000000006d9e679c
0x000000b5383fe950:   0000000000000000 0000000000000000
0x000000b5383fe960:   000001c455412f20 000000006dabbe87
0x000000b5383fe970:   000000006de57ea0 000000006dabda45
0x000000b5383fe980:   0000000000000004 0000000000000004
0x000000b5383fe990:   0000e315cdfb0418 000001c47231c800
0x000000b5383fe9a0:   000001c455412f20 000000006d96eed5
0x000000b5383fe9b0:   000001c47dca0600 000000b5383fea40
0x000000b5383fe9c0:   0000000000000000 000000b5383feb10 

Instructions: (pc=0x00000001800044cb)
0x00000001800044ab:   1f 48 8b d3 48 8b cf 41 ff 93 b8 00 00 00 45 84
0x00000001800044bb:   ed 0f 85 b7 00 00 00 4d 85 e4 0f 84 ae 00 00 00
0x00000001800044cb:   41 83 7c 24 0c 00 0f 84 a2 00 00 00 48 8d 4c 24
0x00000001800044db:   38 49 8b d4 41 b8 40 03 00 00 e8 06 64 00 00 4c 


Register to memory mapping:

RAX=0x000000000000001c is an unknown value
RBX=0x0000000000000001 is an unknown value
RCX=0x000000b5383fecac is pointing into the stack for thread: 0x000001c47231c800
RDX=0x0000000000000000 is an unknown value
RSP=0x000000b5383fe8d0 is pointing into the stack for thread: 0x000001c47231c800
RBP=0x0000000000000001 is an unknown value
RSI=0x0000000000000000 is an unknown value
RDI=0x000001c47231c9f8 is an unknown value
R8 =0x000000b5383fe590 is pointing into the stack for thread: 0x000001c47231c800
R9 =0x0000000180000000 is an unknown value
R10=0x0000000000000000 is an unknown value
R11=0x0000000000000200 is an unknown value
R12=0x00000000387fecc0 is an unknown value
R13=0x0000000000000000 is an unknown value
R14=0x000000b5383fedc0 is pointing into the stack for thread: 0x000001c47231c800
R15=0x000001c47231c800 is a thread


Stack: [0x000000b538300000,0x000000b538400000],  sp=0x000000b5383fe8d0,  free space=1018k
Native frames: (J=compiled Java code, j=interpreted, Vv=VM code, C=native code)
C  [rxtxSerial.dll+0x44cb]
C  0x000001c456d09f4e

Java frames: (J=compiled Java code, j=interpreted, Vv=VM code)
j  gnu.io.RXTXPort.nativeDrain(Z)Z+0
j  gnu.io.RXTXPort$SerialOutputStream.flush()V+92
j  processing.serial.Serial.write([B)V+12
j  MultiWiiConf.sendRequestMSP(Ljava/util/List;)V+60
j  MultiWiiConf.draw()V+934
j  processing.core.PApplet.handleDraw()V+145
j  processing.core.PApplet.run()V+72
j  java.lang.Thread.run()V+11
v  ~StubRoutines::call_stub

---------------  P R O C E S S  ---------------

Java Threads: ( => current thread )
  0x000001c470957800 JavaThread "Thread-3" [_thread_in_native, id=11832, stack(0x000000b538700000,0x000000b538800000)]
  0x000001c470956000 JavaThread "DestroyJavaVM" [_thread_blocked, id=7320, stack(0x000000b536a00000,0x000000b536b00000)]
=>0x000001c47231c800 JavaThread "Animation Thread" [_thread_in_native, id=11916, stack(0x000000b538300000,0x000000b538400000)]
  0x000001c472106000 JavaThread "AWT-EventQueue-0" [_thread_blocked, id=7384, stack(0x000000b538100000,0x000000b538200000)]
  0x000001c4720e8000 JavaThread "AWT-Windows" daemon [_thread_in_native, id=6252, stack(0x000000b538000000,0x000000b538100000)]
  0x000001c4720e5800 JavaThread "AWT-Shutdown" [_thread_blocked, id=2588, stack(0x000000b537f00000,0x000000b538000000)]
  0x000001c4720e4800 JavaThread "Java2D Disposer" daemon [_thread_blocked, id=12252, stack(0x000000b537e00000,0x000000b537f00000)]
  0x000001c471d38800 JavaThread "Service Thread" daemon [_thread_blocked, id=1828, stack(0x000000b537c00000,0x000000b537d00000)]
  0x000001c470951000 JavaThread "C1 CompilerThread3" daemon [_thread_blocked, id=1968, stack(0x000000b537b00000,0x000000b537c00000)]
  0x000001c470955000 JavaThread "C2 CompilerThread2" daemon [_thread_blocked, id=4428, stack(0x000000b537a00000,0x000000b537b00000)]
  0x000001c470944000 JavaThread "C2 CompilerThread1" daemon [_thread_blocked, id=12416, stack(0x000000b537900000,0x000000b537a00000)]
  0x000001c47093f000 JavaThread "C2 CompilerThread0" daemon [_thread_blocked, id=1932, stack(0x000000b537800000,0x000000b537900000)]
  0x000001c47093e000 JavaThread "Attach Listener" daemon [_thread_blocked, id=11892, stack(0x000000b537700000,0x000000b537800000)]
  0x000001c47093d000 JavaThread "Signal Dispatcher" daemon [_thread_blocked, id=5520, stack(0x000000b537600000,0x000000b537700000)]
  0x000001c47091f000 JavaThread "Finalizer" daemon [_thread_blocked, id=5952, stack(0x000000b537500000,0x000000b537600000)]
  0x000001c46fd09000 JavaThread "Reference Handler" daemon [_thread_blocked, id=5136, stack(0x000000b537400000,0x000000b537500000)]

Other Threads:
  0x000001c4708f2800 VMThread [stack: 0x000000b537300000,0x000000b537400000] [id=12588]
  0x000001c4709ce000 WatcherThread [stack: 0x000000b537d00000,0x000000b537e00000] [id=7376]

VM state:not at safepoint (normal execution)

VM Mutex/Monitor currently owned by a thread: None

heap address: 0x00000006c4000000, size: 4032 MB, Compressed Oops mode: Zero based, Oop shift amount: 3
Narrow klass base: 0x0000000000000000, Narrow klass shift: 3
Compressed class space size: 1073741824 Address: 0x00000007c0000000

Heap:
 PSYoungGen      total 75264K, used 11670K [0x000000076c000000, 0x0000000775300000, 0x00000007c0000000)
  eden space 64512K, 11% used [0x000000076c000000,0x000000076c77f620,0x000000076ff00000)
  from space 10752K, 37% used [0x0000000770980000,0x0000000770d662a8,0x0000000771400000)
  to   space 10752K, 0% used [0x000000076ff00000,0x000000076ff00000,0x0000000770980000)
 ParOldGen       total 172032K, used 24K [0x00000006c4000000, 0x00000006ce800000, 0x000000076c000000)
  object space 172032K, 0% used [0x00000006c4000000,0x00000006c4006000,0x00000006ce800000)
 Metaspace       used 13606K, capacity 13824K, committed 14080K, reserved 1062912K
  class space    used 1367K, capacity 1435K, committed 1536K, reserved 1048576K

Card table byte_map: [0x000001c4660b0000,0x000001c4668a0000] byte_map_base: 0x000001c462a90000

Marking Bits: (ParMarkBitMap*) 0x000000006e094fb0
 Begin Bits: [0x000001c466de0000, 0x000001c46ace0000)
 End Bits:   [0x000001c46ace0000, 0x000001c46ebe0000)

Polling page: 0x000001c456cc0000

CodeCache: size=245760Kb used=4756Kb max_used=4760Kb free=241003Kb
 bounds [0x000001c456cf0000, 0x000001c4571a0000, 0x000001c465cf0000]
 total_blobs=2171 nmethods=1441 adapters=642
 compilation: enabled

Compilation events (10 events):
Event: 7.729 Thread 0x000001c470951000 nmethod 1437 0x000001c457195450 code [0x000001c457195720, 0x000001c457196d20]
Event: 7.729 Thread 0x000001c470951000 1436   !   3       sun.nio.cs.StreamEncoder::write (78 bytes)
Event: 7.730 Thread 0x000001c470951000 nmethod 1436 0x000001c4571975d0 code [0x000001c4571977a0, 0x000001c457197ef0]
Event: 7.730 Thread 0x000001c470951000 1438       3       controlP5.Tab::isActive (16 bytes)
Event: 7.730 Thread 0x000001c470951000 nmethod 1438 0x000001c457198350 code [0x000001c4571984a0, 0x000001c457198658]
Event: 7.730 Thread 0x000001c470951000 1439       1       controlP5.Tab::height (5 bytes)
Event: 7.730 Thread 0x000001c470951000 nmethod 1439 0x000001c4571986d0 code [0x000001c457198820, 0x000001c457198938]
Event: 7.732 Thread 0x000001c470951000 1441       3       processing.core.PGraphics3D::sqrt (7 bytes)
Event: 7.733 Thread 0x000001c470951000 nmethod 1441 0x000001c457198990 code [0x000001c457198ae0, 0x000001c457198c58]
Event: 7.733 Thread 0x000001c47093f000 nmethod 1440 0x000001c457199c50 code [0x000001c457199e00, 0x000001c45719a160]

GC Heap History (4 events):
Event: 1.226 GC heap before
{Heap before GC invocations=1 (full 0):
 PSYoungGen      total 75264K, used 64512K [0x000000076c000000, 0x0000000771400000, 0x00000007c0000000)
  eden space 64512K, 100% used [0x000000076c000000,0x000000076ff00000,0x000000076ff00000)
  from space 10752K, 0% used [0x0000000770980000,0x0000000770980000,0x0000000771400000)
  to   space 10752K, 0% used [0x000000076ff00000,0x000000076ff00000,0x0000000770980000)
 ParOldGen       total 172032K, used 0K [0x00000006c4000000, 0x00000006ce800000, 0x000000076c000000)
  object space 172032K, 0% used [0x00000006c4000000,0x00000006c4000000,0x00000006ce800000)
 Metaspace       used 12330K, capacity 12492K, committed 12672K, reserved 1060864K
  class space    used 1274K, capacity 1361K, committed 1408K, reserved 1048576K
Event: 1.230 GC heap after
Heap after GC invocations=1 (full 0):
 PSYoungGen      total 75264K, used 4855K [0x000000076c000000, 0x0000000771400000, 0x00000007c0000000)
  eden space 64512K, 0% used [0x000000076c000000,0x000000076c000000,0x000000076ff00000)
  from space 10752K, 45% used [0x000000076ff00000,0x00000007703bde78,0x0000000770980000)
  to   space 10752K, 0% used [0x0000000770980000,0x0000000770980000,0x0000000771400000)
 ParOldGen       total 172032K, used 16K [0x00000006c4000000, 0x00000006ce800000, 0x000000076c000000)
  object space 172032K, 0% used [0x00000006c4000000,0x00000006c4004000,0x00000006ce800000)
 Metaspace       used 12330K, capacity 12492K, committed 12672K, reserved 1060864K
  class space    used 1274K, capacity 1361K, committed 1408K, reserved 1048576K
}
Event: 1.368 GC heap before
{Heap before GC invocations=2 (full 0):
 PSYoungGen      total 75264K, used 69367K [0x000000076c000000, 0x0000000771400000, 0x00000007c0000000)
  eden space 64512K, 100% used [0x000000076c000000,0x000000076ff00000,0x000000076ff00000)
  from space 10752K, 45% used [0x000000076ff00000,0x00000007703bde78,0x0000000770980000)
  to   space 10752K, 0% used [0x0000000770980000,0x0000000770980000,0x0000000771400000)
 ParOldGen       total 172032K, used 16K [0x00000006c4000000, 0x00000006ce800000, 0x000000076c000000)
  object space 172032K, 0% used [0x00000006c4000000,0x00000006c4004000,0x00000006ce800000)
 Metaspace       used 12981K, capacity 13246K, committed 13440K, reserved 1060864K
  class space    used 1328K, capacity 1398K, committed 1408K, reserved 1048576K
Event: 1.372 GC heap after
Heap after GC invocations=2 (full 0):
 PSYoungGen      total 75264K, used 3992K [0x000000076c000000, 0x0000000775300000, 0x00000007c0000000)
  eden space 64512K, 0% used [0x000000076c000000,0x000000076c000000,0x000000076ff00000)
  from space 10752K, 37% used [0x0000000770980000,0x0000000770d662a8,0x0000000771400000)
  to   space 10752K, 0% used [0x000000076ff00000,0x000000076ff00000,0x0000000770980000)
 ParOldGen       total 172032K, used 24K [0x00000006c4000000, 0x00000006ce800000, 0x000000076c000000)
  object space 172032K, 0% used [0x00000006c4000000,0x00000006c4006000,0x00000006ce800000)
 Metaspace       used 12981K, capacity 13246K, committed 13440K, reserved 1060864K
  class space    used 1328K, capacity 1398K, committed 1408K, reserved 1048576K
}

Deoptimization events (6 events):
Event: 0.565 Thread 0x000001c47231c800 Uncommon trap: reason=class_check action=maybe_recompile pc=0x000001c456e6ebd0 method=java.lang.String.equals(Ljava/lang/Object;)Z @ 8
Event: 0.565 Thread 0x000001c47231c800 Uncommon trap: reason=class_check action=maybe_recompile pc=0x000001c456e6ebd0 method=java.lang.String.equals(Ljava/lang/Object;)Z @ 8
Event: 0.565 Thread 0x000001c47231c800 Uncommon trap: reason=class_check action=maybe_recompile pc=0x000001c456e6ebd0 method=java.lang.String.equals(Ljava/lang/Object;)Z @ 8
Event: 0.565 Thread 0x000001c47231c800 Uncommon trap: reason=class_check action=maybe_recompile pc=0x000001c456e6ebd0 method=java.lang.String.equals(Ljava/lang/Object;)Z @ 8
Event: 0.620 Thread 0x000001c47231c800 Uncommon trap: reason=unstable_if action=reinterpret pc=0x000001c456f05e7c method=java.lang.String.<init>([CII)V @ 18
Event: 2.343 Thread 0x000001c47231c800 Uncommon trap: reason=predicate action=maybe_recompile pc=0x000001c456f4838c method=java.util.ArrayList.indexOf(Ljava/lang/Object;)I @ 44

Classes redefined (0 events):
No events

Internal exceptions (10 events):
Event: 7.727 Thread 0x000001c47231c800 Exception <a 'java/io/IOException'> (0x000000076c6830f0) thrown at [C:\jenkins\workspace\8-2-build-windows-amd64-cygwin\jdk8u261\295\hotspot\src\share\vm\prims\jni.cpp, line 710]
Event: 7.728 Thread 0x000001c47231c800 Exception <a 'java/io/IOException'> (0x000000076c683970) thrown at [C:\jenkins\workspace\8-2-build-windows-amd64-cygwin\jdk8u261\295\hotspot\src\share\vm\prims\jni.cpp, line 710]
Event: 7.728 Thread 0x000001c47231c800 Exception <a 'java/io/IOException'> (0x000000076c683de0) thrown at [C:\jenkins\workspace\8-2-build-windows-amd64-cygwin\jdk8u261\295\hotspot\src\share\vm\prims\jni.cpp, line 710]
Event: 7.728 Thread 0x000001c47231c800 Exception <a 'java/io/IOException'> (0x000000076c684220) thrown at [C:\jenkins\workspace\8-2-build-windows-amd64-cygwin\jdk8u261\295\hotspot\src\share\vm\prims\jni.cpp, line 710]
Event: 7.728 Thread 0x000001c47231c800 Exception <a 'java/io/IOException'> (0x000000076c684ab8) thrown at [C:\jenkins\workspace\8-2-build-windows-amd64-cygwin\jdk8u261\295\hotspot\src\share\vm\prims\jni.cpp, line 710]
Event: 7.728 Thread 0x000001c47231c800 Exception <a 'java/io/IOException'> (0x000000076c684f28) thrown at [C:\jenkins\workspace\8-2-build-windows-amd64-cygwin\jdk8u261\295\hotspot\src\share\vm\prims\jni.cpp, line 710]
Event: 7.728 Thread 0x000001c47231c800 Exception <a 'java/io/IOException'> (0x000000076c685368) thrown at [C:\jenkins\workspace\8-2-build-windows-amd64-cygwin\jdk8u261\295\hotspot\src\share\vm\prims\jni.cpp, line 710]
Event: 7.728 Thread 0x000001c47231c800 Exception <a 'java/io/IOException'> (0x000000076c685860) thrown at [C:\jenkins\workspace\8-2-build-windows-amd64-cygwin\jdk8u261\295\hotspot\src\share\vm\prims\jni.cpp, line 710]
Event: 7.728 Thread 0x000001c47231c800 Exception <a 'java/io/IOException'> (0x000000076c685cd0) thrown at [C:\jenkins\workspace\8-2-build-windows-amd64-cygwin\jdk8u261\295\hotspot\src\share\vm\prims\jni.cpp, line 710]
Event: 7.728 Thread 0x000001c47231c800 Exception <a 'java/io/IOException'> (0x000000076c686110) thrown at [C:\jenkins\workspace\8-2-build-windows-amd64-cygwin\jdk8u261\295\hotspot\src\share\vm\prims\jni.cpp, line 710]

Events (10 events):
Event: 5.703 loading class sun/util/calendar/BaseCalendar$Date done
Event: 5.703 loading class sun/util/calendar/Gregorian$Date done
Event: 5.703 loading class sun/util/calendar/CalendarUtils
Event: 5.703 loading class sun/util/calendar/CalendarUtils done
Event: 5.703 loading class java/text/DateFormatSymbols
Event: 5.704 loading class java/text/DateFormatSymbols done
Event: 5.704 loading class sun/util/locale/provider/DateFormatSymbolsProviderImpl
Event: 5.704 loading class sun/util/locale/provider/DateFormatSymbolsProviderImpl done
Event: 5.704 loading class java/util/Formattable
Event: 5.704 loading class java/util/Formattable done


Dynamic libraries:
0x00007ff6def40000 - 0x00007ff6def87000 	C:\Program Files (x86)\Common Files\Oracle\Java\javapath\javaw.exe
0x00007ffb42b60000 - 0x00007ffb42d50000 	C:\Windows\SYSTEM32\ntdll.dll
0x00007ffb41090000 - 0x00007ffb41142000 	C:\Windows\System32\KERNEL32.DLL
0x00007ffb40810000 - 0x00007ffb40ab4000 	C:\Windows\System32\KERNELBASE.dll
0x00007ffb424a0000 - 0x00007ffb42543000 	C:\Windows\System32\ADVAPI32.dll
0x00007ffb40fe0000 - 0x00007ffb4107e000 	C:\Windows\System32\msvcrt.dll
0x00007ffb42730000 - 0x00007ffb427c7000 	C:\Windows\System32\sechost.dll
0x00007ffb41180000 - 0x00007ffb412a0000 	C:\Windows\System32\RPCRT4.dll
0x00007ffb427d0000 - 0x00007ffb42964000 	C:\Windows\System32\USER32.dll
0x00007ffb3fae0000 - 0x00007ffb3fb01000 	C:\Windows\System32\win32u.dll
0x00007ffb40c10000 - 0x00007ffb40c36000 	C:\Windows\System32\GDI32.dll
0x00007ffb40610000 - 0x00007ffb407a6000 	C:\Windows\System32\gdi32full.dll
0x00007ffb3fc30000 - 0x00007ffb3fcce000 	C:\Windows\System32\msvcp_win.dll
0x00007ffb3fd80000 - 0x00007ffb3fe7a000 	C:\Windows\System32\ucrtbase.dll
0x00007ffb1a460000 - 0x00007ffb1a6e4000 	C:\Windows\WinSxS\amd64_microsoft.windows.common-controls_6595b64144ccf1df_6.0.18362.959_none_e6c7bbbf130c62bb\COMCTL32.dll
0x00007ffb40c40000 - 0x00007ffb40f75000 	C:\Windows\System32\combase.dll
0x00007ffb3fbb0000 - 0x00007ffb3fc30000 	C:\Windows\System32\bcryptPrimitives.dll
0x00007ffb41150000 - 0x00007ffb4117e000 	C:\Windows\System32\IMM32.DLL
0x00007ffb397f0000 - 0x00007ffb39805000 	C:\Program Files\Java\jre\bin\vcruntime140.dll
0x00007ffb26540000 - 0x00007ffb265db000 	C:\Program Files\Java\jre\bin\msvcp140.dll
0x000000006d8a0000 - 0x000000006e10c000 	C:\Program Files\Java\jre\bin\server\jvm.dll
0x00007ffb42020000 - 0x00007ffb42028000 	C:\Windows\System32\PSAPI.DLL
0x00007ffb3cdc0000 - 0x00007ffb3cdc9000 	C:\Windows\SYSTEM32\WSOCK32.dll
0x00007ffb3c110000 - 0x00007ffb3c134000 	C:\Windows\SYSTEM32\WINMM.dll
0x00007ffb32f00000 - 0x00007ffb32f0a000 	C:\Windows\SYSTEM32\VERSION.dll
0x00007ffb413d0000 - 0x00007ffb4143f000 	C:\Windows\System32\WS2_32.dll
0x00007ffb3c0e0000 - 0x00007ffb3c10d000 	C:\Windows\SYSTEM32\WINMMBASE.dll
0x00007ffb3fb60000 - 0x00007ffb3fbaa000 	C:\Windows\System32\cfgmgr32.dll
0x00007ffb3faa0000 - 0x00007ffb3fab1000 	C:\Windows\System32\kernel.appcore.dll
0x00007ffb3bb70000 - 0x00007ffb3bb80000 	C:\Program Files\Java\jre\bin\verify.dll
0x00007ffb26510000 - 0x00007ffb2653b000 	C:\Program Files\Java\jre\bin\java.dll
0x00007ffb2be10000 - 0x00007ffb2be28000 	C:\Program Files\Java\jre\bin\zip.dll
0x00007ffb41630000 - 0x00007ffb41d16000 	C:\Windows\System32\SHELL32.dll
0x00007ffb42680000 - 0x00007ffb42729000 	C:\Windows\System32\shcore.dll
0x00007ffb3fe80000 - 0x00007ffb40602000 	C:\Windows\System32\windows.storage.dll
0x00007ffb3fa70000 - 0x00007ffb3fa93000 	C:\Windows\System32\profapi.dll
0x00007ffb3fa20000 - 0x00007ffb3fa6a000 	C:\Windows\System32\powrprof.dll
0x00007ffb3fa10000 - 0x00007ffb3fa20000 	C:\Windows\System32\UMPDC.dll
0x00007ffb40f80000 - 0x00007ffb40fd2000 	C:\Windows\System32\shlwapi.dll
0x00007ffb3fb10000 - 0x00007ffb3fb27000 	C:\Windows\System32\cryptsp.dll
0x00007ffb26370000 - 0x00007ffb26504000 	C:\Program Files\Java\jre\bin\awt.dll
0x00007ffb425b0000 - 0x00007ffb42675000 	C:\Windows\System32\OLEAUT32.dll
0x00007ffb3d6e0000 - 0x00007ffb3d76f000 	C:\Windows\SYSTEM32\apphelp.dll
0x00007ffb3d8a0000 - 0x00007ffb3d939000 	C:\Windows\system32\uxtheme.dll
0x00007ffb41440000 - 0x00007ffb41575000 	C:\Windows\System32\MSCTF.dll
0x00007ffb41e60000 - 0x00007ffb41fb7000 	C:\Windows\System32\ole32.dll
0x00007ffb3dc20000 - 0x00007ffb3dc4d000 	C:\Windows\system32\DWMAPI.DLL
0x00007ffb1a930000 - 0x00007ffb1aa86000 	C:\Windows\system32\opengl32.dll
0x00007ffb1a8c0000 - 0x00007ffb1a8ec000 	C:\Windows\SYSTEM32\GLU32.dll
0x00007ffb3e640000 - 0x00007ffb3e660000 	C:\Windows\SYSTEM32\dxcore.dll
0x00007ffb26320000 - 0x00007ffb26369000 	C:\Program Files\Java\jre\bin\fontmanager.dll
0x0000000010000000 - 0x000000001005a000 	C:\Users\lapry\Desktop\sangiorgio\Multiwii\MultiWii_2_3\MultiWiiConf\application.windows64\jogl.dll
0x000000006e3b0000 - 0x000000006e479000 	C:\Windows\WinSxS\amd64_microsoft.vc80.crt_1fc8b3b9a1e18e3b_8.0.50727.9659_none_88dfc6bf2faefcc6\MSVCR80.dll
0x00007ffb3b510000 - 0x00007ffb3b517000 	C:\Program Files\Java\jre\bin\jawt.dll
0x0000000000230000 - 0x0000000000237000 	C:\Users\lapry\Desktop\sangiorgio\Multiwii\MultiWii_2_3\MultiWiiConf\application.windows64\jogl_awt.dll
0x00007ffad9b70000 - 0x00007ffadaab6000 	C:\Windows\System32\DriverStore\FileRepository\iigd_dch.inf_amd64_9142c5ac70adba55\ig11icd64.dll
0x00007ffb3e6d0000 - 0x00007ffb3e7bb000 	C:\Windows\system32\dxgi.dll
0x00007ffb115c0000 - 0x00007ffb1165e000 	C:\Windows\System32\TextInputFramework.dll
0x00007ffb3b550000 - 0x00007ffb3b87a000 	C:\Windows\System32\CoreUIComponents.dll
0x00007ffb3d3e0000 - 0x00007ffb3d4b4000 	C:\Windows\System32\CoreMessaging.dll
0x00007ffb3ea30000 - 0x00007ffb3ea61000 	C:\Windows\SYSTEM32\ntmarta.dll
0x00007ffb3b220000 - 0x00007ffb3b373000 	C:\Windows\SYSTEM32\wintypes.dll
0x00007ffb0e790000 - 0x00007ffb0e7f5000 	C:\Windows\system32\Oleacc.dll
0x00007ffb33ec0000 - 0x00007ffb362f6000 	C:\Windows\System32\DriverStore\FileRepository\iigd_dch.inf_amd64_9142c5ac70adba55\igc64.dll
0x00007ffb36300000 - 0x00007ffb364a4000 	C:\Windows\System32\DriverStore\FileRepository\iigd_dch.inf_amd64_9142c5ac70adba55\igdgmm64.dll
0x00007ffb262a0000 - 0x00007ffb262bc000 	C:\Program Files\Java\jre\bin\net.dll
0x00007ffb3f1d0000 - 0x00007ffb3f237000 	C:\Windows\system32\mswsock.dll
0x00007ffb26280000 - 0x00007ffb26293000 	C:\Program Files\Java\jre\bin\nio.dll
0x00007ffb26060000 - 0x00007ffb260a3000 	C:\Program Files\Java\jre\bin\t2k.dll
0x0000000180000000 - 0x0000000180025000 	C:\Users\lapry\Desktop\sangiorgio\Multiwii\MultiWii_2_3\MultiWiiConf\application.windows64\rxtxSerial.dll
0x00007ffb27c70000 - 0x00007ffb27f16000 	C:\Windows\System32\iertutil.dll
0x00007ffb3e120000 - 0x00007ffb3e314000 	C:\Windows\SYSTEM32\dbghelp.dll

VM Arguments:
java_command: MultiWiiConf
java_class_path (initial): C:\Users\lapry\Desktop\sangiorgio\Multiwii\MultiWii_2_3\MultiWiiConf\application.windows64\lib\MultiWiiConf.jar;C:\Users\lapry\Desktop\sangiorgio\Multiwii\MultiWii_2_3\MultiWiiConf\application.windows64\lib\core.jar;C:\Users\lapry\Desktop\sangiorgio\Multiwii\MultiWii_2_3\MultiWiiConf\application.windows64\lib\RXTXcomm.jar;C:\Users\lapry\Desktop\sangiorgio\Multiwii\MultiWii_2_3\MultiWiiConf\application.windows64\lib\serial.jar;C:\Users\lapry\Desktop\sangiorgio\Multiwii\MultiWii_2_3\MultiWiiConf\application.windows64\lib\controlP5.jar;C:\Users\lapry\Desktop\sangiorgio\Multiwii\MultiWii_2_3\MultiWiiConf\application.windows64\lib\gluegen-rt.jar;C:\Users\lapry\Desktop\sangiorgio\Multiwii\MultiWii_2_3\MultiWiiConf\application.windows64\lib\jogl.jar;C:\Users\lapry\Desktop\sangiorgio\Multiwii\MultiWii_2_3\MultiWiiConf\application.windows64\lib\opengl.jar
Launcher Type: SUN_STANDARD

Environment Variables:
CLASSPATH=C:\Users\lapry\Desktop\sangiorgio\Multiwii\MultiWii_2_3\MultiWiiConf\application.windows64\lib\MultiWiiConf.jar;C:\Users\lapry\Desktop\sangiorgio\Multiwii\MultiWii_2_3\MultiWiiConf\application.windows64\lib\core.jar;C:\Users\lapry\Desktop\sangiorgio\Multiwii\MultiWii_2_3\MultiWiiConf\application.windows64\lib\RXTXcomm.jar;C:\Users\lapry\Desktop\sangiorgio\Multiwii\MultiWii_2_3\MultiWiiConf\application.windows64\lib\serial.jar;C:\Users\lapry\Desktop\sangiorgio\Multiwii\MultiWii_2_3\MultiWiiConf\application.windows64\lib\controlP5.jar;C:\Users\lapry\Desktop\sangiorgio\Multiwii\MultiWii_2_3\MultiWiiConf\application.windows64\lib\gluegen-rt.jar;C:\Users\lapry\Desktop\sangiorgio\Multiwii\MultiWii_2_3\MultiWiiConf\application.windows64\lib\jogl.jar;C:\Users\lapry\Desktop\sangiorgio\Multiwii\MultiWii_2_3\MultiWiiConf\application.windows64\lib\opengl.jar
PATH=C:\Program Files (x86)\Common Files\Oracle\Java\javapath;C:\Windows\system32;C:\Windows;C:\Windows\System32\Wbem;C:\Windows\System32\WindowsPowerShell\v1.0;C:\Program Files\PowerShell\7;C:\Program Files\Java\jre\bin;C:\Users\lapry\AppData\Local\Programs\Python\Python37\Scripts;C:\Users\lapry\AppData\Local\Programs\Python\Python37;C:\Users\lapry\scoop\shims;C:\Users\lapry\AppData\Local\Microsoft\WindowsApps;C:\Users\lapry\AppData\Local\GitHubDesktop\bin;C:\Users\lapry\AppData\Local\Programs\Microsoft VS Code\bin
USERNAME=lapry
OS=Windows_NT
PROCESSOR_IDENTIFIER=Intel64 Family 6 Model 126 Stepping 5, GenuineIntel



---------------  S Y S T E M  ---------------

OS: Windows 10.0 , 64 bit Build 18362 (10.0.18362.959)

CPU:total 8 (initial active 8) (4 cores per cpu, 2 threads per core) family 6 model 126 stepping 5, cmov, cx8, fxsr, mmx, sse, sse2, sse3, ssse3, sse4.1, sse4.2, popcnt, avx, avx2, aes, clmul, erms, 3dnowpref, lzcnt, ht, tsc, tscinvbit, bmi1, bmi2, adx

Memory: 4k page, physical 16513804k(11417484k free), swap 19004172k(12205312k free)

vm_info: Java HotSpot(TM) 64-Bit Server VM (25.261-b12) for windows-amd64 JRE (1.8.0_261-b12), built on Jun 18 2020 06:56:32 by "" with unknown MS VC++:1916

time: Wed Jul 22 10:49:31 2020
timezone: ora legale Europa occidentale
elapsed time: 7 seconds (0d 0h 0m 7s)

