#
# A fatal error has been detected by the Java Runtime Environment:
#
#  EXCEPTION_ACCESS_VIOLATION (0xc0000005) at pc=0x00000001800044cb, pid=444, tid=9408
#
# JRE version: Java(TM) SE Runtime Environment (14.0.1+7) (build 14.0.1+7)
# Java VM: Java HotSpot(TM) 64-Bit Server VM (14.0.1+7, mixed mode, sharing, tiered, compressed oops, g1 gc, windows-amd64)
# Problematic frame:
# C  [rxtxSerial.dll+0x44cb]
#
# No core dump will be written. Minidumps are not enabled by default on client versions of Windows
#
# If you would like to submit a bug report, please visit:
#   https://bugreport.java.com/bugreport/crash.jsp
# The crash happened outside the Java Virtual Machine in native code.
# See problematic frame for where to report the bug.
#

---------------  S U M M A R Y ------------

Command Line: MultiWiiConf

Host: Intel(R) Core(TM) i7-1065G7 CPU @ 1.30GHz, 8 cores, 15G,  Windows 10 , 64 bit Build 18362 (10.0.18362.959)
Time: Wed Jul 22 09:58:14 2020 ora legale Europa occidentale elapsed time: 5 seconds (0d 0h 0m 5s)

---------------  T H R E A D  ---------------

Current thread (0x0000023059996000):  JavaThread "Animation Thread" [_thread_in_native, id=9408, stack(0x000000eb6d200000,0x000000eb6d300000)]

Stack: [0x000000eb6d200000,0x000000eb6d300000],  sp=0x000000eb6d2fed70,  free space=1019k
Native frames: (J=compiled Java code, j=interpreted, Vv=VM code, C=native code)
C  [rxtxSerial.dll+0x44cb]

Java frames: (J=compiled Java code, j=interpreted, Vv=VM code)
j  gnu.io.RXTXPort.nativeDrain(Z)Z+0
j  gnu.io.RXTXPort$SerialOutputStream.flush()V+92
j  processing.serial.Serial.write([B)V+12
j  MultiWiiConf.sendRequestMSP(Ljava/util/List;)V+60
j  MultiWiiConf.draw()V+934
j  processing.core.PApplet.handleDraw()V+145
j  processing.core.PApplet.run()V+72
j  java.lang.Thread.run()V+11 java.base@14.0.1
v  ~StubRoutines::call_stub

siginfo: EXCEPTION_ACCESS_VIOLATION (0xc0000005), reading address 0x000000006ddff00c


Register to memory mapping:

RIP=0x00000001800044cb rxtxSerial.dll
RAX=0x000000000000001c is an unknown value
RBX=0x0000000000000001 is an unknown value
RCX=0x000000eb6d2ff14c is pointing into the stack for thread: 0x0000023059996000
RDX=0x0 is NULL
RSP=0x000000eb6d2fed70 is pointing into the stack for thread: 0x0000023059996000
RBP=0x0000000000000001 is an unknown value
RSI=0x0 is NULL
RDI=0x0000023059996310 points into unknown readable memory: a0 1a 7d d9 ff 7f 00 00
R8 =0x000000eb6d2fea30 is pointing into the stack for thread: 0x0000023059996000
R9 =0x0000000180000000 rxtxSerial.dll
R10=0x0 is NULL
R11=0x0000000000000200 is an unknown value
R12=0x000000006ddff000 is an unknown value
R13=0x0 is NULL
R14=0x000000eb6d2ff268 is pointing into the stack for thread: 0x0000023059996000
R15=0x0000023059996000 is a thread


Registers:
RAX=0x000000000000001c, RBX=0x0000000000000001, RCX=0x000000eb6d2ff14c, RDX=0x0000000000000000
RSP=0x000000eb6d2fed70, RBP=0x0000000000000001, RSI=0x0000000000000000, RDI=0x0000023059996310
R8 =0x000000eb6d2fea30, R9 =0x0000000180000000, R10=0x0000000000000000, R11=0x0000000000000200
R12=0x000000006ddff000, R13=0x0000000000000000, R14=0x000000eb6d2ff268, R15=0x0000023059996000
RIP=0x00000001800044cb, EFLAGS=0x0000000000010206

Top of Stack: (sp=0x000000eb6d2fed70)
0x000000eb6d2fed70:   0000023066133868 000000018001c4c0
0x000000eb6d2fed80:   0000000000000000 0000000000000001
0x000000eb6d2fed90:   0000023059996000 00007fffd914ed03
0x000000eb6d2feda0:   000000eb6d2ff268 0000023059996000
0x000000eb6d2fedb0:   0000023058680150 000002305af525c0
0x000000eb6d2fedc0:   0000023059996000 0000023059996000
0x000000eb6d2fedd0:   00000008002b59a8 0000023059996000
0x000000eb6d2fede0:   000000080040baa0 000000080040e148
0x000000eb6d2fedf0:   00000008002b4a38 00007fffd9484d3a
0x000000eb6d2fee00:   0000000000000000 00007fffd93dc2a8
0x000000eb6d2fee10:   000002305af50000 00007ff814c3fb91
0x000000eb6d2fee20:   0000023032e795d0 00007fffd948458a
0x000000eb6d2fee30:   000000eb6d2feea0 0000000000000000
0x000000eb6d2fee40:   0000023032e795d0 0000000000000000
0x000000eb6d2fee50:   0000023032e795d0 00007fffd914686f
0x000000eb6d2fee60:   0000023066133868 0000023059996000 

Instructions: (pc=0x00000001800044cb)
0x00000001800043cb:   89 54 24 30 e8 3c f4 ff ff 48 8b 54 24 30 4c 8d
0x00000001800043db:   0d b4 80 01 00 4c 8d 05 b1 80 01 00 48 8b cf 8b
0x00000001800043eb:   e8 e8 1f f4 ff ff 33 db 4c 63 e0 8b cd e8 43 41
0x00000001800043fb:   00 00 ff c3 8b f0 85 c0 74 0f e8 72 63 00 00 83
0x000000018000440b:   38 04 75 05 83 fb 03 7c e2 48 8d 15 a5 80 01 00
0x000000018000441b:   48 8d 8c 24 c0 03 00 00 44 8b c6 e8 11 5e 00 00
0x000000018000442b:   85 f6 0f 84 86 00 00 00 e8 44 63 00 00 8b 08 e8
0x000000018000443b:   59 62 00 00 4c 8b 07 48 8d 15 a7 80 01 00 48 8b
0x000000018000444b:   cf 48 8b f0 41 ff 50 30 48 8b d8 48 85 c0 75 1b
0x000000018000445b:   48 8b 07 48 8b cf ff 90 80 00 00 00 4c 8b 1f 48
0x000000018000446b:   8b cf 41 ff 93 88 00 00 00 eb 43 4c 8d 0d 63 80
0x000000018000447b:   01 00 48 8d 15 7c 90 01 00 48 8d 8c 24 78 03 00
0x000000018000448b:   00 4c 8b c6 e8 a8 5d 00 00 4c 8b 1f 4c 8d 84 24
0x000000018000449b:   78 03 00 00 48 8b d3 48 8b cf 41 ff 53 70 4c 8b
0x00000001800044ab:   1f 48 8b d3 48 8b cf 41 ff 93 b8 00 00 00 45 84
0x00000001800044bb:   ed 0f 85 b7 00 00 00 4d 85 e4 0f 84 ae 00 00 00
0x00000001800044cb:   41 83 7c 24 0c 00 0f 84 a2 00 00 00 48 8d 4c 24
0x00000001800044db:   38 49 8b d4 41 b8 40 03 00 00 e8 06 64 00 00 4c
0x00000001800044eb:   8b 1f 48 8b 54 24 30 48 8b cf 41 ff 93 f8 00 00
0x00000001800044fb:   00 48 8b 54 24 30 4c 8d 0d f8 7a 01 00 4c 8d 05
0x000000018000450b:   f5 7a 01 00 48 8b cf 48 8b d8 e8 f6 f2 ff ff 4c
0x000000018000451b:   8b 1f 4c 8d 0d e4 7a 01 00 4c 8d 05 e5 7a 01 00
0x000000018000452b:   48 8b d3 48 8b cf 41 ff 93 08 01 00 00 83 bc 24
0x000000018000453b:   d0 00 00 00 01 48 8b f0 7f 34 48 85 db 74 2f 48
0x000000018000454b:   8b 17 48 8b cf ff 92 88 00 00 00 4c 8b 1f 48 8b
0x000000018000455b:   54 24 30 41 b9 02 00 00 00 4c 8b c6 48 8b cf c7
0x000000018000456b:   44 24 20 01 00 00 00 41 ff 93 28 01 00 00 32 c0
0x000000018000457b:   48 8b 8c 24 10 04 00 00 48 33 cc e8 05 5b 00 00
0x000000018000458b:   48 8b 9c 24 60 04 00 00 48 81 c4 20 04 00 00 41
0x000000018000459b:   5d 41 5c 5f 5e 5d c3 cc cc cc cc cc cc cc cc cc
0x00000001800045ab:   cc cc cc cc cc 40 53 48 83 ec 20 41 8b d8 4c 8d
0x00000001800045bb:   0d dc 7e 01 00 4c 8d 05 25 7f 01 00 e8 44 f2 ff 


Stack slot to memory mapping:
stack at sp + 0 slots: {method} {0x0000023066133870} 'nativeDrain' '(Z)Z' in 'gnu/io/RXTXPort'
stack at sp + 1 slots: 0x000000018001c4c0 rxtxSerial.dll
stack at sp + 2 slots: 0x0 is NULL
stack at sp + 3 slots: 0x0000000000000001 is an unknown value
stack at sp + 4 slots: 0x0000023059996000 is a thread
stack at sp + 5 slots: 0x00007fffd914ed03 jvm.dll
stack at sp + 6 slots: 0x000000eb6d2ff268 is pointing into the stack for thread: 0x0000023059996000
stack at sp + 7 slots: 0x0000023059996000 is a thread


---------------  P R O C E S S  ---------------

Threads class SMR info:
_java_thread_list=0x0000023059ac7bc0, length=18, elements={
0x000002305864c000, 0x0000023058650000, 0x0000023058669800, 0x000002305866b000,
0x000002305866e000, 0x0000023058677800, 0x000002305867e000, 0x0000023058689800,
0x00000230593f4800, 0x0000023059405000, 0x00000230595b9800, 0x00000230598f0800,
0x00000230598f5000, 0x000002305994e800, 0x0000023059978000, 0x0000023059996000,
0x0000023032e7e000, 0x000002305afca800
}

Java Threads: ( => current thread )
  0x000002305864c000 JavaThread "Reference Handler" daemon [_thread_blocked, id=5796, stack(0x000000eb6c200000,0x000000eb6c300000)]
  0x0000023058650000 JavaThread "Finalizer" daemon [_thread_blocked, id=4224, stack(0x000000eb6c300000,0x000000eb6c400000)]
  0x0000023058669800 JavaThread "Signal Dispatcher" daemon [_thread_blocked, id=4248, stack(0x000000eb6c400000,0x000000eb6c500000)]
  0x000002305866b000 JavaThread "Attach Listener" daemon [_thread_blocked, id=4184, stack(0x000000eb6c500000,0x000000eb6c600000)]
  0x000002305866e000 JavaThread "Service Thread" daemon [_thread_blocked, id=6208, stack(0x000000eb6c600000,0x000000eb6c700000)]
  0x0000023058677800 JavaThread "C2 CompilerThread0" daemon [_thread_blocked, id=3948, stack(0x000000eb6c700000,0x000000eb6c800000)]
  0x000002305867e000 JavaThread "C1 CompilerThread0" daemon [_thread_blocked, id=3664, stack(0x000000eb6c800000,0x000000eb6c900000)]
  0x0000023058689800 JavaThread "Sweeper thread" daemon [_thread_blocked, id=9268, stack(0x000000eb6c900000,0x000000eb6ca00000)]
  0x00000230593f4800 JavaThread "Notification Thread" daemon [_thread_blocked, id=9248, stack(0x000000eb6ca00000,0x000000eb6cb00000)]
  0x0000023059405000 JavaThread "Common-Cleaner" daemon [_thread_blocked, id=8984, stack(0x000000eb6cc00000,0x000000eb6cd00000)]
  0x00000230595b9800 JavaThread "Java2D Disposer" daemon [_thread_blocked, id=13184, stack(0x000000eb6cd00000,0x000000eb6ce00000)]
  0x00000230598f0800 JavaThread "AWT-Shutdown" [_thread_blocked, id=12740, stack(0x000000eb6ce00000,0x000000eb6cf00000)]
  0x00000230598f5000 JavaThread "AWT-Windows" daemon [_thread_in_native, id=13128, stack(0x000000eb6cf00000,0x000000eb6d000000)]
  0x000002305994e800 JavaThread "AWT-EventQueue-0" [_thread_blocked, id=9556, stack(0x000000eb6d000000,0x000000eb6d100000)]
  0x0000023059978000 JavaThread "Image Fetcher 0" daemon [_thread_blocked, id=9572, stack(0x000000eb6d100000,0x000000eb6d200000)]
=>0x0000023059996000 JavaThread "Animation Thread" [_thread_in_native, id=9408, stack(0x000000eb6d200000,0x000000eb6d300000)]
  0x0000023032e7e000 JavaThread "DestroyJavaVM" [_thread_blocked, id=6204, stack(0x000000eb6bb00000,0x000000eb6bc00000)]
  0x000002305afca800 JavaThread "Thread-0" [_thread_in_native, id=9508, stack(0x000000eb6dd00000,0x000000eb6de00000)]

Other Threads:
  0x000002305864a000 VMThread "VM Thread" [stack: 0x000000eb6c100000,0x000000eb6c200000] [id=16304]
  0x00000230593f5800 WatcherThread [stack: 0x000000eb6cb00000,0x000000eb6cc00000] [id=8988]
  0x0000023032ee4000 GCTaskThread "GC Thread#0" [stack: 0x000000eb6bc00000,0x000000eb6bd00000] [id=11760]
  0x0000023059d22800 GCTaskThread "GC Thread#1" [stack: 0x000000eb6d600000,0x000000eb6d700000] [id=9432]
  0x0000023059e66000 GCTaskThread "GC Thread#2" [stack: 0x000000eb6d700000,0x000000eb6d800000] [id=9444]
  0x000002305ac1a000 GCTaskThread "GC Thread#3" [stack: 0x000000eb6d800000,0x000000eb6d900000] [id=8860]
  0x000002305ac1b000 GCTaskThread "GC Thread#4" [stack: 0x000000eb6d900000,0x000000eb6da00000] [id=15440]
  0x000002305ac1b800 GCTaskThread "GC Thread#5" [stack: 0x000000eb6da00000,0x000000eb6db00000] [id=8740]
  0x000002305ac1c800 GCTaskThread "GC Thread#6" [stack: 0x000000eb6db00000,0x000000eb6dc00000] [id=7368]
  0x000002305ac1d000 GCTaskThread "GC Thread#7" [stack: 0x000000eb6dc00000,0x000000eb6dd00000] [id=10008]
  0x0000023032f08000 ConcurrentGCThread "G1 Main Marker" [stack: 0x000000eb6bd00000,0x000000eb6be00000] [id=4216]
  0x0000023032f0a000 ConcurrentGCThread "G1 Conc#0" [stack: 0x000000eb6be00000,0x000000eb6bf00000] [id=6184]
  0x0000023058593800 ConcurrentGCThread "G1 Refine#0" [stack: 0x000000eb6bf00000,0x000000eb6c000000] [id=7072]
  0x0000023058594800 ConcurrentGCThread "G1 Young RemSet Sampling" [stack: 0x000000eb6c000000,0x000000eb6c100000] [id=4172]

Threads with active compile tasks:

VM state:not at safepoint (normal execution)

VM Mutex/Monitor currently owned by a thread: None

Heap address: 0x0000000704000000, size: 4032 MB, Compressed Oops mode: Zero based, Oop shift amount: 3
Narrow klass base: 0x0000000800000000, Narrow klass shift: 3
Compressed class space size: 1073741824 Address: 0x0000000800b30000

Heap:
 garbage-first heap   total 258048K, used 72669K [0x0000000704000000, 0x0000000800000000)
  region size 1024K, 69 young (70656K), 1 survivors (1024K)
 Metaspace       used 11084K, capacity 11342K, committed 11520K, reserved 1060864K
  class space    used 942K, capacity 1015K, committed 1024K, reserved 1048576K
Heap Regions: E=young(eden), S=young(survivor), O=old, HS=humongous(starts), HC=humongous(continues), CS=collection set, F=free, OA=open archive, CA=closed archive, TAMS=top-at-mark-start (previous, next)
|   0|0x0000000704000000, 0x0000000704100000, 0x0000000704100000|100%| O|  |TAMS 0x0000000704000000, 0x0000000704000000| Untracked 
|   1|0x0000000704100000, 0x0000000704200000, 0x0000000704200000|100%| O|  |TAMS 0x0000000704100000, 0x0000000704100000| Untracked 
|   2|0x0000000704200000, 0x0000000704300000, 0x0000000704300000|100%| O|  |TAMS 0x0000000704200000, 0x0000000704200000| Untracked 
|   3|0x0000000704300000, 0x0000000704396600, 0x0000000704400000| 58%| O|  |TAMS 0x0000000704300000, 0x0000000704300000| Untracked 
|   4|0x0000000704400000, 0x0000000704400000, 0x0000000704500000|  0%| F|  |TAMS 0x0000000704400000, 0x0000000704400000| Untracked 
|   5|0x0000000704500000, 0x0000000704500000, 0x0000000704600000|  0%| F|  |TAMS 0x0000000704500000, 0x0000000704500000| Untracked 
|   6|0x0000000704600000, 0x0000000704600000, 0x0000000704700000|  0%| F|  |TAMS 0x0000000704600000, 0x0000000704600000| Untracked 
|   7|0x0000000704700000, 0x0000000704700000, 0x0000000704800000|  0%| F|  |TAMS 0x0000000704700000, 0x0000000704700000| Untracked 
|   8|0x0000000704800000, 0x0000000704800000, 0x0000000704900000|  0%| F|  |TAMS 0x0000000704800000, 0x0000000704800000| Untracked 
|   9|0x0000000704900000, 0x0000000704900000, 0x0000000704a00000|  0%| F|  |TAMS 0x0000000704900000, 0x0000000704900000| Untracked 
|  10|0x0000000704a00000, 0x0000000704a00000, 0x0000000704b00000|  0%| F|  |TAMS 0x0000000704a00000, 0x0000000704a00000| Untracked 
|  11|0x0000000704b00000, 0x0000000704b00000, 0x0000000704c00000|  0%| F|  |TAMS 0x0000000704b00000, 0x0000000704b00000| Untracked 
|  12|0x0000000704c00000, 0x0000000704c00000, 0x0000000704d00000|  0%| F|  |TAMS 0x0000000704c00000, 0x0000000704c00000| Untracked 
|  13|0x0000000704d00000, 0x0000000704d00000, 0x0000000704e00000|  0%| F|  |TAMS 0x0000000704d00000, 0x0000000704d00000| Untracked 
|  14|0x0000000704e00000, 0x0000000704e00000, 0x0000000704f00000|  0%| F|  |TAMS 0x0000000704e00000, 0x0000000704e00000| Untracked 
|  15|0x0000000704f00000, 0x0000000704f00000, 0x0000000705000000|  0%| F|  |TAMS 0x0000000704f00000, 0x0000000704f00000| Untracked 
|  16|0x0000000705000000, 0x0000000705000000, 0x0000000705100000|  0%| F|  |TAMS 0x0000000705000000, 0x0000000705000000| Untracked 
|  17|0x0000000705100000, 0x0000000705100000, 0x0000000705200000|  0%| F|  |TAMS 0x0000000705100000, 0x0000000705100000| Untracked 
|  18|0x0000000705200000, 0x0000000705200000, 0x0000000705300000|  0%| F|  |TAMS 0x0000000705200000, 0x0000000705200000| Untracked 
|  19|0x0000000705300000, 0x0000000705300000, 0x0000000705400000|  0%| F|  |TAMS 0x0000000705300000, 0x0000000705300000| Untracked 
|  20|0x0000000705400000, 0x0000000705400000, 0x0000000705500000|  0%| F|  |TAMS 0x0000000705400000, 0x0000000705400000| Untracked 
|  21|0x0000000705500000, 0x0000000705500000, 0x0000000705600000|  0%| F|  |TAMS 0x0000000705500000, 0x0000000705500000| Untracked 
|  22|0x0000000705600000, 0x0000000705600000, 0x0000000705700000|  0%| F|  |TAMS 0x0000000705600000, 0x0000000705600000| Untracked 
|  23|0x0000000705700000, 0x0000000705700000, 0x0000000705800000|  0%| F|  |TAMS 0x0000000705700000, 0x0000000705700000| Untracked 
|  24|0x0000000705800000, 0x0000000705800000, 0x0000000705900000|  0%| F|  |TAMS 0x0000000705800000, 0x0000000705800000| Untracked 
|  25|0x0000000705900000, 0x0000000705900000, 0x0000000705a00000|  0%| F|  |TAMS 0x0000000705900000, 0x0000000705900000| Untracked 
|  26|0x0000000705a00000, 0x0000000705a00000, 0x0000000705b00000|  0%| F|  |TAMS 0x0000000705a00000, 0x0000000705a00000| Untracked 
|  27|0x0000000705b00000, 0x0000000705b00000, 0x0000000705c00000|  0%| F|  |TAMS 0x0000000705b00000, 0x0000000705b00000| Untracked 
|  28|0x0000000705c00000, 0x0000000705c00000, 0x0000000705d00000|  0%| F|  |TAMS 0x0000000705c00000, 0x0000000705c00000| Untracked 
|  29|0x0000000705d00000, 0x0000000705d00000, 0x0000000705e00000|  0%| F|  |TAMS 0x0000000705d00000, 0x0000000705d00000| Untracked 
|  30|0x0000000705e00000, 0x0000000705e00000, 0x0000000705f00000|  0%| F|  |TAMS 0x0000000705e00000, 0x0000000705e00000| Untracked 
|  31|0x0000000705f00000, 0x0000000705f00000, 0x0000000706000000|  0%| F|  |TAMS 0x0000000705f00000, 0x0000000705f00000| Untracked 
|  32|0x0000000706000000, 0x0000000706000000, 0x0000000706100000|  0%| F|  |TAMS 0x0000000706000000, 0x0000000706000000| Untracked 
|  33|0x0000000706100000, 0x0000000706100000, 0x0000000706200000|  0%| F|  |TAMS 0x0000000706100000, 0x0000000706100000| Untracked 
|  34|0x0000000706200000, 0x0000000706200000, 0x0000000706300000|  0%| F|  |TAMS 0x0000000706200000, 0x0000000706200000| Untracked 
|  35|0x0000000706300000, 0x0000000706300000, 0x0000000706400000|  0%| F|  |TAMS 0x0000000706300000, 0x0000000706300000| Untracked 
|  36|0x0000000706400000, 0x0000000706400000, 0x0000000706500000|  0%| F|  |TAMS 0x0000000706400000, 0x0000000706400000| Untracked 
|  37|0x0000000706500000, 0x0000000706500000, 0x0000000706600000|  0%| F|  |TAMS 0x0000000706500000, 0x0000000706500000| Untracked 
|  38|0x0000000706600000, 0x0000000706600000, 0x0000000706700000|  0%| F|  |TAMS 0x0000000706600000, 0x0000000706600000| Untracked 
|  39|0x0000000706700000, 0x0000000706700000, 0x0000000706800000|  0%| F|  |TAMS 0x0000000706700000, 0x0000000706700000| Untracked 
|  40|0x0000000706800000, 0x0000000706800000, 0x0000000706900000|  0%| F|  |TAMS 0x0000000706800000, 0x0000000706800000| Untracked 
|  41|0x0000000706900000, 0x0000000706900000, 0x0000000706a00000|  0%| F|  |TAMS 0x0000000706900000, 0x0000000706900000| Untracked 
|  42|0x0000000706a00000, 0x0000000706a00000, 0x0000000706b00000|  0%| F|  |TAMS 0x0000000706a00000, 0x0000000706a00000| Untracked 
|  43|0x0000000706b00000, 0x0000000706b00000, 0x0000000706c00000|  0%| F|  |TAMS 0x0000000706b00000, 0x0000000706b00000| Untracked 
|  44|0x0000000706c00000, 0x0000000706c00000, 0x0000000706d00000|  0%| F|  |TAMS 0x0000000706c00000, 0x0000000706c00000| Untracked 
|  45|0x0000000706d00000, 0x0000000706d00000, 0x0000000706e00000|  0%| F|  |TAMS 0x0000000706d00000, 0x0000000706d00000| Untracked 
|  46|0x0000000706e00000, 0x0000000706e00000, 0x0000000706f00000|  0%| F|  |TAMS 0x0000000706e00000, 0x0000000706e00000| Untracked 
|  47|0x0000000706f00000, 0x0000000706f00000, 0x0000000707000000|  0%| F|  |TAMS 0x0000000706f00000, 0x0000000706f00000| Untracked 
|  48|0x0000000707000000, 0x0000000707000000, 0x0000000707100000|  0%| F|  |TAMS 0x0000000707000000, 0x0000000707000000| Untracked 
|  49|0x0000000707100000, 0x0000000707100000, 0x0000000707200000|  0%| F|  |TAMS 0x0000000707100000, 0x0000000707100000| Untracked 
|  50|0x0000000707200000, 0x0000000707200000, 0x0000000707300000|  0%| F|  |TAMS 0x0000000707200000, 0x0000000707200000| Untracked 
|  51|0x0000000707300000, 0x0000000707300000, 0x0000000707400000|  0%| F|  |TAMS 0x0000000707300000, 0x0000000707300000| Untracked 
|  52|0x0000000707400000, 0x0000000707400000, 0x0000000707500000|  0%| F|  |TAMS 0x0000000707400000, 0x0000000707400000| Untracked 
|  53|0x0000000707500000, 0x0000000707500000, 0x0000000707600000|  0%| F|  |TAMS 0x0000000707500000, 0x0000000707500000| Untracked 
|  54|0x0000000707600000, 0x0000000707600000, 0x0000000707700000|  0%| F|  |TAMS 0x0000000707600000, 0x0000000707600000| Untracked 
|  55|0x0000000707700000, 0x0000000707700000, 0x0000000707800000|  0%| F|  |TAMS 0x0000000707700000, 0x0000000707700000| Untracked 
|  56|0x0000000707800000, 0x0000000707800000, 0x0000000707900000|  0%| F|  |TAMS 0x0000000707800000, 0x0000000707800000| Untracked 
|  57|0x0000000707900000, 0x0000000707900000, 0x0000000707a00000|  0%| F|  |TAMS 0x0000000707900000, 0x0000000707900000| Untracked 
|  58|0x0000000707a00000, 0x0000000707a00000, 0x0000000707b00000|  0%| F|  |TAMS 0x0000000707a00000, 0x0000000707a00000| Untracked 
|  59|0x0000000707b00000, 0x0000000707b00000, 0x0000000707c00000|  0%| F|  |TAMS 0x0000000707b00000, 0x0000000707b00000| Untracked 
|  60|0x0000000707c00000, 0x0000000707c00000, 0x0000000707d00000|  0%| F|  |TAMS 0x0000000707c00000, 0x0000000707c00000| Untracked 
|  61|0x0000000707d00000, 0x0000000707d00000, 0x0000000707e00000|  0%| F|  |TAMS 0x0000000707d00000, 0x0000000707d00000| Untracked 
|  62|0x0000000707e00000, 0x0000000707e00000, 0x0000000707f00000|  0%| F|  |TAMS 0x0000000707e00000, 0x0000000707e00000| Untracked 
|  63|0x0000000707f00000, 0x0000000707f00000, 0x0000000708000000|  0%| F|  |TAMS 0x0000000707f00000, 0x0000000707f00000| Untracked 
|  64|0x0000000708000000, 0x0000000708000000, 0x0000000708100000|  0%| F|  |TAMS 0x0000000708000000, 0x0000000708000000| Untracked 
|  65|0x0000000708100000, 0x0000000708100000, 0x0000000708200000|  0%| F|  |TAMS 0x0000000708100000, 0x0000000708100000| Untracked 
|  66|0x0000000708200000, 0x0000000708200000, 0x0000000708300000|  0%| F|  |TAMS 0x0000000708200000, 0x0000000708200000| Untracked 
|  67|0x0000000708300000, 0x0000000708300000, 0x0000000708400000|  0%| F|  |TAMS 0x0000000708300000, 0x0000000708300000| Untracked 
|  68|0x0000000708400000, 0x0000000708400000, 0x0000000708500000|  0%| F|  |TAMS 0x0000000708400000, 0x0000000708400000| Untracked 
|  69|0x0000000708500000, 0x0000000708500000, 0x0000000708600000|  0%| F|  |TAMS 0x0000000708500000, 0x0000000708500000| Untracked 
|  70|0x0000000708600000, 0x0000000708600000, 0x0000000708700000|  0%| F|  |TAMS 0x0000000708600000, 0x0000000708600000| Untracked 
|  71|0x0000000708700000, 0x0000000708700000, 0x0000000708800000|  0%| F|  |TAMS 0x0000000708700000, 0x0000000708700000| Untracked 
|  72|0x0000000708800000, 0x0000000708800000, 0x0000000708900000|  0%| F|  |TAMS 0x0000000708800000, 0x0000000708800000| Untracked 
|  73|0x0000000708900000, 0x0000000708900000, 0x0000000708a00000|  0%| F|  |TAMS 0x0000000708900000, 0x0000000708900000| Untracked 
|  74|0x0000000708a00000, 0x0000000708a00000, 0x0000000708b00000|  0%| F|  |TAMS 0x0000000708a00000, 0x0000000708a00000| Untracked 
|  75|0x0000000708b00000, 0x0000000708b00000, 0x0000000708c00000|  0%| F|  |TAMS 0x0000000708b00000, 0x0000000708b00000| Untracked 
|  76|0x0000000708c00000, 0x0000000708c00000, 0x0000000708d00000|  0%| F|  |TAMS 0x0000000708c00000, 0x0000000708c00000| Untracked 
|  77|0x0000000708d00000, 0x0000000708d00000, 0x0000000708e00000|  0%| F|  |TAMS 0x0000000708d00000, 0x0000000708d00000| Untracked 
|  78|0x0000000708e00000, 0x0000000708e00000, 0x0000000708f00000|  0%| F|  |TAMS 0x0000000708e00000, 0x0000000708e00000| Untracked 
|  79|0x0000000708f00000, 0x0000000708f00000, 0x0000000709000000|  0%| F|  |TAMS 0x0000000708f00000, 0x0000000708f00000| Untracked 
|  80|0x0000000709000000, 0x0000000709000000, 0x0000000709100000|  0%| F|  |TAMS 0x0000000709000000, 0x0000000709000000| Untracked 
|  81|0x0000000709100000, 0x0000000709100000, 0x0000000709200000|  0%| F|  |TAMS 0x0000000709100000, 0x0000000709100000| Untracked 
|  82|0x0000000709200000, 0x0000000709200000, 0x0000000709300000|  0%| F|  |TAMS 0x0000000709200000, 0x0000000709200000| Untracked 
|  83|0x0000000709300000, 0x0000000709300000, 0x0000000709400000|  0%| F|  |TAMS 0x0000000709300000, 0x0000000709300000| Untracked 
|  84|0x0000000709400000, 0x0000000709400000, 0x0000000709500000|  0%| F|  |TAMS 0x0000000709400000, 0x0000000709400000| Untracked 
|  85|0x0000000709500000, 0x0000000709500000, 0x0000000709600000|  0%| F|  |TAMS 0x0000000709500000, 0x0000000709500000| Untracked 
|  86|0x0000000709600000, 0x0000000709600000, 0x0000000709700000|  0%| F|  |TAMS 0x0000000709600000, 0x0000000709600000| Untracked 
|  87|0x0000000709700000, 0x0000000709700000, 0x0000000709800000|  0%| F|  |TAMS 0x0000000709700000, 0x0000000709700000| Untracked 
|  88|0x0000000709800000, 0x0000000709800000, 0x0000000709900000|  0%| F|  |TAMS 0x0000000709800000, 0x0000000709800000| Untracked 
|  89|0x0000000709900000, 0x0000000709900000, 0x0000000709a00000|  0%| F|  |TAMS 0x0000000709900000, 0x0000000709900000| Untracked 
|  90|0x0000000709a00000, 0x0000000709a00000, 0x0000000709b00000|  0%| F|  |TAMS 0x0000000709a00000, 0x0000000709a00000| Untracked 
|  91|0x0000000709b00000, 0x0000000709b00000, 0x0000000709c00000|  0%| F|  |TAMS 0x0000000709b00000, 0x0000000709b00000| Untracked 
|  92|0x0000000709c00000, 0x0000000709c00000, 0x0000000709d00000|  0%| F|  |TAMS 0x0000000709c00000, 0x0000000709c00000| Untracked 
|  93|0x0000000709d00000, 0x0000000709d00000, 0x0000000709e00000|  0%| F|  |TAMS 0x0000000709d00000, 0x0000000709d00000| Untracked 
|  94|0x0000000709e00000, 0x0000000709e00000, 0x0000000709f00000|  0%| F|  |TAMS 0x0000000709e00000, 0x0000000709e00000| Untracked 
|  95|0x0000000709f00000, 0x0000000709f00000, 0x000000070a000000|  0%| F|  |TAMS 0x0000000709f00000, 0x0000000709f00000| Untracked 
|  96|0x000000070a000000, 0x000000070a000000, 0x000000070a100000|  0%| F|  |TAMS 0x000000070a000000, 0x000000070a000000| Untracked 
|  97|0x000000070a100000, 0x000000070a100000, 0x000000070a200000|  0%| F|  |TAMS 0x000000070a100000, 0x000000070a100000| Untracked 
|  98|0x000000070a200000, 0x000000070a200000, 0x000000070a300000|  0%| F|  |TAMS 0x000000070a200000, 0x000000070a200000| Untracked 
|  99|0x000000070a300000, 0x000000070a300000, 0x000000070a400000|  0%| F|  |TAMS 0x000000070a300000, 0x000000070a300000| Untracked 
| 100|0x000000070a400000, 0x000000070a400000, 0x000000070a500000|  0%| F|  |TAMS 0x000000070a400000, 0x000000070a400000| Untracked 
| 101|0x000000070a500000, 0x000000070a500000, 0x000000070a600000|  0%| F|  |TAMS 0x000000070a500000, 0x000000070a500000| Untracked 
| 102|0x000000070a600000, 0x000000070a600000, 0x000000070a700000|  0%| F|  |TAMS 0x000000070a600000, 0x000000070a600000| Untracked 
| 103|0x000000070a700000, 0x000000070a700000, 0x000000070a800000|  0%| F|  |TAMS 0x000000070a700000, 0x000000070a700000| Untracked 
| 104|0x000000070a800000, 0x000000070a800000, 0x000000070a900000|  0%| F|  |TAMS 0x000000070a800000, 0x000000070a800000| Untracked 
| 105|0x000000070a900000, 0x000000070a900000, 0x000000070aa00000|  0%| F|  |TAMS 0x000000070a900000, 0x000000070a900000| Untracked 
| 106|0x000000070aa00000, 0x000000070aa00000, 0x000000070ab00000|  0%| F|  |TAMS 0x000000070aa00000, 0x000000070aa00000| Untracked 
| 107|0x000000070ab00000, 0x000000070ab00000, 0x000000070ac00000|  0%| F|  |TAMS 0x000000070ab00000, 0x000000070ab00000| Untracked 
| 108|0x000000070ac00000, 0x000000070ac00000, 0x000000070ad00000|  0%| F|  |TAMS 0x000000070ac00000, 0x000000070ac00000| Untracked 
| 109|0x000000070ad00000, 0x000000070ad00000, 0x000000070ae00000|  0%| F|  |TAMS 0x000000070ad00000, 0x000000070ad00000| Untracked 
| 110|0x000000070ae00000, 0x000000070ae00000, 0x000000070af00000|  0%| F|  |TAMS 0x000000070ae00000, 0x000000070ae00000| Untracked 
| 111|0x000000070af00000, 0x000000070af00000, 0x000000070b000000|  0%| F|  |TAMS 0x000000070af00000, 0x000000070af00000| Untracked 
| 112|0x000000070b000000, 0x000000070b000000, 0x000000070b100000|  0%| F|  |TAMS 0x000000070b000000, 0x000000070b000000| Untracked 
| 113|0x000000070b100000, 0x000000070b100000, 0x000000070b200000|  0%| F|  |TAMS 0x000000070b100000, 0x000000070b100000| Untracked 
| 114|0x000000070b200000, 0x000000070b200000, 0x000000070b300000|  0%| F|  |TAMS 0x000000070b200000, 0x000000070b200000| Untracked 
| 115|0x000000070b300000, 0x000000070b300000, 0x000000070b400000|  0%| F|  |TAMS 0x000000070b300000, 0x000000070b300000| Untracked 
| 116|0x000000070b400000, 0x000000070b400000, 0x000000070b500000|  0%| F|  |TAMS 0x000000070b400000, 0x000000070b400000| Untracked 
| 117|0x000000070b500000, 0x000000070b500000, 0x000000070b600000|  0%| F|  |TAMS 0x000000070b500000, 0x000000070b500000| Untracked 
| 118|0x000000070b600000, 0x000000070b600000, 0x000000070b700000|  0%| F|  |TAMS 0x000000070b600000, 0x000000070b600000| Untracked 
| 119|0x000000070b700000, 0x000000070b700000, 0x000000070b800000|  0%| F|  |TAMS 0x000000070b700000, 0x000000070b700000| Untracked 
| 120|0x000000070b800000, 0x000000070b800000, 0x000000070b900000|  0%| F|  |TAMS 0x000000070b800000, 0x000000070b800000| Untracked 
| 121|0x000000070b900000, 0x000000070b900000, 0x000000070ba00000|  0%| F|  |TAMS 0x000000070b900000, 0x000000070b900000| Untracked 
| 122|0x000000070ba00000, 0x000000070ba00000, 0x000000070bb00000|  0%| F|  |TAMS 0x000000070ba00000, 0x000000070ba00000| Untracked 
| 123|0x000000070bb00000, 0x000000070bb00000, 0x000000070bc00000|  0%| F|  |TAMS 0x000000070bb00000, 0x000000070bb00000| Untracked 
| 124|0x000000070bc00000, 0x000000070bc00000, 0x000000070bd00000|  0%| F|  |TAMS 0x000000070bc00000, 0x000000070bc00000| Untracked 
| 125|0x000000070bd00000, 0x000000070bd00000, 0x000000070be00000|  0%| F|  |TAMS 0x000000070bd00000, 0x000000070bd00000| Untracked 
| 126|0x000000070be00000, 0x000000070be00000, 0x000000070bf00000|  0%| F|  |TAMS 0x000000070be00000, 0x000000070be00000| Untracked 
| 127|0x000000070bf00000, 0x000000070bf00000, 0x000000070c000000|  0%| F|  |TAMS 0x000000070bf00000, 0x000000070bf00000| Untracked 
| 128|0x000000070c000000, 0x000000070c000000, 0x000000070c100000|  0%| F|  |TAMS 0x000000070c000000, 0x000000070c000000| Untracked 
| 129|0x000000070c100000, 0x000000070c100000, 0x000000070c200000|  0%| F|  |TAMS 0x000000070c100000, 0x000000070c100000| Untracked 
| 130|0x000000070c200000, 0x000000070c200000, 0x000000070c300000|  0%| F|  |TAMS 0x000000070c200000, 0x000000070c200000| Untracked 
| 131|0x000000070c300000, 0x000000070c300000, 0x000000070c400000|  0%| F|  |TAMS 0x000000070c300000, 0x000000070c300000| Untracked 
| 132|0x000000070c400000, 0x000000070c400000, 0x000000070c500000|  0%| F|  |TAMS 0x000000070c400000, 0x000000070c400000| Untracked 
| 133|0x000000070c500000, 0x000000070c500000, 0x000000070c600000|  0%| F|  |TAMS 0x000000070c500000, 0x000000070c500000| Untracked 
| 134|0x000000070c600000, 0x000000070c600000, 0x000000070c700000|  0%| F|  |TAMS 0x000000070c600000, 0x000000070c600000| Untracked 
| 135|0x000000070c700000, 0x000000070c700000, 0x000000070c800000|  0%| F|  |TAMS 0x000000070c700000, 0x000000070c700000| Untracked 
| 136|0x000000070c800000, 0x000000070c800000, 0x000000070c900000|  0%| F|  |TAMS 0x000000070c800000, 0x000000070c800000| Untracked 
| 137|0x000000070c900000, 0x000000070c900000, 0x000000070ca00000|  0%| F|  |TAMS 0x000000070c900000, 0x000000070c900000| Untracked 
| 138|0x000000070ca00000, 0x000000070ca00000, 0x000000070cb00000|  0%| F|  |TAMS 0x000000070ca00000, 0x000000070ca00000| Untracked 
| 139|0x000000070cb00000, 0x000000070cb00000, 0x000000070cc00000|  0%| F|  |TAMS 0x000000070cb00000, 0x000000070cb00000| Untracked 
| 140|0x000000070cc00000, 0x000000070cc00000, 0x000000070cd00000|  0%| F|  |TAMS 0x000000070cc00000, 0x000000070cc00000| Untracked 
| 141|0x000000070cd00000, 0x000000070cd00000, 0x000000070ce00000|  0%| F|  |TAMS 0x000000070cd00000, 0x000000070cd00000| Untracked 
| 142|0x000000070ce00000, 0x000000070ce00000, 0x000000070cf00000|  0%| F|  |TAMS 0x000000070ce00000, 0x000000070ce00000| Untracked 
| 143|0x000000070cf00000, 0x000000070cf00000, 0x000000070d000000|  0%| F|  |TAMS 0x000000070cf00000, 0x000000070cf00000| Untracked 
| 144|0x000000070d000000, 0x000000070d000000, 0x000000070d100000|  0%| F|  |TAMS 0x000000070d000000, 0x000000070d000000| Untracked 
| 145|0x000000070d100000, 0x000000070d100000, 0x000000070d200000|  0%| F|  |TAMS 0x000000070d100000, 0x000000070d100000| Untracked 
| 146|0x000000070d200000, 0x000000070d200000, 0x000000070d300000|  0%| F|  |TAMS 0x000000070d200000, 0x000000070d200000| Untracked 
| 147|0x000000070d300000, 0x000000070d300000, 0x000000070d400000|  0%| F|  |TAMS 0x000000070d300000, 0x000000070d300000| Untracked 
| 148|0x000000070d400000, 0x000000070d400000, 0x000000070d500000|  0%| F|  |TAMS 0x000000070d400000, 0x000000070d400000| Untracked 
| 149|0x000000070d500000, 0x000000070d500000, 0x000000070d600000|  0%| F|  |TAMS 0x000000070d500000, 0x000000070d500000| Untracked 
| 150|0x000000070d600000, 0x000000070d600000, 0x000000070d700000|  0%| F|  |TAMS 0x000000070d600000, 0x000000070d600000| Untracked 
| 151|0x000000070d700000, 0x000000070d700000, 0x000000070d800000|  0%| F|  |TAMS 0x000000070d700000, 0x000000070d700000| Untracked 
| 152|0x000000070d800000, 0x000000070d800000, 0x000000070d900000|  0%| F|  |TAMS 0x000000070d800000, 0x000000070d800000| Untracked 
| 153|0x000000070d900000, 0x000000070d900000, 0x000000070da00000|  0%| F|  |TAMS 0x000000070d900000, 0x000000070d900000| Untracked 
| 154|0x000000070da00000, 0x000000070da00000, 0x000000070db00000|  0%| F|  |TAMS 0x000000070da00000, 0x000000070da00000| Untracked 
| 155|0x000000070db00000, 0x000000070db00000, 0x000000070dc00000|  0%| F|  |TAMS 0x000000070db00000, 0x000000070db00000| Untracked 
| 156|0x000000070dc00000, 0x000000070dc00000, 0x000000070dd00000|  0%| F|  |TAMS 0x000000070dc00000, 0x000000070dc00000| Untracked 
| 157|0x000000070dd00000, 0x000000070dd00000, 0x000000070de00000|  0%| F|  |TAMS 0x000000070dd00000, 0x000000070dd00000| Untracked 
| 158|0x000000070de00000, 0x000000070de00000, 0x000000070df00000|  0%| F|  |TAMS 0x000000070de00000, 0x000000070de00000| Untracked 
| 159|0x000000070df00000, 0x000000070df00000, 0x000000070e000000|  0%| F|  |TAMS 0x000000070df00000, 0x000000070df00000| Untracked 
| 160|0x000000070e000000, 0x000000070e000000, 0x000000070e100000|  0%| F|  |TAMS 0x000000070e000000, 0x000000070e000000| Untracked 
| 161|0x000000070e100000, 0x000000070e100000, 0x000000070e200000|  0%| F|  |TAMS 0x000000070e100000, 0x000000070e100000| Untracked 
| 162|0x000000070e200000, 0x000000070e200000, 0x000000070e300000|  0%| F|  |TAMS 0x000000070e200000, 0x000000070e200000| Untracked 
| 163|0x000000070e300000, 0x000000070e300000, 0x000000070e400000|  0%| F|  |TAMS 0x000000070e300000, 0x000000070e300000| Untracked 
| 164|0x000000070e400000, 0x000000070e400000, 0x000000070e500000|  0%| F|  |TAMS 0x000000070e400000, 0x000000070e400000| Untracked 
| 165|0x000000070e500000, 0x000000070e500000, 0x000000070e600000|  0%| F|  |TAMS 0x000000070e500000, 0x000000070e500000| Untracked 
| 166|0x000000070e600000, 0x000000070e600000, 0x000000070e700000|  0%| F|  |TAMS 0x000000070e600000, 0x000000070e600000| Untracked 
| 167|0x000000070e700000, 0x000000070e700000, 0x000000070e800000|  0%| F|  |TAMS 0x000000070e700000, 0x000000070e700000| Untracked 
| 168|0x000000070e800000, 0x000000070e800000, 0x000000070e900000|  0%| F|  |TAMS 0x000000070e800000, 0x000000070e800000| Untracked 
| 169|0x000000070e900000, 0x000000070e900000, 0x000000070ea00000|  0%| F|  |TAMS 0x000000070e900000, 0x000000070e900000| Untracked 
| 170|0x000000070ea00000, 0x000000070ea00000, 0x000000070eb00000|  0%| F|  |TAMS 0x000000070ea00000, 0x000000070ea00000| Untracked 
| 171|0x000000070eb00000, 0x000000070eb00000, 0x000000070ec00000|  0%| F|  |TAMS 0x000000070eb00000, 0x000000070eb00000| Untracked 
| 172|0x000000070ec00000, 0x000000070ec00000, 0x000000070ed00000|  0%| F|  |TAMS 0x000000070ec00000, 0x000000070ec00000| Untracked 
| 173|0x000000070ed00000, 0x000000070ed00000, 0x000000070ee00000|  0%| F|  |TAMS 0x000000070ed00000, 0x000000070ed00000| Untracked 
| 174|0x000000070ee00000, 0x000000070ee00000, 0x000000070ef00000|  0%| F|  |TAMS 0x000000070ee00000, 0x000000070ee00000| Untracked 
| 175|0x000000070ef00000, 0x000000070ef00000, 0x000000070f000000|  0%| F|  |TAMS 0x000000070ef00000, 0x000000070ef00000| Untracked 
| 176|0x000000070f000000, 0x000000070f000000, 0x000000070f100000|  0%| F|  |TAMS 0x000000070f000000, 0x000000070f000000| Untracked 
| 177|0x000000070f100000, 0x000000070f100000, 0x000000070f200000|  0%| F|  |TAMS 0x000000070f100000, 0x000000070f100000| Untracked 
| 178|0x000000070f200000, 0x000000070f200000, 0x000000070f300000|  0%| F|  |TAMS 0x000000070f200000, 0x000000070f200000| Untracked 
| 179|0x000000070f300000, 0x000000070f300000, 0x000000070f400000|  0%| F|  |TAMS 0x000000070f300000, 0x000000070f300000| Untracked 
| 180|0x000000070f400000, 0x000000070f400000, 0x000000070f500000|  0%| F|  |TAMS 0x000000070f400000, 0x000000070f400000| Untracked 
| 181|0x000000070f500000, 0x000000070f500000, 0x000000070f600000|  0%| F|  |TAMS 0x000000070f500000, 0x000000070f500000| Untracked 
| 182|0x000000070f600000, 0x000000070f600000, 0x000000070f700000|  0%| F|  |TAMS 0x000000070f600000, 0x000000070f600000| Untracked 
| 183|0x000000070f700000, 0x000000070f780800, 0x000000070f800000| 50%| E|  |TAMS 0x000000070f700000, 0x000000070f700000| Complete 
| 184|0x000000070f800000, 0x000000070f900000, 0x000000070f900000|100%| E|CS|TAMS 0x000000070f800000, 0x000000070f800000| Complete 
| 185|0x000000070f900000, 0x000000070fa00000, 0x000000070fa00000|100%| E|CS|TAMS 0x000000070f900000, 0x000000070f900000| Complete 
| 186|0x000000070fa00000, 0x000000070fb00000, 0x000000070fb00000|100%| E|CS|TAMS 0x000000070fa00000, 0x000000070fa00000| Complete 
| 187|0x000000070fb00000, 0x000000070fc00000, 0x000000070fc00000|100%| E|CS|TAMS 0x000000070fb00000, 0x000000070fb00000| Complete 
| 188|0x000000070fc00000, 0x000000070fd00000, 0x000000070fd00000|100%| E|CS|TAMS 0x000000070fc00000, 0x000000070fc00000| Complete 
| 189|0x000000070fd00000, 0x000000070fe00000, 0x000000070fe00000|100%| E|CS|TAMS 0x000000070fd00000, 0x000000070fd00000| Complete 
| 190|0x000000070fe00000, 0x000000070ff00000, 0x000000070ff00000|100%| E|CS|TAMS 0x000000070fe00000, 0x000000070fe00000| Complete 
| 191|0x000000070ff00000, 0x0000000710000000, 0x0000000710000000|100%| E|CS|TAMS 0x000000070ff00000, 0x000000070ff00000| Complete 
| 192|0x0000000710000000, 0x0000000710100000, 0x0000000710100000|100%| E|CS|TAMS 0x0000000710000000, 0x0000000710000000| Complete 
| 193|0x0000000710100000, 0x0000000710200000, 0x0000000710200000|100%| E|CS|TAMS 0x0000000710100000, 0x0000000710100000| Complete 
| 194|0x0000000710200000, 0x0000000710300000, 0x0000000710300000|100%| E|CS|TAMS 0x0000000710200000, 0x0000000710200000| Complete 
| 195|0x0000000710300000, 0x0000000710400000, 0x0000000710400000|100%| E|CS|TAMS 0x0000000710300000, 0x0000000710300000| Complete 
| 196|0x0000000710400000, 0x0000000710500000, 0x0000000710500000|100%| E|CS|TAMS 0x0000000710400000, 0x0000000710400000| Complete 
| 197|0x0000000710500000, 0x0000000710600000, 0x0000000710600000|100%| E|CS|TAMS 0x0000000710500000, 0x0000000710500000| Complete 
| 198|0x0000000710600000, 0x0000000710700000, 0x0000000710700000|100%| E|CS|TAMS 0x0000000710600000, 0x0000000710600000| Complete 
| 199|0x0000000710700000, 0x0000000710800000, 0x0000000710800000|100%| E|CS|TAMS 0x0000000710700000, 0x0000000710700000| Complete 
| 200|0x0000000710800000, 0x0000000710900000, 0x0000000710900000|100%| E|CS|TAMS 0x0000000710800000, 0x0000000710800000| Complete 
| 201|0x0000000710900000, 0x0000000710a00000, 0x0000000710a00000|100%| E|CS|TAMS 0x0000000710900000, 0x0000000710900000| Complete 
| 202|0x0000000710a00000, 0x0000000710b00000, 0x0000000710b00000|100%| E|CS|TAMS 0x0000000710a00000, 0x0000000710a00000| Complete 
| 203|0x0000000710b00000, 0x0000000710c00000, 0x0000000710c00000|100%| E|CS|TAMS 0x0000000710b00000, 0x0000000710b00000| Complete 
| 204|0x0000000710c00000, 0x0000000710d00000, 0x0000000710d00000|100%| E|CS|TAMS 0x0000000710c00000, 0x0000000710c00000| Complete 
| 205|0x0000000710d00000, 0x0000000710e00000, 0x0000000710e00000|100%| E|CS|TAMS 0x0000000710d00000, 0x0000000710d00000| Complete 
| 206|0x0000000710e00000, 0x0000000710f00000, 0x0000000710f00000|100%| E|CS|TAMS 0x0000000710e00000, 0x0000000710e00000| Complete 
| 207|0x0000000710f00000, 0x0000000711000000, 0x0000000711000000|100%| E|CS|TAMS 0x0000000710f00000, 0x0000000710f00000| Complete 
| 208|0x0000000711000000, 0x0000000711100000, 0x0000000711100000|100%| E|CS|TAMS 0x0000000711000000, 0x0000000711000000| Complete 
| 209|0x0000000711100000, 0x0000000711200000, 0x0000000711200000|100%| E|CS|TAMS 0x0000000711100000, 0x0000000711100000| Complete 
| 210|0x0000000711200000, 0x0000000711300000, 0x0000000711300000|100%| E|CS|TAMS 0x0000000711200000, 0x0000000711200000| Complete 
| 211|0x0000000711300000, 0x0000000711400000, 0x0000000711400000|100%| E|CS|TAMS 0x0000000711300000, 0x0000000711300000| Complete 
| 212|0x0000000711400000, 0x0000000711500000, 0x0000000711500000|100%| E|CS|TAMS 0x0000000711400000, 0x0000000711400000| Complete 
| 213|0x0000000711500000, 0x0000000711600000, 0x0000000711600000|100%| E|CS|TAMS 0x0000000711500000, 0x0000000711500000| Complete 
| 214|0x0000000711600000, 0x0000000711700000, 0x0000000711700000|100%| E|CS|TAMS 0x0000000711600000, 0x0000000711600000| Complete 
| 215|0x0000000711700000, 0x0000000711800000, 0x0000000711800000|100%| E|CS|TAMS 0x0000000711700000, 0x0000000711700000| Complete 
| 216|0x0000000711800000, 0x0000000711900000, 0x0000000711900000|100%| E|CS|TAMS 0x0000000711800000, 0x0000000711800000| Complete 
| 217|0x0000000711900000, 0x0000000711a00000, 0x0000000711a00000|100%| E|CS|TAMS 0x0000000711900000, 0x0000000711900000| Complete 
| 218|0x0000000711a00000, 0x0000000711a611c8, 0x0000000711b00000| 37%| S|CS|TAMS 0x0000000711a00000, 0x0000000711a00000| Complete 
| 219|0x0000000711b00000, 0x0000000711c00000, 0x0000000711c00000|100%| E|CS|TAMS 0x0000000711b00000, 0x0000000711b00000| Complete 
| 220|0x0000000711c00000, 0x0000000711d00000, 0x0000000711d00000|100%| E|CS|TAMS 0x0000000711c00000, 0x0000000711c00000| Complete 
| 221|0x0000000711d00000, 0x0000000711e00000, 0x0000000711e00000|100%| E|CS|TAMS 0x0000000711d00000, 0x0000000711d00000| Complete 
| 222|0x0000000711e00000, 0x0000000711f00000, 0x0000000711f00000|100%| E|CS|TAMS 0x0000000711e00000, 0x0000000711e00000| Complete 
| 223|0x0000000711f00000, 0x0000000712000000, 0x0000000712000000|100%| E|CS|TAMS 0x0000000711f00000, 0x0000000711f00000| Complete 
| 224|0x0000000712000000, 0x0000000712100000, 0x0000000712100000|100%| E|CS|TAMS 0x0000000712000000, 0x0000000712000000| Complete 
| 225|0x0000000712100000, 0x0000000712200000, 0x0000000712200000|100%| E|CS|TAMS 0x0000000712100000, 0x0000000712100000| Complete 
| 226|0x0000000712200000, 0x0000000712300000, 0x0000000712300000|100%| E|CS|TAMS 0x0000000712200000, 0x0000000712200000| Complete 
| 227|0x0000000712300000, 0x0000000712400000, 0x0000000712400000|100%| E|CS|TAMS 0x0000000712300000, 0x0000000712300000| Complete 
| 228|0x0000000712400000, 0x0000000712500000, 0x0000000712500000|100%| E|CS|TAMS 0x0000000712400000, 0x0000000712400000| Complete 
| 229|0x0000000712500000, 0x0000000712600000, 0x0000000712600000|100%| E|CS|TAMS 0x0000000712500000, 0x0000000712500000| Complete 
| 230|0x0000000712600000, 0x0000000712700000, 0x0000000712700000|100%| E|CS|TAMS 0x0000000712600000, 0x0000000712600000| Complete 
| 231|0x0000000712700000, 0x0000000712800000, 0x0000000712800000|100%| E|CS|TAMS 0x0000000712700000, 0x0000000712700000| Complete 
| 232|0x0000000712800000, 0x0000000712900000, 0x0000000712900000|100%| E|CS|TAMS 0x0000000712800000, 0x0000000712800000| Complete 
| 233|0x0000000712900000, 0x0000000712a00000, 0x0000000712a00000|100%| E|CS|TAMS 0x0000000712900000, 0x0000000712900000| Complete 
| 234|0x0000000712a00000, 0x0000000712b00000, 0x0000000712b00000|100%| E|CS|TAMS 0x0000000712a00000, 0x0000000712a00000| Complete 
| 235|0x0000000712b00000, 0x0000000712c00000, 0x0000000712c00000|100%| E|CS|TAMS 0x0000000712b00000, 0x0000000712b00000| Complete 
| 236|0x0000000712c00000, 0x0000000712d00000, 0x0000000712d00000|100%| E|CS|TAMS 0x0000000712c00000, 0x0000000712c00000| Complete 
| 237|0x0000000712d00000, 0x0000000712e00000, 0x0000000712e00000|100%| E|CS|TAMS 0x0000000712d00000, 0x0000000712d00000| Complete 
| 238|0x0000000712e00000, 0x0000000712f00000, 0x0000000712f00000|100%| E|CS|TAMS 0x0000000712e00000, 0x0000000712e00000| Complete 
| 239|0x0000000712f00000, 0x0000000713000000, 0x0000000713000000|100%| E|CS|TAMS 0x0000000712f00000, 0x0000000712f00000| Complete 
| 240|0x0000000713000000, 0x0000000713100000, 0x0000000713100000|100%| E|CS|TAMS 0x0000000713000000, 0x0000000713000000| Complete 
| 241|0x0000000713100000, 0x0000000713200000, 0x0000000713200000|100%| E|CS|TAMS 0x0000000713100000, 0x0000000713100000| Complete 
| 242|0x0000000713200000, 0x0000000713300000, 0x0000000713300000|100%| E|CS|TAMS 0x0000000713200000, 0x0000000713200000| Complete 
| 243|0x0000000713300000, 0x0000000713400000, 0x0000000713400000|100%| E|CS|TAMS 0x0000000713300000, 0x0000000713300000| Complete 
| 244|0x0000000713400000, 0x0000000713500000, 0x0000000713500000|100%| E|CS|TAMS 0x0000000713400000, 0x0000000713400000| Complete 
| 245|0x0000000713500000, 0x0000000713600000, 0x0000000713600000|100%| E|CS|TAMS 0x0000000713500000, 0x0000000713500000| Complete 
| 246|0x0000000713600000, 0x0000000713700000, 0x0000000713700000|100%| E|CS|TAMS 0x0000000713600000, 0x0000000713600000| Complete 
| 247|0x0000000713700000, 0x0000000713800000, 0x0000000713800000|100%| E|CS|TAMS 0x0000000713700000, 0x0000000713700000| Complete 
| 248|0x0000000713800000, 0x0000000713900000, 0x0000000713900000|100%| E|CS|TAMS 0x0000000713800000, 0x0000000713800000| Complete 
| 249|0x0000000713900000, 0x0000000713a00000, 0x0000000713a00000|100%| E|CS|TAMS 0x0000000713900000, 0x0000000713900000| Complete 
| 250|0x0000000713a00000, 0x0000000713b00000, 0x0000000713b00000|100%| E|CS|TAMS 0x0000000713a00000, 0x0000000713a00000| Complete 
| 251|0x0000000713b00000, 0x0000000713c00000, 0x0000000713c00000|100%| E|CS|TAMS 0x0000000713b00000, 0x0000000713b00000| Complete 

Card table byte_map: [0x000002304d070000,0x000002304d850000] _byte_map_base: 0x0000023049850000

Marking Bits (Prev, Next): (CMBitMap*) 0x0000023032ee4f28, (CMBitMap*) 0x0000023032ee4f68
 Prev Bits: [0x000002304e030000, 0x0000023051f30000)
 Next Bits: [0x0000023051f30000, 0x0000023055e30000)

Polling page: 0x0000023032f50000

Metaspace:

Usage:
  Non-class:     10.08 MB capacity,     9.90 MB ( 98%) used,   167.88 KB (  2%) free+waste,    16.81 KB ( <1%) overhead. 
      Class:   1015.00 KB capacity,   942.05 KB ( 93%) used,    65.20 KB (  6%) free+waste,     7.75 KB ( <1%) overhead. 
       Both:     11.08 MB capacity,    10.82 MB ( 98%) used,   233.07 KB (  2%) free+waste,    24.56 KB ( <1%) overhead. 

Virtual space:
  Non-class space:       12.00 MB reserved,      10.25 MB ( 85%) committed 
      Class space:        1.00 GB reserved,       1.00 MB ( <1%) committed 
             Both:        1.01 GB reserved,      11.25 MB (  1%) committed 

Chunk freelists:
   Non-Class:  41.00 KB
       Class:  9.00 KB
        Both:  50.00 KB

MaxMetaspaceSize: 17179869184.00 GB
CompressedClassSpaceSize: 1.00 GB

CodeHeap 'non-profiled nmethods': size=120000Kb used=738Kb max_used=738Kb free=119261Kb
 bounds [0x00000230448f0000, 0x0000023044b60000, 0x000002304be20000]
CodeHeap 'profiled nmethods': size=120000Kb used=3082Kb max_used=3082Kb free=116917Kb
 bounds [0x000002303d3c0000, 0x000002303d6d0000, 0x00000230448f0000]
CodeHeap 'non-nmethods': size=5760Kb used=1485Kb max_used=1503Kb free=4274Kb
 bounds [0x000002303ce20000, 0x000002303d090000, 0x000002303d3c0000]
 total_blobs=3216 nmethods=1711 adapters=731
 compilation: enabled
              stopped_count=0, restarted_count=0
 full_count=0

Compilation events (20 events):
Event: 4.704 Thread 0x000002305867e000 1701       3       processing.core.PGraphics::ellipse (142 bytes)
Event: 4.704 Thread 0x000002305867e000 nmethod 1701 0x000002303d6be310 code [0x000002303d6be520, 0x000002303d6be908]
Event: 4.716 Thread 0x000002305867e000 1702       3       java.awt.geom.RectangularShape::<init> (5 bytes)
Event: 4.717 Thread 0x000002305867e000 nmethod 1702 0x000002303d6bea10 code [0x000002303d6beba0, 0x000002303d6bed18]
Event: 4.717 Thread 0x000002305867e000 1703       3       java.awt.geom.Rectangle2D::<init> (5 bytes)
Event: 4.717 Thread 0x000002305867e000 nmethod 1703 0x000002303d6bee10 code [0x000002303d6befc0, 0x000002303d6bf198]
Event: 4.758 Thread 0x000002305867e000 1704   !   3       java.awt.KeyboardFocusManager::getGlobalFocusOwner (20 bytes)
Event: 4.758 Thread 0x000002305867e000 nmethod 1704 0x000002303d6bf290 code [0x000002303d6bf460, 0x000002303d6bf8e8]
Event: 4.855 Thread 0x000002305867e000 1705       3       processing.core.PGraphics::beginShape (7 bytes)
Event: 4.855 Thread 0x000002305867e000 nmethod 1705 0x000002303d6bfa90 code [0x000002303d6bfc40, 0x000002303d6bfe28]
Event: 4.857 Thread 0x000002305867e000 1706       3       processing.core.PMatrix3D::invRotateZ (36 bytes)
Event: 4.857 Thread 0x000002305867e000 nmethod 1706 0x000002303d6bff10 code [0x000002303d6c0120, 0x000002303d6c0468]
Event: 4.925 Thread 0x000002305867e000 1708   !   3       java.awt.Container::dispatchEventImpl (129 bytes)
Event: 4.927 Thread 0x000002305867e000 nmethod 1708 0x000002303d6c0590 code [0x000002303d6c07c0, 0x000002303d6c1238]
Event: 4.927 Thread 0x000002305867e000 1709       3       java.awt.LightweightDispatcher::dispatchEvent (73 bytes)
Event: 4.927 Thread 0x000002305867e000 nmethod 1709 0x000002303d6c1510 code [0x000002303d6c1700, 0x000002303d6c1ee8]
Event: 4.958 Thread 0x000002305867e000 1710       3       java.awt.event.ComponentEvent::<init> (7 bytes)
Event: 4.958 Thread 0x000002305867e000 nmethod 1710 0x000002303d6c2090 code [0x000002303d6c2240, 0x000002303d6c2388]
Event: 4.999 Thread 0x000002305867e000 1711       3       java.lang.Byte::<init> (10 bytes)
Event: 4.999 Thread 0x000002305867e000 nmethod 1711 0x000002303d6c2410 code [0x000002303d6c25c0, 0x000002303d6c2798]

GC Heap History (4 events):
Event: 1.709 GC heap before
{Heap before GC invocations=0 (full 0):
 garbage-first heap   total 258048K, used 22528K [0x0000000704000000, 0x0000000800000000)
  region size 1024K, 23 young (23552K), 0 survivors (0K)
 Metaspace       used 10146K, capacity 10340K, committed 10496K, reserved 1058816K
  class space    used 895K, capacity 962K, committed 1024K, reserved 1048576K
}
Event: 1.714 GC heap after
{Heap after GC invocations=1 (full 0):
 garbage-first heap   total 258048K, used 3684K [0x0000000704000000, 0x0000000800000000)
  region size 1024K, 3 young (3072K), 3 survivors (3072K)
 Metaspace       used 10146K, capacity 10340K, committed 10496K, reserved 1058816K
  class space    used 895K, capacity 962K, committed 1024K, reserved 1048576K
}
Event: 1.727 GC heap before
{Heap before GC invocations=1 (full 0):
 garbage-first heap   total 258048K, used 34404K [0x0000000704000000, 0x0000000800000000)
  region size 1024K, 33 young (33792K), 3 survivors (3072K)
 Metaspace       used 10161K, capacity 10340K, committed 10496K, reserved 1058816K
  class space    used 896K, capacity 962K, committed 1024K, reserved 1048576K
}
Event: 1.731 GC heap after
{Heap after GC invocations=2 (full 0):
 garbage-first heap   total 258048K, used 4061K [0x0000000704000000, 0x0000000800000000)
  region size 1024K, 1 young (1024K), 1 survivors (1024K)
 Metaspace       used 10161K, capacity 10340K, committed 10496K, reserved 1058816K
  class space    used 896K, capacity 962K, committed 1024K, reserved 1048576K
}

Deoptimization events (20 events):
Event: 2.668 Thread 0x0000023059996000 DEOPT PACKING pc=0x000002303d662928 sp=0x000000eb6d2ff1c0
Event: 2.668 Thread 0x0000023059996000 DEOPT UNPACKING pc=0x000002303ce683de sp=0x000000eb6d2fe698 mode 0
Event: 2.771 Thread 0x0000023059996000 Uncommon trap: trap_request=0xffffff76 fr.pc=0x00000230449252c8 relative=0x0000000000000288
Event: 2.771 Thread 0x0000023059996000 Uncommon trap: reason=predicate action=maybe_recompile pc=0x00000230449252c8 method=java.util.ArrayList.indexOfRange(Ljava/lang/Object;II)I @ 45 c2
Event: 2.771 Thread 0x0000023059996000 DEOPT PACKING pc=0x00000230449252c8 sp=0x000000eb6d2feef0
Event: 2.771 Thread 0x0000023059996000 DEOPT UNPACKING pc=0x000002303ce2852f sp=0x000000eb6d2fee78 mode 2
Event: 2.818 Thread 0x0000023059996000 DEOPT PACKING pc=0x000002303d662928 sp=0x000000eb6d2ff1c0
Event: 2.818 Thread 0x0000023059996000 DEOPT UNPACKING pc=0x000002303ce683de sp=0x000000eb6d2fe698 mode 0
Event: 2.968 Thread 0x0000023059996000 DEOPT PACKING pc=0x000002303d662928 sp=0x000000eb6d2ff1c0
Event: 2.968 Thread 0x0000023059996000 DEOPT UNPACKING pc=0x000002303ce683de sp=0x000000eb6d2fe698 mode 0
Event: 3.068 Thread 0x0000023059996000 DEOPT PACKING pc=0x000002303d6627d9 sp=0x000000eb6d2ff1c0
Event: 3.068 Thread 0x0000023059996000 DEOPT UNPACKING pc=0x000002303ce683de sp=0x000000eb6d2fe698 mode 0
Event: 4.209 Thread 0x0000023059996000 Uncommon trap: trap_request=0xffffffde fr.pc=0x00000230449a3f18 relative=0x00000000000003b8
Event: 4.209 Thread 0x0000023059996000 Uncommon trap: reason=class_check action=maybe_recompile pc=0x00000230449a3f18 method=controlP5.Controller.updateEvents()Ljava/lang/Object; @ 303 c2
Event: 4.209 Thread 0x0000023059996000 DEOPT PACKING pc=0x00000230449a3f18 sp=0x000000eb6d2ff140
Event: 4.209 Thread 0x0000023059996000 DEOPT UNPACKING pc=0x000002303ce2852f sp=0x000000eb6d2ff0d0 mode 2
Event: 4.258 Thread 0x0000023059996000 Uncommon trap: trap_request=0xffffffde fr.pc=0x00000230449a3f44 relative=0x00000000000003e4
Event: 4.258 Thread 0x0000023059996000 Uncommon trap: reason=class_check action=maybe_recompile pc=0x00000230449a3f44 method=controlP5.Controller.updateEvents()Ljava/lang/Object; @ 329 c2
Event: 4.258 Thread 0x0000023059996000 DEOPT PACKING pc=0x00000230449a3f44 sp=0x000000eb6d2ff180
Event: 4.258 Thread 0x0000023059996000 DEOPT UNPACKING pc=0x000002303ce2852f sp=0x000000eb6d2ff110 mode 2

Classes unloaded (0 events):
No events

Classes redefined (0 events):
No events

Internal exceptions (20 events):
Event: 0.256 Thread 0x0000023032e7e000 Exception <a 'java/lang/NoSuchMethodError'{0x000000071360afa0}: 'java.lang.Object java.lang.invoke.Invokers$Holder.linkToTargetMethod(java.lang.Object, int, java.lang.Object)'> (0x000000071360afa0) 
thrown [./open/src/hotspot/share/interpreter/linkResolver.cpp, line 766]
Event: 0.276 Thread 0x0000023032e7e000 Exception <a 'java/lang/NullPointerException'{0x0000000713617d60}> (0x0000000713617d60) 
thrown [./open/src/hotspot/share/interpreter/linkResolver.cpp, line 1431]
Event: 0.336 Thread 0x0000023059996000 Exception <a 'java/io/IOException'{0x000000071348c440}> (0x000000071348c440) 
thrown [./open/src/hotspot/share/prims/jni.cpp, line 599]
Event: 0.483 Thread 0x0000023059996000 Exception <a 'java/lang/NoSuchMethodError'{0x00000007132b3230}: 'int java.lang.invoke.DirectMethodHandle$Holder.invokeSpecialIFC(java.lang.Object, java.lang.Object, int)'> (0x00000007132b3230) 
thrown [./open/src/hotspot/share/interpreter/linkResolver.cpp, line 766]
Event: 0.657 Thread 0x0000023059996000 Exception <a 'java/io/IOException'{0x0000000712b07f08}> (0x0000000712b07f08) 
thrown [./open/src/hotspot/share/prims/jni.cpp, line 599]
Event: 0.657 Thread 0x0000023059996000 Exception <a 'java/io/IOException'{0x0000000712b08218}> (0x0000000712b08218) 
thrown [./open/src/hotspot/share/prims/jni.cpp, line 599]
Event: 0.674 Thread 0x0000023059996000 Exception <a 'java/io/IOException'{0x0000000712bc3cc8}> (0x0000000712bc3cc8) 
thrown [./open/src/hotspot/share/prims/jni.cpp, line 599]
Event: 0.674 Thread 0x0000023059996000 Exception <a 'java/io/IOException'{0x0000000712bc3fd8}> (0x0000000712bc3fd8) 
thrown [./open/src/hotspot/share/prims/jni.cpp, line 599]
Event: 0.674 Thread 0x0000023059996000 Exception <a 'java/io/FileNotFoundException'{0x0000000712bc4798}> (0x0000000712bc4798) 
thrown [./open/src/hotspot/share/prims/jni.cpp, line 599]
Event: 1.256 Thread 0x0000023059996000 Exception <a 'java/io/FileNotFoundException'{0x0000000712bd6340}> (0x0000000712bd6340) 
thrown [./open/src/hotspot/share/prims/jni.cpp, line 599]
Event: 1.259 Thread 0x0000023059996000 Exception <a 'java/io/FileNotFoundException'{0x0000000712be60d0}> (0x0000000712be60d0) 
thrown [./open/src/hotspot/share/prims/jni.cpp, line 599]
Event: 1.404 Thread 0x0000023059996000 Exception <a 'java/io/FileNotFoundException'{0x0000000712bf7a08}> (0x0000000712bf7a08) 
thrown [./open/src/hotspot/share/prims/jni.cpp, line 599]
Event: 1.405 Thread 0x0000023059996000 Exception <a 'java/io/FileNotFoundException'{0x0000000712a07760}> (0x0000000712a07760) 
thrown [./open/src/hotspot/share/prims/jni.cpp, line 599]
Event: 1.543 Thread 0x0000023059996000 Exception <a 'java/io/FileNotFoundException'{0x0000000712a18e48}> (0x0000000712a18e48) 
thrown [./open/src/hotspot/share/prims/jni.cpp, line 599]
Event: 1.544 Thread 0x0000023059996000 Exception <a 'java/io/FileNotFoundException'{0x0000000712a30a90}> (0x0000000712a30a90) 
thrown [./open/src/hotspot/share/prims/jni.cpp, line 599]
Event: 1.690 Thread 0x0000023059996000 Exception <a 'java/io/FileNotFoundException'{0x0000000712a42178}> (0x0000000712a42178) 
thrown [./open/src/hotspot/share/prims/jni.cpp, line 599]
Event: 3.620 Thread 0x0000023059996000 Exception <a 'java/io/FileNotFoundException'{0x000000070f89dbc0}> (0x000000070f89dbc0) 
thrown [./open/src/hotspot/share/prims/jni.cpp, line 599]
Event: 3.751 Thread 0x0000023059996000 Exception <a 'java/io/FileNotFoundException'{0x000000070f8af550}> (0x000000070f8af550) 
thrown [./open/src/hotspot/share/prims/jni.cpp, line 599]
Event: 3.752 Thread 0x0000023059996000 Exception <a 'java/io/FileNotFoundException'{0x000000070f8c5930}> (0x000000070f8c5930) 
thrown [./open/src/hotspot/share/prims/jni.cpp, line 599]
Event: 3.878 Thread 0x0000023059996000 Exception <a 'java/io/FileNotFoundException'{0x000000070f8d72c0}> (0x000000070f8d72c0) 
thrown [./open/src/hotspot/share/prims/jni.cpp, line 599]

Events (20 events):
Event: 1.870 loading class java/nio/DirectFloatBufferU
Event: 1.870 loading class java/nio/DirectFloatBufferU done
Event: 1.942 loading class jdk/internal/access/foreign/MemorySegmentProxy
Event: 1.951 loading class jdk/internal/access/foreign/MemorySegmentProxy done
Event: 2.414 Thread 0x000002305acf1800 Thread exited: 0x000002305acf1800
Event: 2.477 Executing VM operation: ICBufferFull
Event: 2.478 Executing VM operation: ICBufferFull done
Event: 2.780 Loaded shared library C:\Program Files\Java\jdk\bin\java.dll
Event: 3.879 loading class java/util/TooManyListenersException
Event: 3.879 loading class java/util/TooManyListenersException done
Event: 3.885 Thread 0x000002305afca800 Thread added: 0x000002305afca800
Event: 3.892 loading class sun/nio/cs/UTF_8$Encoder
Event: 3.892 loading class sun/nio/cs/UTF_8$Encoder done
Event: 3.892 loading class java/io/FileOutputStream$1
Event: 3.892 loading class java/io/FileOutputStream$1 done
Event: 4.909 Loaded shared library C:\Program Files\Java\jdk\bin\java.dll
Event: 4.998 loading class java/lang/StringCoding$StringEncoder
Event: 4.998 loading class java/lang/StringCoding$StringEncoder done
Event: 4.999 loading class java/lang/Byte$ByteCache
Event: 4.999 loading class java/lang/Byte$ByteCache done


Dynamic libraries:
0x00007ff768ab0000 - 0x00007ff768abf000 	C:\Program Files\Java\jdk\bin\javaw.exe
0x00007ff814c00000 - 0x00007ff814df0000 	C:\Windows\SYSTEM32\ntdll.dll
0x00007ff813200000 - 0x00007ff8132b2000 	C:\Windows\System32\KERNEL32.DLL
0x00007ff811dd0000 - 0x00007ff812074000 	C:\Windows\System32\KERNELBASE.dll
0x00007ff812b10000 - 0x00007ff812c0a000 	C:\Windows\System32\ucrtbase.dll
0x00007ff802550000 - 0x00007ff802565000 	C:\Program Files\Java\jdk\bin\VCRUNTIME140.dll
0x00007ff802530000 - 0x00007ff802548000 	C:\Program Files\Java\jdk\bin\jli.dll
0x00007ff8134b0000 - 0x00007ff813553000 	C:\Windows\System32\ADVAPI32.dll
0x00007ff814370000 - 0x00007ff81440e000 	C:\Windows\System32\msvcrt.dll
0x00007ff814410000 - 0x00007ff8144a7000 	C:\Windows\System32\sechost.dll
0x00007ff813d70000 - 0x00007ff813e90000 	C:\Windows\System32\RPCRT4.dll
0x00007ff814020000 - 0x00007ff8141b4000 	C:\Windows\System32\USER32.dll
0x00007ff812080000 - 0x00007ff8120a1000 	C:\Windows\System32\win32u.dll
0x00007fffefd10000 - 0x00007fffeff94000 	C:\Windows\WinSxS\amd64_microsoft.windows.common-controls_6595b64144ccf1df_6.0.18362.959_none_e6c7bbbf130c62bb\COMCTL32.dll
0x00007ff813e90000 - 0x00007ff813eb6000 	C:\Windows\System32\GDI32.dll
0x00007ff812110000 - 0x00007ff8122a6000 	C:\Windows\System32\gdi32full.dll
0x00007ff812cb0000 - 0x00007ff812fe5000 	C:\Windows\System32\combase.dll
0x00007ff812c10000 - 0x00007ff812cae000 	C:\Windows\System32\msvcp_win.dll
0x00007ff812a90000 - 0x00007ff812b10000 	C:\Windows\System32\bcryptPrimitives.dll
0x00007ff80c330000 - 0x00007ff80c33a000 	C:\Windows\SYSTEM32\VERSION.dll
0x00007ff813480000 - 0x00007ff8134ae000 	C:\Windows\System32\IMM32.DLL
0x00007fffdcec0000 - 0x00007fffdcf5b000 	C:\Program Files\Java\jdk\bin\msvcp140.dll
0x00007fffd8e10000 - 0x00007fffd992e000 	C:\Program Files\Java\jdk\bin\server\jvm.dll
0x00007ff813390000 - 0x00007ff813398000 	C:\Windows\System32\PSAPI.DLL
0x00007ff8016d0000 - 0x00007ff8016f4000 	C:\Windows\SYSTEM32\WINMM.dll
0x00007ff801700000 - 0x00007ff801709000 	C:\Windows\SYSTEM32\WSOCK32.dll
0x00007ff814a00000 - 0x00007ff814a6f000 	C:\Windows\System32\WS2_32.dll
0x00007ff8016a0000 - 0x00007ff8016cd000 	C:\Windows\SYSTEM32\winmmbase.dll
0x00007ff8122b0000 - 0x00007ff8122fa000 	C:\Windows\System32\cfgmgr32.dll
0x00007ff811af0000 - 0x00007ff811b01000 	C:\Windows\System32\kernel.appcore.dll
0x00007ff801720000 - 0x00007ff80172a000 	C:\Program Files\Java\jdk\bin\jimage.dll
0x00007ff810320000 - 0x00007ff810514000 	C:\Windows\SYSTEM32\DBGHELP.DLL
0x00007ff801c90000 - 0x00007ff801cba000 	C:\Windows\SYSTEM32\dbgcore.DLL
0x00007fffecf30000 - 0x00007fffecf55000 	C:\Program Files\Java\jdk\bin\java.dll
0x00007fffe8320000 - 0x00007fffe8336000 	C:\Program Files\Java\jdk\bin\zip.dll
0x00007ff813560000 - 0x00007ff813c46000 	C:\Windows\System32\SHELL32.dll
0x00007ff813150000 - 0x00007ff8131f9000 	C:\Windows\System32\shcore.dll
0x00007ff812300000 - 0x00007ff812a82000 	C:\Windows\System32\windows.storage.dll
0x00007ff811ac0000 - 0x00007ff811ae3000 	C:\Windows\System32\profapi.dll
0x00007ff811b10000 - 0x00007ff811b5a000 	C:\Windows\System32\powrprof.dll
0x00007ff811ab0000 - 0x00007ff811ac0000 	C:\Windows\System32\UMPDC.dll
0x00007ff8149a0000 - 0x00007ff8149f2000 	C:\Windows\System32\shlwapi.dll
0x00007ff811db0000 - 0x00007ff811dc7000 	C:\Windows\System32\cryptsp.dll
0x00007fffdd0d0000 - 0x00007fffdd0e9000 	C:\Program Files\Java\jdk\bin\net.dll
0x00007ff80d2a0000 - 0x00007ff80d390000 	C:\Windows\SYSTEM32\WINHTTP.dll
0x00007ff811270000 - 0x00007ff8112d7000 	C:\Windows\system32\mswsock.dll
0x00007fffdc750000 - 0x00007fffdc762000 	C:\Program Files\Java\jdk\bin\nio.dll
0x00007ff801710000 - 0x00007ff801720000 	C:\Program Files\Java\jdk\bin\verify.dll
0x00007fffdb530000 - 0x00007fffdb6c8000 	C:\Program Files\Java\jdk\bin\awt.dll
0x00007ff8133b0000 - 0x00007ff813475000 	C:\Windows\System32\OLEAUT32.dll
0x00007ff80f690000 - 0x00007ff80f71f000 	C:\Windows\SYSTEM32\apphelp.dll
0x00007ff80f870000 - 0x00007ff80f909000 	C:\Windows\system32\uxtheme.dll
0x00007ff813ec0000 - 0x00007ff813ff5000 	C:\Windows\System32\MSCTF.dll
0x00007ff812ff0000 - 0x00007ff813147000 	C:\Windows\System32\ole32.dll
0x00007ff80fca0000 - 0x00007ff80fccd000 	C:\Windows\system32\DWMAPI.DLL
0x00007fffe2f80000 - 0x00007fffe30d6000 	C:\Windows\system32\opengl32.dll
0x00007fffe2cb0000 - 0x00007fffe2cdc000 	C:\Windows\SYSTEM32\GLU32.dll
0x00007ff8106e0000 - 0x00007ff810700000 	C:\Windows\SYSTEM32\dxcore.dll
0x00007fffdc6c0000 - 0x00007fffdc742000 	C:\Program Files\Java\jdk\bin\freetype.dll
0x00007fffdc3d0000 - 0x00007fffdc476000 	C:\Program Files\Java\jdk\bin\fontmanager.dll
0x0000000010000000 - 0x000000001005a000 	C:\Users\lapry\Desktop\sangiorgio\Multiwii\MultiWii_2_3\MultiWiiConf\application.windows64\jogl.dll
0x000000005df90000 - 0x000000005e059000 	C:\Windows\WinSxS\amd64_microsoft.vc80.crt_1fc8b3b9a1e18e3b_8.0.50727.9659_none_88dfc6bf2faefcc6\MSVCR80.dll
0x00007ffff8780000 - 0x00007ffff8787000 	C:\Program Files\Java\jdk\bin\jawt.dll
0x0000000000b70000 - 0x0000000000b77000 	C:\Users\lapry\Desktop\sangiorgio\Multiwii\MultiWii_2_3\MultiWiiConf\application.windows64\jogl_awt.dll
0x00007ffff8120000 - 0x00007ffff81be000 	C:\Windows\System32\TextInputFramework.dll
0x00007ff80f480000 - 0x00007ff80f554000 	C:\Windows\System32\CoreMessaging.dll
0x00007ff801060000 - 0x00007ff80138a000 	C:\Windows\System32\CoreUIComponents.dll
0x00007ff810ad0000 - 0x00007ff810b01000 	C:\Windows\SYSTEM32\ntmarta.dll
0x00007ff80d5d0000 - 0x00007ff80d723000 	C:\Windows\SYSTEM32\wintypes.dll
0x00007fffe7cd0000 - 0x00007fffe7d35000 	C:\Windows\system32\Oleacc.dll
0x00007fffb4f70000 - 0x00007fffb5eb6000 	C:\Windows\System32\DriverStore\FileRepository\iigd_dch.inf_amd64_9142c5ac70adba55\ig11icd64.dll
0x00007ff810770000 - 0x00007ff81085b000 	C:\Windows\system32\dxgi.dll
0x00007ffffbec0000 - 0x00007ffffe2f6000 	C:\Windows\System32\DriverStore\FileRepository\iigd_dch.inf_amd64_9142c5ac70adba55\igc64.dll
0x00007ffffe300000 - 0x00007ffffe4a4000 	C:\Windows\System32\DriverStore\FileRepository\iigd_dch.inf_amd64_9142c5ac70adba55\igdgmm64.dll
0x0000000180000000 - 0x0000000180025000 	C:\Users\lapry\Desktop\sangiorgio\Multiwii\MultiWii_2_3\MultiWiiConf\application.windows64\rxtxSerial.dll
0x00007ffffaa20000 - 0x00007ffffacc6000 	C:\Windows\System32\iertutil.dll

dbghelp: loaded successfully - version: 4.0.5 - missing functions: none
symbol engine: initialized successfully - sym options: 0x614 - pdb path: .;C:\Program Files\Java\jdk\bin;C:\Windows\SYSTEM32;C:\Windows\WinSxS\amd64_microsoft.windows.common-controls_6595b64144ccf1df_6.0.18362.959_none_e6c7bbbf130c62bb;C:\Program Files\Java\jdk\bin\server;C:\Users\lapry\Desktop\sangiorgio\Multiwii\MultiWii_2_3\MultiWiiConf\application.windows64;C:\Windows\WinSxS\amd64_microsoft.vc80.crt_1fc8b3b9a1e18e3b_8.0.50727.9659_none_88dfc6bf2faefcc6;C:\Windows\System32\DriverStore\FileRepository\iigd_dch.inf_amd64_9142c5ac70adba55

VM Arguments:
java_command: MultiWiiConf
java_class_path (initial): C:\Users\lapry\Desktop\sangiorgio\Multiwii\MultiWii_2_3\MultiWiiConf\application.windows64\lib\MultiWiiConf.jar;C:\Users\lapry\Desktop\sangiorgio\Multiwii\MultiWii_2_3\MultiWiiConf\application.windows64\lib\core.jar;C:\Users\lapry\Desktop\sangiorgio\Multiwii\MultiWii_2_3\MultiWiiConf\application.windows64\lib\RXTXcomm.jar;C:\Users\lapry\Desktop\sangiorgio\Multiwii\MultiWii_2_3\MultiWiiConf\application.windows64\lib\serial.jar;C:\Users\lapry\Desktop\sangiorgio\Multiwii\MultiWii_2_3\MultiWiiConf\application.windows64\lib\controlP5.jar;C:\Users\lapry\Desktop\sangiorgio\Multiwii\MultiWii_2_3\MultiWiiConf\application.windows64\lib\gluegen-rt.jar;C:\Users\lapry\Desktop\sangiorgio\Multiwii\MultiWii_2_3\MultiWiiConf\application.windows64\lib\jogl.jar;C:\Users\lapry\Desktop\sangiorgio\Multiwii\MultiWii_2_3\MultiWiiConf\application.windows64\lib\opengl.jar
Launcher Type: SUN_STANDARD

[Global flags]
     intx CICompilerCount                          = 4                                         {product} {ergonomic}
     uint ConcGCThreads                            = 2                                         {product} {ergonomic}
     uint G1ConcRefinementThreads                  = 8                                         {product} {ergonomic}
   size_t G1HeapRegionSize                         = 1048576                                   {product} {ergonomic}
    uintx GCDrainStackTargetSize                   = 64                                        {product} {ergonomic}
   size_t InitialHeapSize                          = 264241152                                 {product} {ergonomic}
   size_t MarkStackSize                            = 4194304                                   {product} {ergonomic}
   size_t MaxHeapSize                              = 4227858432                                {product} {ergonomic}
   size_t MaxNewSize                               = 2536505344                                {product} {ergonomic}
   size_t MinHeapDeltaBytes                        = 1048576                                   {product} {ergonomic}
   size_t MinHeapSize                              = 8388608                                   {product} {ergonomic}
    uintx NonNMethodCodeHeapSize                   = 5839372                                {pd product} {ergonomic}
    uintx NonProfiledCodeHeapSize                  = 122909434                              {pd product} {ergonomic}
    uintx ProfiledCodeHeapSize                     = 122909434                              {pd product} {ergonomic}
    uintx ReservedCodeCacheSize                    = 251658240                              {pd product} {ergonomic}
     bool SegmentedCodeCache                       = true                                      {product} {ergonomic}
   size_t SoftMaxHeapSize                          = 4227858432                             {manageable} {ergonomic}
     bool UseCompressedClassPointers               = true                                 {lp64_product} {ergonomic}
     bool UseCompressedOops                        = true                                 {lp64_product} {ergonomic}
     bool UseG1GC                                  = true                                      {product} {ergonomic}
     bool UseLargePagesIndividualAllocation        = false                                  {pd product} {ergonomic}

Logging:
Log output configuration:
 #0: stdout all=warning uptime,level,tags
 #1: stderr all=off uptime,level,tags

Environment Variables:
CLASSPATH=C:\Users\lapry\Desktop\sangiorgio\Multiwii\MultiWii_2_3\MultiWiiConf\application.windows64\lib\MultiWiiConf.jar;C:\Users\lapry\Desktop\sangiorgio\Multiwii\MultiWii_2_3\MultiWiiConf\application.windows64\lib\core.jar;C:\Users\lapry\Desktop\sangiorgio\Multiwii\MultiWii_2_3\MultiWiiConf\application.windows64\lib\RXTXcomm.jar;C:\Users\lapry\Desktop\sangiorgio\Multiwii\MultiWii_2_3\MultiWiiConf\application.windows64\lib\serial.jar;C:\Users\lapry\Desktop\sangiorgio\Multiwii\MultiWii_2_3\MultiWiiConf\application.windows64\lib\controlP5.jar;C:\Users\lapry\Desktop\sangiorgio\Multiwii\MultiWii_2_3\MultiWiiConf\application.windows64\lib\gluegen-rt.jar;C:\Users\lapry\Desktop\sangiorgio\Multiwii\MultiWii_2_3\MultiWiiConf\application.windows64\lib\jogl.jar;C:\Users\lapry\Desktop\sangiorgio\Multiwii\MultiWii_2_3\MultiWiiConf\application.windows64\lib\opengl.jar
PATH=C:\Windows\system32;C:\Windows;C:\Windows\System32\Wbem;C:\Windows\System32\WindowsPowerShell\v1.0;C:\Program Files\PowerShell\7;C:\Program Files\Java\jdk\bin;C:\Users\lapry\AppData\Local\Programs\Python\Python37\Scripts;C:\Users\lapry\AppData\Local\Programs\Python\Python37;C:\Users\lapry\scoop\shims;C:\Users\lapry\AppData\Local\Microsoft\WindowsApps;C:\Users\lapry\AppData\Local\GitHubDesktop\bin;C:\Users\lapry\AppData\Local\Programs\Microsoft VS Code\bin
USERNAME=lapry
OS=Windows_NT
PROCESSOR_IDENTIFIER=Intel64 Family 6 Model 126 Stepping 5, GenuineIntel



---------------  S Y S T E M  ---------------

OS: Windows 10 , 64 bit Build 18362 (10.0.18362.959)
OS uptime: 0 days 0:03 hours
HyperV virtualization detected

CPU:total 8 (initial active 8) (4 cores per cpu, 2 threads per core) family 6 model 126 stepping 5, cmov, cx8, fxsr, mmx, sse, sse2, sse3, ssse3, sse4.1, sse4.2, popcnt, avx, avx2, aes, clmul, erms, 3dnowpref, lzcnt, ht, tsc, tscinvbit, bmi1, bmi2, adx, evex, sha, fma

Memory: 4k page, system-wide physical 16126M (10627M free)
TotalPageFile size 18558M (AvailPageFile size 12600M)
current process WorkingSet (physical memory assigned to process): 219M, peak: 219M
current process commit charge ("private bytes"): 408M, peak: 409M

vm_info: Java HotSpot(TM) 64-Bit Server VM (14.0.1+7) for windows-amd64 JRE (14.0.1+7), built on Mar  5 2020 10:30:14 by "mach5one" with MS VC++ 15.9 (VS2017)

END.
