#
# A fatal error has been detected by the Java Runtime Environment:
#
#  EXCEPTION_ACCESS_VIOLATION (0xc0000005) at pc=0x00000001800044cb, pid=8424, tid=0x0000000000003570
#
# JRE version: Java(TM) SE Runtime Environment (8.0_261-b12) (build 1.8.0_261-b12)
# Java VM: Java HotSpot(TM) 64-Bit Server VM (25.261-b12 mixed mode windows-amd64 compressed oops)
# Problematic frame:
# C  [rxtxSerial.dll+0x44cb]
#
# Failed to write core dump. Minidumps are not enabled by default on client versions of Windows
#
# If you would like to submit a bug report, please visit:
#   http://bugreport.java.com/bugreport/crash.jsp
# The crash happened outside the Java Virtual Machine in native code.
# See problematic frame for where to report the bug.
#

---------------  T H R E A D  ---------------

Current thread (0x00000227c0c3c800):  JavaThread "Animation Thread" [_thread_in_native, id=13680, stack(0x00000029cc200000,0x00000029cc300000)]

siginfo: ExceptionCode=0xc0000005, reading address 0xffffffffcc6fecbc

Registers:
RAX=0x000000000000001c, RBX=0x0000000000000001, RCX=0x00000029cc2febec, RDX=0x0000000000000000
RSP=0x00000029cc2fe810, RBP=0x0000000000000001, RSI=0x0000000000000000, RDI=0x00000227c0c3c9f8
R8 =0x00000029cc2fe4d0, R9 =0x0000000180000000, R10=0x0000000000000000, R11=0x0000000000000200
R12=0xffffffffcc6fecb0, R13=0x0000000000000000, R14=0x00000029cc2fed00, R15=0x00000227c0c3c800
RIP=0x00000001800044cb, EFLAGS=0x0000000000010282

Top of Stack: (sp=0x00000029cc2fe810)
0x00000029cc2fe810:   00000227cc58fbb8 000000018001c4c0
0x00000029cc2fe820:   0000000000000000 0000000000000001
0x00000029cc2fe830:   00000227bdd566d8 00000227c0c3c800
0x00000029cc2fe840:   00000029cc2fed00 00000227c0c3c800
0x00000029cc2fe850:   00000007c0002368 00000007c0002368
0x00000029cc2fe860:   00000227bdd566d8 00000227c0c3c800
0x00000029cc2fe870:   0000aaea4fce3dbf 00000227c0c3c800
0x00000029cc2fe880:   00000029cc2fe980 000000006d9e679c
0x00000029cc2fe890:   0000000000000000 0000000000000000
0x00000029cc2fe8a0:   00000227a3c41ea0 000000006dabbe87
0x00000029cc2fe8b0:   000000006de57ea0 000000006dabda45
0x00000029cc2fe8c0:   0000000000000004 0000000000000004
0x00000029cc2fe8d0:   0000aaea4fce3d5f 00000227c0c3c800
0x00000029cc2fe8e0:   00000227a3c41ea0 000000006d96eed5
0x00000029cc2fe8f0:   00000227cc58fbb8 00000029cc2fe980
0x00000029cc2fe900:   0000000000000000 00000029cc2fea50 

Instructions: (pc=0x00000001800044cb)
0x00000001800044ab:   1f 48 8b d3 48 8b cf 41 ff 93 b8 00 00 00 45 84
0x00000001800044bb:   ed 0f 85 b7 00 00 00 4d 85 e4 0f 84 ae 00 00 00
0x00000001800044cb:   41 83 7c 24 0c 00 0f 84 a2 00 00 00 48 8d 4c 24
0x00000001800044db:   38 49 8b d4 41 b8 40 03 00 00 e8 06 64 00 00 4c 


Register to memory mapping:

RAX=0x000000000000001c is an unknown value
RBX=0x0000000000000001 is an unknown value
RCX=0x00000029cc2febec is pointing into the stack for thread: 0x00000227c0c3c800
RDX=0x0000000000000000 is an unknown value
RSP=0x00000029cc2fe810 is pointing into the stack for thread: 0x00000227c0c3c800
RBP=0x0000000000000001 is an unknown value
RSI=0x0000000000000000 is an unknown value
RDI=0x00000227c0c3c9f8 is an unknown value
R8 =0x00000029cc2fe4d0 is pointing into the stack for thread: 0x00000227c0c3c800
R9 =0x0000000180000000 is an unknown value
R10=0x0000000000000000 is an unknown value
R11=0x0000000000000200 is an unknown value
R12=0xffffffffcc6fecb0 is an unknown value
R13=0x0000000000000000 is an unknown value
R14=0x00000029cc2fed00 is pointing into the stack for thread: 0x00000227c0c3c800
R15=0x00000227c0c3c800 is a thread


Stack: [0x00000029cc200000,0x00000029cc300000],  sp=0x00000029cc2fe810,  free space=1018k
Native frames: (J=compiled Java code, j=interpreted, Vv=VM code, C=native code)
C  [rxtxSerial.dll+0x44cb]
C  0x00000227a5689f4e

Java frames: (J=compiled Java code, j=interpreted, Vv=VM code)
j  gnu.io.RXTXPort.nativeDrain(Z)Z+0
j  gnu.io.RXTXPort$SerialOutputStream.flush()V+92
j  processing.serial.Serial.write([B)V+12
j  MultiWiiConf.sendRequestMSP(Ljava/util/List;)V+60
j  MultiWiiConf.draw()V+934
j  processing.core.PApplet.handleDraw()V+145
j  processing.core.PApplet.run()V+72
j  java.lang.Thread.run()V+11
v  ~StubRoutines::call_stub

---------------  P R O C E S S  ---------------

Java Threads: ( => current thread )
  0x00000227c0de7000 JavaThread "Thread-3" [_thread_in_native, id=11536, stack(0x00000029cc600000,0x00000029cc700000)]
  0x00000227c0deb800 JavaThread "DestroyJavaVM" [_thread_blocked, id=10096, stack(0x00000029ca900000,0x00000029caa00000)]
=>0x00000227c0c3c800 JavaThread "Animation Thread" [_thread_in_native, id=13680, stack(0x00000029cc200000,0x00000029cc300000)]
  0x00000227c0bc9000 JavaThread "AWT-EventQueue-0" [_thread_blocked, id=12808, stack(0x00000029cc000000,0x00000029cc100000)]
  0x00000227c09ef000 JavaThread "AWT-Windows" daemon [_thread_in_native, id=4240, stack(0x00000029cbf00000,0x00000029cc000000)]
  0x00000227c0a0c000 JavaThread "AWT-Shutdown" [_thread_blocked, id=3512, stack(0x00000029cbe00000,0x00000029cbf00000)]
  0x00000227c0a0b800 JavaThread "Java2D Disposer" daemon [_thread_blocked, id=1716, stack(0x00000029cbd00000,0x00000029cbe00000)]
  0x00000227c0630800 JavaThread "Service Thread" daemon [_thread_blocked, id=9268, stack(0x00000029cbb00000,0x00000029cbc00000)]
  0x00000227bf276800 JavaThread "C1 CompilerThread3" daemon [_thread_blocked, id=8128, stack(0x00000029cba00000,0x00000029cbb00000)]
  0x00000227bf269800 JavaThread "C2 CompilerThread2" daemon [_thread_blocked, id=12940, stack(0x00000029cb900000,0x00000029cba00000)]
  0x00000227bf268800 JavaThread "C2 CompilerThread1" daemon [_thread_blocked, id=11740, stack(0x00000029cb800000,0x00000029cb900000)]
  0x00000227bf25d000 JavaThread "C2 CompilerThread0" daemon [_thread_blocked, id=11852, stack(0x00000029cb700000,0x00000029cb800000)]
  0x00000227bf25b800 JavaThread "Attach Listener" daemon [_thread_blocked, id=15252, stack(0x00000029cb600000,0x00000029cb700000)]
  0x00000227bf25a800 JavaThread "Signal Dispatcher" daemon [_thread_blocked, id=3468, stack(0x00000029cb500000,0x00000029cb600000)]
  0x00000227bf23a800 JavaThread "Finalizer" daemon [_thread_blocked, id=1980, stack(0x00000029cb400000,0x00000029cb500000)]
  0x00000227be637000 JavaThread "Reference Handler" daemon [_thread_blocked, id=8388, stack(0x00000029cb300000,0x00000029cb400000)]

Other Threads:
  0x00000227bf213000 VMThread [stack: 0x00000029cb200000,0x00000029cb300000] [id=460]
  0x00000227bf2eb000 WatcherThread [stack: 0x00000029cbc00000,0x00000029cbd00000] [id=9104]

VM state:not at safepoint (normal execution)

VM Mutex/Monitor currently owned by a thread: None

heap address: 0x00000006c4000000, size: 4032 MB, Compressed Oops mode: Zero based, Oop shift amount: 3
Narrow klass base: 0x0000000000000000, Narrow klass shift: 3
Compressed class space size: 1073741824 Address: 0x00000007c0000000

Heap:
 PSYoungGen      total 75264K, used 12226K [0x000000076c000000, 0x0000000775300000, 0x00000007c0000000)
  eden space 64512K, 12% used [0x000000076c000000,0x000000076c7b2f00,0x000000076ff00000)
  from space 10752K, 40% used [0x0000000770980000,0x0000000770dbdbe8,0x0000000771400000)
  to   space 10752K, 0% used [0x000000076ff00000,0x000000076ff00000,0x0000000770980000)
 ParOldGen       total 172032K, used 8K [0x00000006c4000000, 0x00000006ce800000, 0x000000076c000000)
  object space 172032K, 0% used [0x00000006c4000000,0x00000006c4002000,0x00000006ce800000)
 Metaspace       used 13713K, capacity 13960K, committed 14336K, reserved 1062912K
  class space    used 1368K, capacity 1435K, committed 1536K, reserved 1048576K

Card table byte_map: [0x00000227b4a30000,0x00000227b5220000] byte_map_base: 0x00000227b1410000

Marking Bits: (ParMarkBitMap*) 0x000000006e094fb0
 Begin Bits: [0x00000227b5760000, 0x00000227b9660000)
 End Bits:   [0x00000227b9660000, 0x00000227bd560000)

Polling page: 0x00000227a3d70000

CodeCache: size=245760Kb used=5233Kb max_used=5233Kb free=240526Kb
 bounds [0x00000227a5670000, 0x00000227a5ba0000, 0x00000227b4670000]
 total_blobs=2246 nmethods=1518 adapters=640
 compilation: enabled

Compilation events (10 events):
Event: 9.533 Thread 0x00000227bf25d000 1513       4       processing.core.PGraphics::sphere (655 bytes)
Event: 9.545 Thread 0x00000227bf276800 1514       1       sun.awt.windows.WObjectPeer::getStateLock (5 bytes)
Event: 9.545 Thread 0x00000227bf276800 nmethod 1514 0x00000227a5b7d790 code [0x00000227a5b7d8e0, 0x00000227a5b7d9f8]
Event: 9.555 Thread 0x00000227bf25d000 nmethod 1513 0x00000227a5b8dd50 code [0x00000227a5b8e040, 0x00000227a5b8f5d0]
Event: 9.686 Thread 0x00000227bf269800 1516       4       java.lang.reflect.Method::invoke (62 bytes)
Event: 9.689 Thread 0x00000227bf269800 nmethod 1516 0x00000227a5b88dd0 code [0x00000227a5b88f20, 0x00000227a5b89088]
Event: 9.696 Thread 0x00000227bf276800 1517       1       java.awt.event.PaintEvent::getUpdateRect (5 bytes)
Event: 9.697 Thread 0x00000227bf276800 nmethod 1517 0x00000227a5b88b10 code [0x00000227a5b88c60, 0x00000227a5b88d78]
Event: 9.697 Thread 0x00000227bf276800 1518   !   3       sun.java2d.SunGraphics2D::validateCompClip (224 bytes)
Event: 9.699 Thread 0x00000227bf276800 nmethod 1518 0x00000227a5b90b50 code [0x00000227a5b90e80, 0x00000227a5b92e30]

GC Heap History (4 events):
Event: 1.197 GC heap before
{Heap before GC invocations=1 (full 0):
 PSYoungGen      total 75264K, used 64512K [0x000000076c000000, 0x0000000771400000, 0x00000007c0000000)
  eden space 64512K, 100% used [0x000000076c000000,0x000000076ff00000,0x000000076ff00000)
  from space 10752K, 0% used [0x0000000770980000,0x0000000770980000,0x0000000771400000)
  to   space 10752K, 0% used [0x000000076ff00000,0x000000076ff00000,0x0000000770980000)
 ParOldGen       total 172032K, used 0K [0x00000006c4000000, 0x00000006ce800000, 0x000000076c000000)
  object space 172032K, 0% used [0x00000006c4000000,0x00000006c4000000,0x00000006ce800000)
 Metaspace       used 12308K, capacity 12492K, committed 12672K, reserved 1060864K
  class space    used 1275K, capacity 1361K, committed 1408K, reserved 1048576K
Event: 1.203 GC heap after
Heap after GC invocations=1 (full 0):
 PSYoungGen      total 75264K, used 4726K [0x000000076c000000, 0x0000000771400000, 0x00000007c0000000)
  eden space 64512K, 0% used [0x000000076c000000,0x000000076c000000,0x000000076ff00000)
  from space 10752K, 43% used [0x000000076ff00000,0x000000077039d8f0,0x0000000770980000)
  to   space 10752K, 0% used [0x0000000770980000,0x0000000770980000,0x0000000771400000)
 ParOldGen       total 172032K, used 0K [0x00000006c4000000, 0x00000006ce800000, 0x000000076c000000)
  object space 172032K, 0% used [0x00000006c4000000,0x00000006c4000000,0x00000006ce800000)
 Metaspace       used 12308K, capacity 12492K, committed 12672K, reserved 1060864K
  class space    used 1275K, capacity 1361K, committed 1408K, reserved 1048576K
}
Event: 1.395 GC heap before
{Heap before GC invocations=2 (full 0):
 PSYoungGen      total 75264K, used 69238K [0x000000076c000000, 0x0000000771400000, 0x00000007c0000000)
  eden space 64512K, 100% used [0x000000076c000000,0x000000076ff00000,0x000000076ff00000)
  from space 10752K, 43% used [0x000000076ff00000,0x000000077039d8f0,0x0000000770980000)
  to   space 10752K, 0% used [0x0000000770980000,0x0000000770980000,0x0000000771400000)
 ParOldGen       total 172032K, used 0K [0x00000006c4000000, 0x00000006ce800000, 0x000000076c000000)
  object space 172032K, 0% used [0x00000006c4000000,0x00000006c4000000,0x00000006ce800000)
 Metaspace       used 13025K, capacity 13250K, committed 13440K, reserved 1060864K
  class space    used 1331K, capacity 1398K, committed 1408K, reserved 1048576K
Event: 1.398 GC heap after
Heap after GC invocations=2 (full 0):
 PSYoungGen      total 75264K, used 4342K [0x000000076c000000, 0x0000000775300000, 0x00000007c0000000)
  eden space 64512K, 0% used [0x000000076c000000,0x000000076c000000,0x000000076ff00000)
  from space 10752K, 40% used [0x0000000770980000,0x0000000770dbdbe8,0x0000000771400000)
  to   space 10752K, 0% used [0x000000076ff00000,0x000000076ff00000,0x0000000770980000)
 ParOldGen       total 172032K, used 8K [0x00000006c4000000, 0x00000006ce800000, 0x000000076c000000)
  object space 172032K, 0% used [0x00000006c4000000,0x00000006c4002000,0x00000006ce800000)
 Metaspace       used 13025K, capacity 13250K, committed 13440K, reserved 1060864K
  class space    used 1331K, capacity 1398K, committed 1408K, reserved 1048576K
}

Deoptimization events (7 events):
Event: 0.559 Thread 0x00000227c0c3c800 Uncommon trap: reason=class_check action=maybe_recompile pc=0x00000227a57ebf50 method=java.lang.String.equals(Ljava/lang/Object;)Z @ 8
Event: 0.559 Thread 0x00000227c0c3c800 Uncommon trap: reason=class_check action=maybe_recompile pc=0x00000227a57ebf50 method=java.lang.String.equals(Ljava/lang/Object;)Z @ 8
Event: 0.559 Thread 0x00000227c0c3c800 Uncommon trap: reason=class_check action=maybe_recompile pc=0x00000227a57ebf50 method=java.lang.String.equals(Ljava/lang/Object;)Z @ 8
Event: 0.559 Thread 0x00000227c0c3c800 Uncommon trap: reason=class_check action=maybe_recompile pc=0x00000227a57ebf50 method=java.lang.String.equals(Ljava/lang/Object;)Z @ 8
Event: 0.601 Thread 0x00000227c0c3c800 Uncommon trap: reason=unstable_if action=reinterpret pc=0x00000227a588613c method=java.lang.String.<init>([CII)V @ 18
Event: 2.166 Thread 0x00000227c0c3c800 Uncommon trap: reason=predicate action=maybe_recompile pc=0x00000227a58debcc method=java.util.ArrayList.indexOf(Ljava/lang/Object;)I @ 44
Event: 3.412 Thread 0x00000227c0c3c800 Uncommon trap: reason=unstable_if action=reinterpret pc=0x00000227a5ad4b44 method=controlP5.Controller.updateEvents()Ljava/lang/Object; @ 98

Classes redefined (0 events):
No events

Internal exceptions (10 events):
Event: 7.425 Thread 0x00000227c0c3c800 Exception <a 'java/io/IOException'> (0x000000076c634ea8) thrown at [C:\jenkins\workspace\8-2-build-windows-amd64-cygwin\jdk8u261\295\hotspot\src\share\vm\prims\jni.cpp, line 710]
Event: 7.425 Thread 0x00000227c0c3c800 Exception <a 'java/io/IOException'> (0x000000076c635728) thrown at [C:\jenkins\workspace\8-2-build-windows-amd64-cygwin\jdk8u261\295\hotspot\src\share\vm\prims\jni.cpp, line 710]
Event: 7.425 Thread 0x00000227c0c3c800 Exception <a 'java/io/IOException'> (0x000000076c635b98) thrown at [C:\jenkins\workspace\8-2-build-windows-amd64-cygwin\jdk8u261\295\hotspot\src\share\vm\prims\jni.cpp, line 710]
Event: 7.425 Thread 0x00000227c0c3c800 Exception <a 'java/io/IOException'> (0x000000076c635fd8) thrown at [C:\jenkins\workspace\8-2-build-windows-amd64-cygwin\jdk8u261\295\hotspot\src\share\vm\prims\jni.cpp, line 710]
Event: 7.425 Thread 0x00000227c0c3c800 Exception <a 'java/io/IOException'> (0x000000076c636870) thrown at [C:\jenkins\workspace\8-2-build-windows-amd64-cygwin\jdk8u261\295\hotspot\src\share\vm\prims\jni.cpp, line 710]
Event: 7.425 Thread 0x00000227c0c3c800 Exception <a 'java/io/IOException'> (0x000000076c636ce0) thrown at [C:\jenkins\workspace\8-2-build-windows-amd64-cygwin\jdk8u261\295\hotspot\src\share\vm\prims\jni.cpp, line 710]
Event: 7.425 Thread 0x00000227c0c3c800 Exception <a 'java/io/IOException'> (0x000000076c637120) thrown at [C:\jenkins\workspace\8-2-build-windows-amd64-cygwin\jdk8u261\295\hotspot\src\share\vm\prims\jni.cpp, line 710]
Event: 7.425 Thread 0x00000227c0c3c800 Exception <a 'java/io/IOException'> (0x000000076c637688) thrown at [C:\jenkins\workspace\8-2-build-windows-amd64-cygwin\jdk8u261\295\hotspot\src\share\vm\prims\jni.cpp, line 710]
Event: 7.425 Thread 0x00000227c0c3c800 Exception <a 'java/io/IOException'> (0x000000076c637af8) thrown at [C:\jenkins\workspace\8-2-build-windows-amd64-cygwin\jdk8u261\295\hotspot\src\share\vm\prims\jni.cpp, line 710]
Event: 7.425 Thread 0x00000227c0c3c800 Exception <a 'java/io/IOException'> (0x000000076c637f38) thrown at [C:\jenkins\workspace\8-2-build-windows-amd64-cygwin\jdk8u261\295\hotspot\src\share\vm\prims\jni.cpp, line 710]

Events (10 events):
Event: 7.421 loading class sun/util/calendar/CalendarUtils
Event: 7.421 loading class sun/util/calendar/CalendarUtils done
Event: 7.421 loading class java/text/DateFormatSymbols
Event: 7.422 loading class java/text/DateFormatSymbols done
Event: 7.422 loading class sun/util/locale/provider/DateFormatSymbolsProviderImpl
Event: 7.422 loading class sun/util/locale/provider/DateFormatSymbolsProviderImpl done
Event: 7.422 loading class java/util/Formattable
Event: 7.422 loading class java/util/Formattable done
Event: 9.533 Thread 0x00000227c0c3c800 DEOPT PACKING pc=0x00000227a5b05ba0 sp=0x00000029cc2fed00
Event: 9.533 Thread 0x00000227c0c3c800 DEOPT UNPACKING pc=0x00000227a56b7898 sp=0x00000029cc2fea70 mode 0


Dynamic libraries:
0x00007ff6def40000 - 0x00007ff6def87000 	C:\Program Files (x86)\Common Files\Oracle\Java\javapath\javaw.exe
0x00007ffb42b60000 - 0x00007ffb42d50000 	C:\Windows\SYSTEM32\ntdll.dll
0x00007ffb41090000 - 0x00007ffb41142000 	C:\Windows\System32\KERNEL32.DLL
0x00007ffb40810000 - 0x00007ffb40ab4000 	C:\Windows\System32\KERNELBASE.dll
0x00007ffb424a0000 - 0x00007ffb42543000 	C:\Windows\System32\ADVAPI32.dll
0x00007ffb40fe0000 - 0x00007ffb4107e000 	C:\Windows\System32\msvcrt.dll
0x00007ffb42730000 - 0x00007ffb427c7000 	C:\Windows\System32\sechost.dll
0x00007ffb41180000 - 0x00007ffb412a0000 	C:\Windows\System32\RPCRT4.dll
0x00007ffb427d0000 - 0x00007ffb42964000 	C:\Windows\System32\USER32.dll
0x00007ffb3fae0000 - 0x00007ffb3fb01000 	C:\Windows\System32\win32u.dll
0x00007ffb40c10000 - 0x00007ffb40c36000 	C:\Windows\System32\GDI32.dll
0x00007ffb40610000 - 0x00007ffb407a6000 	C:\Windows\System32\gdi32full.dll
0x00007ffb3fc30000 - 0x00007ffb3fcce000 	C:\Windows\System32\msvcp_win.dll
0x00007ffb3fd80000 - 0x00007ffb3fe7a000 	C:\Windows\System32\ucrtbase.dll
0x00007ffb1a460000 - 0x00007ffb1a6e4000 	C:\Windows\WinSxS\amd64_microsoft.windows.common-controls_6595b64144ccf1df_6.0.18362.959_none_e6c7bbbf130c62bb\COMCTL32.dll
0x00007ffb40c40000 - 0x00007ffb40f75000 	C:\Windows\System32\combase.dll
0x00007ffb3fbb0000 - 0x00007ffb3fc30000 	C:\Windows\System32\bcryptPrimitives.dll
0x00007ffb41150000 - 0x00007ffb4117e000 	C:\Windows\System32\IMM32.DLL
0x00007ffb397f0000 - 0x00007ffb39805000 	C:\Program Files\Java\jre\bin\vcruntime140.dll
0x00007ffb26540000 - 0x00007ffb265db000 	C:\Program Files\Java\jre\bin\msvcp140.dll
0x000000006d8a0000 - 0x000000006e10c000 	C:\Program Files\Java\jre\bin\server\jvm.dll
0x00007ffb42020000 - 0x00007ffb42028000 	C:\Windows\System32\PSAPI.DLL
0x00007ffb3cdc0000 - 0x00007ffb3cdc9000 	C:\Windows\SYSTEM32\WSOCK32.dll
0x00007ffb3c110000 - 0x00007ffb3c134000 	C:\Windows\SYSTEM32\WINMM.dll
0x00007ffb32f00000 - 0x00007ffb32f0a000 	C:\Windows\SYSTEM32\VERSION.dll
0x00007ffb413d0000 - 0x00007ffb4143f000 	C:\Windows\System32\WS2_32.dll
0x00007ffb3c0e0000 - 0x00007ffb3c10d000 	C:\Windows\SYSTEM32\winmmbase.dll
0x00007ffb3fb60000 - 0x00007ffb3fbaa000 	C:\Windows\System32\cfgmgr32.dll
0x00007ffb3faa0000 - 0x00007ffb3fab1000 	C:\Windows\System32\kernel.appcore.dll
0x00007ffb3bb70000 - 0x00007ffb3bb80000 	C:\Program Files\Java\jre\bin\verify.dll
0x00007ffb26510000 - 0x00007ffb2653b000 	C:\Program Files\Java\jre\bin\java.dll
0x00007ffb2be10000 - 0x00007ffb2be28000 	C:\Program Files\Java\jre\bin\zip.dll
0x00007ffb41630000 - 0x00007ffb41d16000 	C:\Windows\System32\SHELL32.dll
0x00007ffb42680000 - 0x00007ffb42729000 	C:\Windows\System32\shcore.dll
0x00007ffb3fe80000 - 0x00007ffb40602000 	C:\Windows\System32\windows.storage.dll
0x00007ffb3fa70000 - 0x00007ffb3fa93000 	C:\Windows\System32\profapi.dll
0x00007ffb3fa20000 - 0x00007ffb3fa6a000 	C:\Windows\System32\powrprof.dll
0x00007ffb3fa10000 - 0x00007ffb3fa20000 	C:\Windows\System32\UMPDC.dll
0x00007ffb40f80000 - 0x00007ffb40fd2000 	C:\Windows\System32\shlwapi.dll
0x00007ffb3fb10000 - 0x00007ffb3fb27000 	C:\Windows\System32\cryptsp.dll
0x00007ffb26370000 - 0x00007ffb26504000 	C:\Program Files\Java\jre\bin\awt.dll
0x00007ffb425b0000 - 0x00007ffb42675000 	C:\Windows\System32\OLEAUT32.dll
0x00007ffb3d6e0000 - 0x00007ffb3d76f000 	C:\Windows\SYSTEM32\apphelp.dll
0x00007ffb3d8a0000 - 0x00007ffb3d939000 	C:\Windows\system32\uxtheme.dll
0x00007ffb41440000 - 0x00007ffb41575000 	C:\Windows\System32\MSCTF.dll
0x00007ffb41e60000 - 0x00007ffb41fb7000 	C:\Windows\System32\ole32.dll
0x00007ffb3dc20000 - 0x00007ffb3dc4d000 	C:\Windows\system32\DWMAPI.DLL
0x00007ffb1a930000 - 0x00007ffb1aa86000 	C:\Windows\system32\opengl32.dll
0x00007ffb1a8c0000 - 0x00007ffb1a8ec000 	C:\Windows\SYSTEM32\GLU32.dll
0x00007ffb3e640000 - 0x00007ffb3e660000 	C:\Windows\SYSTEM32\dxcore.dll
0x00007ffb26320000 - 0x00007ffb26369000 	C:\Program Files\Java\jre\bin\fontmanager.dll
0x0000000010000000 - 0x000000001005a000 	C:\Users\lapry\Desktop\sangiorgio\Multiwii\MultiWii_2_3\MultiWiiConf\application.windows64\jogl.dll
0x000000006e3b0000 - 0x000000006e479000 	C:\Windows\WinSxS\amd64_microsoft.vc80.crt_1fc8b3b9a1e18e3b_8.0.50727.9659_none_88dfc6bf2faefcc6\MSVCR80.dll
0x00007ffb3b510000 - 0x00007ffb3b517000 	C:\Program Files\Java\jre\bin\jawt.dll
0x0000000000a90000 - 0x0000000000a97000 	C:\Users\lapry\Desktop\sangiorgio\Multiwii\MultiWii_2_3\MultiWiiConf\application.windows64\jogl_awt.dll
0x00007ffad9b70000 - 0x00007ffadaab6000 	C:\Windows\System32\DriverStore\FileRepository\iigd_dch.inf_amd64_9142c5ac70adba55\ig11icd64.dll
0x00007ffb3e6d0000 - 0x00007ffb3e7bb000 	C:\Windows\system32\dxgi.dll
0x00007ffb115c0000 - 0x00007ffb1165e000 	C:\Windows\System32\TextInputFramework.dll
0x00007ffb3b550000 - 0x00007ffb3b87a000 	C:\Windows\System32\CoreUIComponents.dll
0x00007ffb3d3e0000 - 0x00007ffb3d4b4000 	C:\Windows\System32\CoreMessaging.dll
0x00007ffb3ea30000 - 0x00007ffb3ea61000 	C:\Windows\SYSTEM32\ntmarta.dll
0x00007ffb3b220000 - 0x00007ffb3b373000 	C:\Windows\SYSTEM32\wintypes.dll
0x00007ffb0e790000 - 0x00007ffb0e7f5000 	C:\Windows\system32\Oleacc.dll
0x00007ffb33ec0000 - 0x00007ffb362f6000 	C:\Windows\System32\DriverStore\FileRepository\iigd_dch.inf_amd64_9142c5ac70adba55\igc64.dll
0x00007ffb36300000 - 0x00007ffb364a4000 	C:\Windows\System32\DriverStore\FileRepository\iigd_dch.inf_amd64_9142c5ac70adba55\igdgmm64.dll
0x00007ffb262e0000 - 0x00007ffb262fc000 	C:\Program Files\Java\jre\bin\net.dll
0x00007ffb3f1d0000 - 0x00007ffb3f237000 	C:\Windows\system32\mswsock.dll
0x00007ffb262c0000 - 0x00007ffb262d3000 	C:\Program Files\Java\jre\bin\nio.dll
0x00007ffb26270000 - 0x00007ffb262b3000 	C:\Program Files\Java\jre\bin\t2k.dll
0x0000000180000000 - 0x0000000180025000 	C:\Users\lapry\Desktop\sangiorgio\Multiwii\MultiWii_2_3\MultiWiiConf\application.windows64\rxtxSerial.dll
0x00007ffb27c70000 - 0x00007ffb27f16000 	C:\Windows\System32\iertutil.dll
0x00007ffb3e120000 - 0x00007ffb3e314000 	C:\Windows\SYSTEM32\dbghelp.dll

VM Arguments:
java_command: MultiWiiConf
java_class_path (initial): C:\Users\lapry\Desktop\sangiorgio\Multiwii\MultiWii_2_3\MultiWiiConf\application.windows64\lib\MultiWiiConf.jar;C:\Users\lapry\Desktop\sangiorgio\Multiwii\MultiWii_2_3\MultiWiiConf\application.windows64\lib\core.jar;C:\Users\lapry\Desktop\sangiorgio\Multiwii\MultiWii_2_3\MultiWiiConf\application.windows64\lib\RXTXcomm.jar;C:\Users\lapry\Desktop\sangiorgio\Multiwii\MultiWii_2_3\MultiWiiConf\application.windows64\lib\serial.jar;C:\Users\lapry\Desktop\sangiorgio\Multiwii\MultiWii_2_3\MultiWiiConf\application.windows64\lib\controlP5.jar;C:\Users\lapry\Desktop\sangiorgio\Multiwii\MultiWii_2_3\MultiWiiConf\application.windows64\lib\gluegen-rt.jar;C:\Users\lapry\Desktop\sangiorgio\Multiwii\MultiWii_2_3\MultiWiiConf\application.windows64\lib\jogl.jar;C:\Users\lapry\Desktop\sangiorgio\Multiwii\MultiWii_2_3\MultiWiiConf\application.windows64\lib\opengl.jar
Launcher Type: SUN_STANDARD

Environment Variables:
CLASSPATH=C:\Users\lapry\Desktop\sangiorgio\Multiwii\MultiWii_2_3\MultiWiiConf\application.windows64\lib\MultiWiiConf.jar;C:\Users\lapry\Desktop\sangiorgio\Multiwii\MultiWii_2_3\MultiWiiConf\application.windows64\lib\core.jar;C:\Users\lapry\Desktop\sangiorgio\Multiwii\MultiWii_2_3\MultiWiiConf\application.windows64\lib\RXTXcomm.jar;C:\Users\lapry\Desktop\sangiorgio\Multiwii\MultiWii_2_3\MultiWiiConf\application.windows64\lib\serial.jar;C:\Users\lapry\Desktop\sangiorgio\Multiwii\MultiWii_2_3\MultiWiiConf\application.windows64\lib\controlP5.jar;C:\Users\lapry\Desktop\sangiorgio\Multiwii\MultiWii_2_3\MultiWiiConf\application.windows64\lib\gluegen-rt.jar;C:\Users\lapry\Desktop\sangiorgio\Multiwii\MultiWii_2_3\MultiWiiConf\application.windows64\lib\jogl.jar;C:\Users\lapry\Desktop\sangiorgio\Multiwii\MultiWii_2_3\MultiWiiConf\application.windows64\lib\opengl.jar
PATH=C:\Program Files (x86)\Common Files\Oracle\Java\javapath;C:\Windows\system32;C:\Windows;C:\Windows\System32\Wbem;C:\Windows\System32\WindowsPowerShell\v1.0;C:\Program Files\PowerShell\7;C:\Program Files\Java\jre\bin;C:\Users\lapry\AppData\Local\Programs\Python\Python37\Scripts;C:\Users\lapry\AppData\Local\Programs\Python\Python37;C:\Users\lapry\scoop\shims;C:\Users\lapry\AppData\Local\Microsoft\WindowsApps;C:\Users\lapry\AppData\Local\GitHubDesktop\bin;C:\Users\lapry\AppData\Local\Programs\Microsoft VS Code\bin
USERNAME=lapry
OS=Windows_NT
PROCESSOR_IDENTIFIER=Intel64 Family 6 Model 126 Stepping 5, GenuineIntel



---------------  S Y S T E M  ---------------

OS: Windows 10.0 , 64 bit Build 18362 (10.0.18362.959)

CPU:total 8 (initial active 8) (4 cores per cpu, 2 threads per core) family 6 model 126 stepping 5, cmov, cx8, fxsr, mmx, sse, sse2, sse3, ssse3, sse4.1, sse4.2, popcnt, avx, avx2, aes, clmul, erms, 3dnowpref, lzcnt, ht, tsc, tscinvbit, bmi1, bmi2, adx

Memory: 4k page, physical 16513804k(11447728k free), swap 19004172k(12235564k free)

vm_info: Java HotSpot(TM) 64-Bit Server VM (25.261-b12) for windows-amd64 JRE (1.8.0_261-b12), built on Jun 18 2020 06:56:32 by "" with unknown MS VC++:1916

time: Wed Jul 22 10:48:35 2020
timezone: ora legale Europa occidentale
elapsed time: 9 seconds (0d 0h 0m 9s)

