#
# A fatal error has been detected by the Java Runtime Environment:
#
#  EXCEPTION_ACCESS_VIOLATION (0xc0000005) at pc=0x00000001800044cb, pid=14568, tid=7528
#
# JRE version: Java(TM) SE Runtime Environment (14.0.1+7) (build 14.0.1+7)
# Java VM: Java HotSpot(TM) 64-Bit Server VM (14.0.1+7, mixed mode, sharing, tiered, compressed oops, g1 gc, windows-amd64)
# Problematic frame:
# C  [rxtxSerial.dll+0x44cb]
#
# No core dump will be written. Minidumps are not enabled by default on client versions of Windows
#
# If you would like to submit a bug report, please visit:
#   https://bugreport.java.com/bugreport/crash.jsp
# The crash happened outside the Java Virtual Machine in native code.
# See problematic frame for where to report the bug.
#

---------------  S U M M A R Y ------------

Command Line: MultiWiiConf

Host: Intel(R) Core(TM) i7-1065G7 CPU @ 1.30GHz, 8 cores, 15G,  Windows 10 , 64 bit Build 18362 (10.0.18362.959)
Time: Wed Jul 22 09:56:31 2020 ora legale Europa occidentale elapsed time: 6 seconds (0d 0h 0m 6s)

---------------  T H R E A D  ---------------

Current thread (0x0000025536b4b800):  JavaThread "Animation Thread" [_thread_in_native, id=7528, stack(0x000000da5fa00000,0x000000da5fb00000)]

Stack: [0x000000da5fa00000,0x000000da5fb00000],  sp=0x000000da5fafe900,  free space=1018k
Native frames: (J=compiled Java code, j=interpreted, Vv=VM code, C=native code)
C  [rxtxSerial.dll+0x44cb]

Java frames: (J=compiled Java code, j=interpreted, Vv=VM code)
j  gnu.io.RXTXPort.nativeDrain(Z)Z+0
j  gnu.io.RXTXPort$SerialOutputStream.flush()V+92
j  processing.serial.Serial.write([B)V+12
j  MultiWiiConf.sendRequestMSP(Ljava/util/List;)V+60
j  MultiWiiConf.draw()V+934
j  processing.core.PApplet.handleDraw()V+145
j  processing.core.PApplet.run()V+72
j  java.lang.Thread.run()V+11 java.base@14.0.1
v  ~StubRoutines::call_stub

siginfo: EXCEPTION_ACCESS_VIOLATION (0xc0000005), reading address 0x00000000605fee8c


Register to memory mapping:

RIP=0x00000001800044cb rxtxSerial.dll
RAX=0x000000000000001c is an unknown value
RBX=0x0000000000000001 is an unknown value
RCX=0x000000da5fafecdc is pointing into the stack for thread: 0x0000025536b4b800
RDX=0x0 is NULL
RSP=0x000000da5fafe900 is pointing into the stack for thread: 0x0000025536b4b800
RBP=0x0000000000000001 is an unknown value
RSI=0x0 is NULL
RDI=0x0000025536b4bb10 points into unknown readable memory: a0 1a 0f b8 ff 7f 00 00
R8 =0x000000da5fafe5c0 is pointing into the stack for thread: 0x0000025536b4b800
R9 =0x0000000180000000 rxtxSerial.dll
R10=0x0 is NULL
R11=0x0000000000000200 is an unknown value
R12=0x00000000605fee80 is an unknown value
R13=0x0 is NULL
R14=0x000000da5fafedf8 is pointing into the stack for thread: 0x0000025536b4b800
R15=0x0000025536b4b800 is a thread


Registers:
RAX=0x000000000000001c, RBX=0x0000000000000001, RCX=0x000000da5fafecdc, RDX=0x0000000000000000
RSP=0x000000da5fafe900, RBP=0x0000000000000001, RSI=0x0000000000000000, RDI=0x0000025536b4bb10
R8 =0x000000da5fafe5c0, R9 =0x0000000180000000, R10=0x0000000000000000, R11=0x0000000000000200
R12=0x00000000605fee80, R13=0x0000000000000000, R14=0x000000da5fafedf8, R15=0x0000025536b4b800
RIP=0x00000001800044cb, EFLAGS=0x0000000000010202

Top of Stack: (sp=0x000000da5fafe900)
0x000000da5fafe900:   0000025543943868 000000018001c4c0
0x000000da5fafe910:   0000000000000000 0000000000000001
0x000000da5fafe920:   0000025536b4b800 00007fffb7a6ed03
0x000000da5fafe930:   000000da5fafedf8 0000025536b4b800
0x000000da5fafe940:   0000025536b59710 0000025536e781b0
0x000000da5fafe950:   0000025536b4b800 0000025536b4b800
0x000000da5fafe960:   00000008002b59a8 0000025536b4b800
0x000000da5fafe970:   000000080040baa0 000000080040e148
0x000000da5fafe980:   00000008002b4a38 00007fffb7da4d3a
0x000000da5fafe990:   0000000000000000 00007fffb7cfc2a8
0x000000da5fafe9a0:   0000025536e70000 00007ff814c3fb91
0x000000da5fafe9b0:   0000025512679930 00007fffb7da458a
0x000000da5fafe9c0:   000000da5fafea30 0000000000000000
0x000000da5fafe9d0:   0000025512679930 0000000000000000
0x000000da5fafe9e0:   0000025512679930 00007fffb7a6686f
0x000000da5fafe9f0:   0000025543943868 0000025536b4b800 

Instructions: (pc=0x00000001800044cb)
0x00000001800043cb:   89 54 24 30 e8 3c f4 ff ff 48 8b 54 24 30 4c 8d
0x00000001800043db:   0d b4 80 01 00 4c 8d 05 b1 80 01 00 48 8b cf 8b
0x00000001800043eb:   e8 e8 1f f4 ff ff 33 db 4c 63 e0 8b cd e8 43 41
0x00000001800043fb:   00 00 ff c3 8b f0 85 c0 74 0f e8 72 63 00 00 83
0x000000018000440b:   38 04 75 05 83 fb 03 7c e2 48 8d 15 a5 80 01 00
0x000000018000441b:   48 8d 8c 24 c0 03 00 00 44 8b c6 e8 11 5e 00 00
0x000000018000442b:   85 f6 0f 84 86 00 00 00 e8 44 63 00 00 8b 08 e8
0x000000018000443b:   59 62 00 00 4c 8b 07 48 8d 15 a7 80 01 00 48 8b
0x000000018000444b:   cf 48 8b f0 41 ff 50 30 48 8b d8 48 85 c0 75 1b
0x000000018000445b:   48 8b 07 48 8b cf ff 90 80 00 00 00 4c 8b 1f 48
0x000000018000446b:   8b cf 41 ff 93 88 00 00 00 eb 43 4c 8d 0d 63 80
0x000000018000447b:   01 00 48 8d 15 7c 90 01 00 48 8d 8c 24 78 03 00
0x000000018000448b:   00 4c 8b c6 e8 a8 5d 00 00 4c 8b 1f 4c 8d 84 24
0x000000018000449b:   78 03 00 00 48 8b d3 48 8b cf 41 ff 53 70 4c 8b
0x00000001800044ab:   1f 48 8b d3 48 8b cf 41 ff 93 b8 00 00 00 45 84
0x00000001800044bb:   ed 0f 85 b7 00 00 00 4d 85 e4 0f 84 ae 00 00 00
0x00000001800044cb:   41 83 7c 24 0c 00 0f 84 a2 00 00 00 48 8d 4c 24
0x00000001800044db:   38 49 8b d4 41 b8 40 03 00 00 e8 06 64 00 00 4c
0x00000001800044eb:   8b 1f 48 8b 54 24 30 48 8b cf 41 ff 93 f8 00 00
0x00000001800044fb:   00 48 8b 54 24 30 4c 8d 0d f8 7a 01 00 4c 8d 05
0x000000018000450b:   f5 7a 01 00 48 8b cf 48 8b d8 e8 f6 f2 ff ff 4c
0x000000018000451b:   8b 1f 4c 8d 0d e4 7a 01 00 4c 8d 05 e5 7a 01 00
0x000000018000452b:   48 8b d3 48 8b cf 41 ff 93 08 01 00 00 83 bc 24
0x000000018000453b:   d0 00 00 00 01 48 8b f0 7f 34 48 85 db 74 2f 48
0x000000018000454b:   8b 17 48 8b cf ff 92 88 00 00 00 4c 8b 1f 48 8b
0x000000018000455b:   54 24 30 41 b9 02 00 00 00 4c 8b c6 48 8b cf c7
0x000000018000456b:   44 24 20 01 00 00 00 41 ff 93 28 01 00 00 32 c0
0x000000018000457b:   48 8b 8c 24 10 04 00 00 48 33 cc e8 05 5b 00 00
0x000000018000458b:   48 8b 9c 24 60 04 00 00 48 81 c4 20 04 00 00 41
0x000000018000459b:   5d 41 5c 5f 5e 5d c3 cc cc cc cc cc cc cc cc cc
0x00000001800045ab:   cc cc cc cc cc 40 53 48 83 ec 20 41 8b d8 4c 8d
0x00000001800045bb:   0d dc 7e 01 00 4c 8d 05 25 7f 01 00 e8 44 f2 ff 


Stack slot to memory mapping:
stack at sp + 0 slots: {method} {0x0000025543943870} 'nativeDrain' '(Z)Z' in 'gnu/io/RXTXPort'
stack at sp + 1 slots: 0x000000018001c4c0 rxtxSerial.dll
stack at sp + 2 slots: 0x0 is NULL
stack at sp + 3 slots: 0x0000000000000001 is an unknown value
stack at sp + 4 slots: 0x0000025536b4b800 is a thread
stack at sp + 5 slots: 0x00007fffb7a6ed03 jvm.dll
stack at sp + 6 slots: 0x000000da5fafedf8 is pointing into the stack for thread: 0x0000025536b4b800
stack at sp + 7 slots: 0x0000025536b4b800 is a thread


---------------  P R O C E S S  ---------------

Threads class SMR info:
_java_thread_list=0x0000025538806c60, length=18, elements={
0x0000025536b1b800, 0x0000025536b1d000, 0x0000025536b3e000, 0x0000025536b3f000,
0x0000025536b40800, 0x0000025536b45000, 0x0000025536b4c000, 0x0000025536b65000,
0x0000025536b4e800, 0x0000025536b4a800, 0x0000025536b4d000, 0x0000025536b4d800,
0x0000025536b4f800, 0x0000025536b49800, 0x0000025536b50000, 0x0000025536b4b800,
0x0000025537898800, 0x0000025537893800
}

Java Threads: ( => current thread )
  0x0000025536b1b800 JavaThread "Reference Handler" daemon [_thread_blocked, id=14792, stack(0x000000da5ea00000,0x000000da5eb00000)]
  0x0000025536b1d000 JavaThread "Finalizer" daemon [_thread_blocked, id=14852, stack(0x000000da5eb00000,0x000000da5ec00000)]
  0x0000025536b3e000 JavaThread "Signal Dispatcher" daemon [_thread_blocked, id=15776, stack(0x000000da5ec00000,0x000000da5ed00000)]
  0x0000025536b3f000 JavaThread "Attach Listener" daemon [_thread_blocked, id=14972, stack(0x000000da5ed00000,0x000000da5ee00000)]
  0x0000025536b40800 JavaThread "Service Thread" daemon [_thread_blocked, id=14976, stack(0x000000da5ee00000,0x000000da5ef00000)]
  0x0000025536b45000 JavaThread "C2 CompilerThread0" daemon [_thread_blocked, id=15784, stack(0x000000da5ef00000,0x000000da5f000000)]
  0x0000025536b4c000 JavaThread "C1 CompilerThread0" daemon [_thread_blocked, id=15788, stack(0x000000da5f000000,0x000000da5f100000)]
  0x0000025536b65000 JavaThread "Sweeper thread" daemon [_thread_blocked, id=15780, stack(0x000000da5f100000,0x000000da5f200000)]
  0x0000025536b4e800 JavaThread "Notification Thread" daemon [_thread_blocked, id=14856, stack(0x000000da5f200000,0x000000da5f300000)]
  0x0000025536b4a800 JavaThread "Common-Cleaner" daemon [_thread_blocked, id=15488, stack(0x000000da5f400000,0x000000da5f500000)]
  0x0000025536b4d000 JavaThread "Java2D Disposer" daemon [_thread_blocked, id=9140, stack(0x000000da5f500000,0x000000da5f600000)]
  0x0000025536b4d800 JavaThread "AWT-Shutdown" [_thread_blocked, id=13832, stack(0x000000da5f600000,0x000000da5f700000)]
  0x0000025536b4f800 JavaThread "AWT-Windows" daemon [_thread_in_native, id=9328, stack(0x000000da5f700000,0x000000da5f800000)]
  0x0000025536b49800 JavaThread "AWT-EventQueue-0" [_thread_blocked, id=12440, stack(0x000000da5f800000,0x000000da5f900000)]
  0x0000025536b50000 JavaThread "Image Fetcher 0" daemon [_thread_blocked, id=5052, stack(0x000000da5f900000,0x000000da5fa00000)]
=>0x0000025536b4b800 JavaThread "Animation Thread" [_thread_in_native, id=7528, stack(0x000000da5fa00000,0x000000da5fb00000)]
  0x0000025537898800 JavaThread "DestroyJavaVM" [_thread_blocked, id=14808, stack(0x000000da5e300000,0x000000da5e400000)]
  0x0000025537893800 JavaThread "Thread-0" [_thread_in_native, id=12524, stack(0x000000da60500000,0x000000da60600000)]

Other Threads:
  0x0000025536b16800 VMThread "VM Thread" [stack: 0x000000da5e900000,0x000000da5ea00000] [id=14848]
  0x0000025536c8e800 WatcherThread [stack: 0x000000da5f300000,0x000000da5f400000] [id=13752]
  0x00000255126e3000 GCTaskThread "GC Thread#0" [stack: 0x000000da5e400000,0x000000da5e500000] [id=14824]
  0x000002553770b000 GCTaskThread "GC Thread#1" [stack: 0x000000da5fe00000,0x000000da5ff00000] [id=15408]
  0x000002553770b800 GCTaskThread "GC Thread#2" [stack: 0x000000da5ff00000,0x000000da60000000] [id=15412]
  0x0000025537750800 GCTaskThread "GC Thread#3" [stack: 0x000000da60000000,0x000000da60100000] [id=15416]
  0x0000025537751000 GCTaskThread "GC Thread#4" [stack: 0x000000da60100000,0x000000da60200000] [id=15420]
  0x0000025537708800 GCTaskThread "GC Thread#5" [stack: 0x000000da60200000,0x000000da60300000] [id=15424]
  0x0000025537709800 GCTaskThread "GC Thread#6" [stack: 0x000000da60300000,0x000000da60400000] [id=15428]
  0x0000025537775000 GCTaskThread "GC Thread#7" [stack: 0x000000da60400000,0x000000da60500000] [id=16184]
  0x0000025512704000 ConcurrentGCThread "G1 Main Marker" [stack: 0x000000da5e500000,0x000000da5e600000] [id=14832]
  0x0000025512706000 ConcurrentGCThread "G1 Conc#0" [stack: 0x000000da5e600000,0x000000da5e700000] [id=14836]
  0x0000025535e4e000 ConcurrentGCThread "G1 Refine#0" [stack: 0x000000da5e700000,0x000000da5e800000] [id=14840]
  0x0000025535e4f000 ConcurrentGCThread "G1 Young RemSet Sampling" [stack: 0x000000da5e800000,0x000000da5e900000] [id=14844]

Threads with active compile tasks:

VM state:not at safepoint (normal execution)

VM Mutex/Monitor currently owned by a thread: None

Heap address: 0x0000000704000000, size: 4032 MB, Compressed Oops mode: Zero based, Oop shift amount: 3
Narrow klass base: 0x0000000800000000, Narrow klass shift: 3
Compressed class space size: 1073741824 Address: 0x0000000800b30000

Heap:
 garbage-first heap   total 258048K, used 73708K [0x0000000704000000, 0x0000000800000000)
  region size 1024K, 70 young (71680K), 1 survivors (1024K)
 Metaspace       used 11065K, capacity 11346K, committed 11520K, reserved 1060864K
  class space    used 937K, capacity 1015K, committed 1024K, reserved 1048576K
Heap Regions: E=young(eden), S=young(survivor), O=old, HS=humongous(starts), HC=humongous(continues), CS=collection set, F=free, OA=open archive, CA=closed archive, TAMS=top-at-mark-start (previous, next)
|   0|0x0000000704000000, 0x0000000704100000, 0x0000000704100000|100%| O|  |TAMS 0x0000000704000000, 0x0000000704000000| Untracked 
|   1|0x0000000704100000, 0x0000000704200000, 0x0000000704200000|100%| O|  |TAMS 0x0000000704100000, 0x0000000704100000| Untracked 
|   2|0x0000000704200000, 0x0000000704300000, 0x0000000704300000|100%| O|  |TAMS 0x0000000704200000, 0x0000000704200000| Untracked 
|   3|0x0000000704300000, 0x000000070439fe00, 0x0000000704400000| 62%| O|  |TAMS 0x0000000704300000, 0x0000000704300000| Untracked 
|   4|0x0000000704400000, 0x0000000704400000, 0x0000000704500000|  0%| F|  |TAMS 0x0000000704400000, 0x0000000704400000| Untracked 
|   5|0x0000000704500000, 0x0000000704500000, 0x0000000704600000|  0%| F|  |TAMS 0x0000000704500000, 0x0000000704500000| Untracked 
|   6|0x0000000704600000, 0x0000000704600000, 0x0000000704700000|  0%| F|  |TAMS 0x0000000704600000, 0x0000000704600000| Untracked 
|   7|0x0000000704700000, 0x0000000704700000, 0x0000000704800000|  0%| F|  |TAMS 0x0000000704700000, 0x0000000704700000| Untracked 
|   8|0x0000000704800000, 0x0000000704800000, 0x0000000704900000|  0%| F|  |TAMS 0x0000000704800000, 0x0000000704800000| Untracked 
|   9|0x0000000704900000, 0x0000000704900000, 0x0000000704a00000|  0%| F|  |TAMS 0x0000000704900000, 0x0000000704900000| Untracked 
|  10|0x0000000704a00000, 0x0000000704a00000, 0x0000000704b00000|  0%| F|  |TAMS 0x0000000704a00000, 0x0000000704a00000| Untracked 
|  11|0x0000000704b00000, 0x0000000704b00000, 0x0000000704c00000|  0%| F|  |TAMS 0x0000000704b00000, 0x0000000704b00000| Untracked 
|  12|0x0000000704c00000, 0x0000000704c00000, 0x0000000704d00000|  0%| F|  |TAMS 0x0000000704c00000, 0x0000000704c00000| Untracked 
|  13|0x0000000704d00000, 0x0000000704d00000, 0x0000000704e00000|  0%| F|  |TAMS 0x0000000704d00000, 0x0000000704d00000| Untracked 
|  14|0x0000000704e00000, 0x0000000704e00000, 0x0000000704f00000|  0%| F|  |TAMS 0x0000000704e00000, 0x0000000704e00000| Untracked 
|  15|0x0000000704f00000, 0x0000000704f00000, 0x0000000705000000|  0%| F|  |TAMS 0x0000000704f00000, 0x0000000704f00000| Untracked 
|  16|0x0000000705000000, 0x0000000705000000, 0x0000000705100000|  0%| F|  |TAMS 0x0000000705000000, 0x0000000705000000| Untracked 
|  17|0x0000000705100000, 0x0000000705100000, 0x0000000705200000|  0%| F|  |TAMS 0x0000000705100000, 0x0000000705100000| Untracked 
|  18|0x0000000705200000, 0x0000000705200000, 0x0000000705300000|  0%| F|  |TAMS 0x0000000705200000, 0x0000000705200000| Untracked 
|  19|0x0000000705300000, 0x0000000705300000, 0x0000000705400000|  0%| F|  |TAMS 0x0000000705300000, 0x0000000705300000| Untracked 
|  20|0x0000000705400000, 0x0000000705400000, 0x0000000705500000|  0%| F|  |TAMS 0x0000000705400000, 0x0000000705400000| Untracked 
|  21|0x0000000705500000, 0x0000000705500000, 0x0000000705600000|  0%| F|  |TAMS 0x0000000705500000, 0x0000000705500000| Untracked 
|  22|0x0000000705600000, 0x0000000705600000, 0x0000000705700000|  0%| F|  |TAMS 0x0000000705600000, 0x0000000705600000| Untracked 
|  23|0x0000000705700000, 0x0000000705700000, 0x0000000705800000|  0%| F|  |TAMS 0x0000000705700000, 0x0000000705700000| Untracked 
|  24|0x0000000705800000, 0x0000000705800000, 0x0000000705900000|  0%| F|  |TAMS 0x0000000705800000, 0x0000000705800000| Untracked 
|  25|0x0000000705900000, 0x0000000705900000, 0x0000000705a00000|  0%| F|  |TAMS 0x0000000705900000, 0x0000000705900000| Untracked 
|  26|0x0000000705a00000, 0x0000000705a00000, 0x0000000705b00000|  0%| F|  |TAMS 0x0000000705a00000, 0x0000000705a00000| Untracked 
|  27|0x0000000705b00000, 0x0000000705b00000, 0x0000000705c00000|  0%| F|  |TAMS 0x0000000705b00000, 0x0000000705b00000| Untracked 
|  28|0x0000000705c00000, 0x0000000705c00000, 0x0000000705d00000|  0%| F|  |TAMS 0x0000000705c00000, 0x0000000705c00000| Untracked 
|  29|0x0000000705d00000, 0x0000000705d00000, 0x0000000705e00000|  0%| F|  |TAMS 0x0000000705d00000, 0x0000000705d00000| Untracked 
|  30|0x0000000705e00000, 0x0000000705e00000, 0x0000000705f00000|  0%| F|  |TAMS 0x0000000705e00000, 0x0000000705e00000| Untracked 
|  31|0x0000000705f00000, 0x0000000705f00000, 0x0000000706000000|  0%| F|  |TAMS 0x0000000705f00000, 0x0000000705f00000| Untracked 
|  32|0x0000000706000000, 0x0000000706000000, 0x0000000706100000|  0%| F|  |TAMS 0x0000000706000000, 0x0000000706000000| Untracked 
|  33|0x0000000706100000, 0x0000000706100000, 0x0000000706200000|  0%| F|  |TAMS 0x0000000706100000, 0x0000000706100000| Untracked 
|  34|0x0000000706200000, 0x0000000706200000, 0x0000000706300000|  0%| F|  |TAMS 0x0000000706200000, 0x0000000706200000| Untracked 
|  35|0x0000000706300000, 0x0000000706300000, 0x0000000706400000|  0%| F|  |TAMS 0x0000000706300000, 0x0000000706300000| Untracked 
|  36|0x0000000706400000, 0x0000000706400000, 0x0000000706500000|  0%| F|  |TAMS 0x0000000706400000, 0x0000000706400000| Untracked 
|  37|0x0000000706500000, 0x0000000706500000, 0x0000000706600000|  0%| F|  |TAMS 0x0000000706500000, 0x0000000706500000| Untracked 
|  38|0x0000000706600000, 0x0000000706600000, 0x0000000706700000|  0%| F|  |TAMS 0x0000000706600000, 0x0000000706600000| Untracked 
|  39|0x0000000706700000, 0x0000000706700000, 0x0000000706800000|  0%| F|  |TAMS 0x0000000706700000, 0x0000000706700000| Untracked 
|  40|0x0000000706800000, 0x0000000706800000, 0x0000000706900000|  0%| F|  |TAMS 0x0000000706800000, 0x0000000706800000| Untracked 
|  41|0x0000000706900000, 0x0000000706900000, 0x0000000706a00000|  0%| F|  |TAMS 0x0000000706900000, 0x0000000706900000| Untracked 
|  42|0x0000000706a00000, 0x0000000706a00000, 0x0000000706b00000|  0%| F|  |TAMS 0x0000000706a00000, 0x0000000706a00000| Untracked 
|  43|0x0000000706b00000, 0x0000000706b00000, 0x0000000706c00000|  0%| F|  |TAMS 0x0000000706b00000, 0x0000000706b00000| Untracked 
|  44|0x0000000706c00000, 0x0000000706c00000, 0x0000000706d00000|  0%| F|  |TAMS 0x0000000706c00000, 0x0000000706c00000| Untracked 
|  45|0x0000000706d00000, 0x0000000706d00000, 0x0000000706e00000|  0%| F|  |TAMS 0x0000000706d00000, 0x0000000706d00000| Untracked 
|  46|0x0000000706e00000, 0x0000000706e00000, 0x0000000706f00000|  0%| F|  |TAMS 0x0000000706e00000, 0x0000000706e00000| Untracked 
|  47|0x0000000706f00000, 0x0000000706f00000, 0x0000000707000000|  0%| F|  |TAMS 0x0000000706f00000, 0x0000000706f00000| Untracked 
|  48|0x0000000707000000, 0x0000000707000000, 0x0000000707100000|  0%| F|  |TAMS 0x0000000707000000, 0x0000000707000000| Untracked 
|  49|0x0000000707100000, 0x0000000707100000, 0x0000000707200000|  0%| F|  |TAMS 0x0000000707100000, 0x0000000707100000| Untracked 
|  50|0x0000000707200000, 0x0000000707200000, 0x0000000707300000|  0%| F|  |TAMS 0x0000000707200000, 0x0000000707200000| Untracked 
|  51|0x0000000707300000, 0x0000000707300000, 0x0000000707400000|  0%| F|  |TAMS 0x0000000707300000, 0x0000000707300000| Untracked 
|  52|0x0000000707400000, 0x0000000707400000, 0x0000000707500000|  0%| F|  |TAMS 0x0000000707400000, 0x0000000707400000| Untracked 
|  53|0x0000000707500000, 0x0000000707500000, 0x0000000707600000|  0%| F|  |TAMS 0x0000000707500000, 0x0000000707500000| Untracked 
|  54|0x0000000707600000, 0x0000000707600000, 0x0000000707700000|  0%| F|  |TAMS 0x0000000707600000, 0x0000000707600000| Untracked 
|  55|0x0000000707700000, 0x0000000707700000, 0x0000000707800000|  0%| F|  |TAMS 0x0000000707700000, 0x0000000707700000| Untracked 
|  56|0x0000000707800000, 0x0000000707800000, 0x0000000707900000|  0%| F|  |TAMS 0x0000000707800000, 0x0000000707800000| Untracked 
|  57|0x0000000707900000, 0x0000000707900000, 0x0000000707a00000|  0%| F|  |TAMS 0x0000000707900000, 0x0000000707900000| Untracked 
|  58|0x0000000707a00000, 0x0000000707a00000, 0x0000000707b00000|  0%| F|  |TAMS 0x0000000707a00000, 0x0000000707a00000| Untracked 
|  59|0x0000000707b00000, 0x0000000707b00000, 0x0000000707c00000|  0%| F|  |TAMS 0x0000000707b00000, 0x0000000707b00000| Untracked 
|  60|0x0000000707c00000, 0x0000000707c00000, 0x0000000707d00000|  0%| F|  |TAMS 0x0000000707c00000, 0x0000000707c00000| Untracked 
|  61|0x0000000707d00000, 0x0000000707d00000, 0x0000000707e00000|  0%| F|  |TAMS 0x0000000707d00000, 0x0000000707d00000| Untracked 
|  62|0x0000000707e00000, 0x0000000707e00000, 0x0000000707f00000|  0%| F|  |TAMS 0x0000000707e00000, 0x0000000707e00000| Untracked 
|  63|0x0000000707f00000, 0x0000000707f00000, 0x0000000708000000|  0%| F|  |TAMS 0x0000000707f00000, 0x0000000707f00000| Untracked 
|  64|0x0000000708000000, 0x0000000708000000, 0x0000000708100000|  0%| F|  |TAMS 0x0000000708000000, 0x0000000708000000| Untracked 
|  65|0x0000000708100000, 0x0000000708100000, 0x0000000708200000|  0%| F|  |TAMS 0x0000000708100000, 0x0000000708100000| Untracked 
|  66|0x0000000708200000, 0x0000000708200000, 0x0000000708300000|  0%| F|  |TAMS 0x0000000708200000, 0x0000000708200000| Untracked 
|  67|0x0000000708300000, 0x0000000708300000, 0x0000000708400000|  0%| F|  |TAMS 0x0000000708300000, 0x0000000708300000| Untracked 
|  68|0x0000000708400000, 0x0000000708400000, 0x0000000708500000|  0%| F|  |TAMS 0x0000000708400000, 0x0000000708400000| Untracked 
|  69|0x0000000708500000, 0x0000000708500000, 0x0000000708600000|  0%| F|  |TAMS 0x0000000708500000, 0x0000000708500000| Untracked 
|  70|0x0000000708600000, 0x0000000708600000, 0x0000000708700000|  0%| F|  |TAMS 0x0000000708600000, 0x0000000708600000| Untracked 
|  71|0x0000000708700000, 0x0000000708700000, 0x0000000708800000|  0%| F|  |TAMS 0x0000000708700000, 0x0000000708700000| Untracked 
|  72|0x0000000708800000, 0x0000000708800000, 0x0000000708900000|  0%| F|  |TAMS 0x0000000708800000, 0x0000000708800000| Untracked 
|  73|0x0000000708900000, 0x0000000708900000, 0x0000000708a00000|  0%| F|  |TAMS 0x0000000708900000, 0x0000000708900000| Untracked 
|  74|0x0000000708a00000, 0x0000000708a00000, 0x0000000708b00000|  0%| F|  |TAMS 0x0000000708a00000, 0x0000000708a00000| Untracked 
|  75|0x0000000708b00000, 0x0000000708b00000, 0x0000000708c00000|  0%| F|  |TAMS 0x0000000708b00000, 0x0000000708b00000| Untracked 
|  76|0x0000000708c00000, 0x0000000708c00000, 0x0000000708d00000|  0%| F|  |TAMS 0x0000000708c00000, 0x0000000708c00000| Untracked 
|  77|0x0000000708d00000, 0x0000000708d00000, 0x0000000708e00000|  0%| F|  |TAMS 0x0000000708d00000, 0x0000000708d00000| Untracked 
|  78|0x0000000708e00000, 0x0000000708e00000, 0x0000000708f00000|  0%| F|  |TAMS 0x0000000708e00000, 0x0000000708e00000| Untracked 
|  79|0x0000000708f00000, 0x0000000708f00000, 0x0000000709000000|  0%| F|  |TAMS 0x0000000708f00000, 0x0000000708f00000| Untracked 
|  80|0x0000000709000000, 0x0000000709000000, 0x0000000709100000|  0%| F|  |TAMS 0x0000000709000000, 0x0000000709000000| Untracked 
|  81|0x0000000709100000, 0x0000000709100000, 0x0000000709200000|  0%| F|  |TAMS 0x0000000709100000, 0x0000000709100000| Untracked 
|  82|0x0000000709200000, 0x0000000709200000, 0x0000000709300000|  0%| F|  |TAMS 0x0000000709200000, 0x0000000709200000| Untracked 
|  83|0x0000000709300000, 0x0000000709300000, 0x0000000709400000|  0%| F|  |TAMS 0x0000000709300000, 0x0000000709300000| Untracked 
|  84|0x0000000709400000, 0x0000000709400000, 0x0000000709500000|  0%| F|  |TAMS 0x0000000709400000, 0x0000000709400000| Untracked 
|  85|0x0000000709500000, 0x0000000709500000, 0x0000000709600000|  0%| F|  |TAMS 0x0000000709500000, 0x0000000709500000| Untracked 
|  86|0x0000000709600000, 0x0000000709600000, 0x0000000709700000|  0%| F|  |TAMS 0x0000000709600000, 0x0000000709600000| Untracked 
|  87|0x0000000709700000, 0x0000000709700000, 0x0000000709800000|  0%| F|  |TAMS 0x0000000709700000, 0x0000000709700000| Untracked 
|  88|0x0000000709800000, 0x0000000709800000, 0x0000000709900000|  0%| F|  |TAMS 0x0000000709800000, 0x0000000709800000| Untracked 
|  89|0x0000000709900000, 0x0000000709900000, 0x0000000709a00000|  0%| F|  |TAMS 0x0000000709900000, 0x0000000709900000| Untracked 
|  90|0x0000000709a00000, 0x0000000709a00000, 0x0000000709b00000|  0%| F|  |TAMS 0x0000000709a00000, 0x0000000709a00000| Untracked 
|  91|0x0000000709b00000, 0x0000000709b00000, 0x0000000709c00000|  0%| F|  |TAMS 0x0000000709b00000, 0x0000000709b00000| Untracked 
|  92|0x0000000709c00000, 0x0000000709c00000, 0x0000000709d00000|  0%| F|  |TAMS 0x0000000709c00000, 0x0000000709c00000| Untracked 
|  93|0x0000000709d00000, 0x0000000709d00000, 0x0000000709e00000|  0%| F|  |TAMS 0x0000000709d00000, 0x0000000709d00000| Untracked 
|  94|0x0000000709e00000, 0x0000000709e00000, 0x0000000709f00000|  0%| F|  |TAMS 0x0000000709e00000, 0x0000000709e00000| Untracked 
|  95|0x0000000709f00000, 0x0000000709f00000, 0x000000070a000000|  0%| F|  |TAMS 0x0000000709f00000, 0x0000000709f00000| Untracked 
|  96|0x000000070a000000, 0x000000070a000000, 0x000000070a100000|  0%| F|  |TAMS 0x000000070a000000, 0x000000070a000000| Untracked 
|  97|0x000000070a100000, 0x000000070a100000, 0x000000070a200000|  0%| F|  |TAMS 0x000000070a100000, 0x000000070a100000| Untracked 
|  98|0x000000070a200000, 0x000000070a200000, 0x000000070a300000|  0%| F|  |TAMS 0x000000070a200000, 0x000000070a200000| Untracked 
|  99|0x000000070a300000, 0x000000070a300000, 0x000000070a400000|  0%| F|  |TAMS 0x000000070a300000, 0x000000070a300000| Untracked 
| 100|0x000000070a400000, 0x000000070a400000, 0x000000070a500000|  0%| F|  |TAMS 0x000000070a400000, 0x000000070a400000| Untracked 
| 101|0x000000070a500000, 0x000000070a500000, 0x000000070a600000|  0%| F|  |TAMS 0x000000070a500000, 0x000000070a500000| Untracked 
| 102|0x000000070a600000, 0x000000070a600000, 0x000000070a700000|  0%| F|  |TAMS 0x000000070a600000, 0x000000070a600000| Untracked 
| 103|0x000000070a700000, 0x000000070a700000, 0x000000070a800000|  0%| F|  |TAMS 0x000000070a700000, 0x000000070a700000| Untracked 
| 104|0x000000070a800000, 0x000000070a800000, 0x000000070a900000|  0%| F|  |TAMS 0x000000070a800000, 0x000000070a800000| Untracked 
| 105|0x000000070a900000, 0x000000070a900000, 0x000000070aa00000|  0%| F|  |TAMS 0x000000070a900000, 0x000000070a900000| Untracked 
| 106|0x000000070aa00000, 0x000000070aa00000, 0x000000070ab00000|  0%| F|  |TAMS 0x000000070aa00000, 0x000000070aa00000| Untracked 
| 107|0x000000070ab00000, 0x000000070ab00000, 0x000000070ac00000|  0%| F|  |TAMS 0x000000070ab00000, 0x000000070ab00000| Untracked 
| 108|0x000000070ac00000, 0x000000070ac00000, 0x000000070ad00000|  0%| F|  |TAMS 0x000000070ac00000, 0x000000070ac00000| Untracked 
| 109|0x000000070ad00000, 0x000000070ad00000, 0x000000070ae00000|  0%| F|  |TAMS 0x000000070ad00000, 0x000000070ad00000| Untracked 
| 110|0x000000070ae00000, 0x000000070ae00000, 0x000000070af00000|  0%| F|  |TAMS 0x000000070ae00000, 0x000000070ae00000| Untracked 
| 111|0x000000070af00000, 0x000000070af00000, 0x000000070b000000|  0%| F|  |TAMS 0x000000070af00000, 0x000000070af00000| Untracked 
| 112|0x000000070b000000, 0x000000070b000000, 0x000000070b100000|  0%| F|  |TAMS 0x000000070b000000, 0x000000070b000000| Untracked 
| 113|0x000000070b100000, 0x000000070b100000, 0x000000070b200000|  0%| F|  |TAMS 0x000000070b100000, 0x000000070b100000| Untracked 
| 114|0x000000070b200000, 0x000000070b200000, 0x000000070b300000|  0%| F|  |TAMS 0x000000070b200000, 0x000000070b200000| Untracked 
| 115|0x000000070b300000, 0x000000070b300000, 0x000000070b400000|  0%| F|  |TAMS 0x000000070b300000, 0x000000070b300000| Untracked 
| 116|0x000000070b400000, 0x000000070b400000, 0x000000070b500000|  0%| F|  |TAMS 0x000000070b400000, 0x000000070b400000| Untracked 
| 117|0x000000070b500000, 0x000000070b500000, 0x000000070b600000|  0%| F|  |TAMS 0x000000070b500000, 0x000000070b500000| Untracked 
| 118|0x000000070b600000, 0x000000070b600000, 0x000000070b700000|  0%| F|  |TAMS 0x000000070b600000, 0x000000070b600000| Untracked 
| 119|0x000000070b700000, 0x000000070b700000, 0x000000070b800000|  0%| F|  |TAMS 0x000000070b700000, 0x000000070b700000| Untracked 
| 120|0x000000070b800000, 0x000000070b800000, 0x000000070b900000|  0%| F|  |TAMS 0x000000070b800000, 0x000000070b800000| Untracked 
| 121|0x000000070b900000, 0x000000070b900000, 0x000000070ba00000|  0%| F|  |TAMS 0x000000070b900000, 0x000000070b900000| Untracked 
| 122|0x000000070ba00000, 0x000000070ba00000, 0x000000070bb00000|  0%| F|  |TAMS 0x000000070ba00000, 0x000000070ba00000| Untracked 
| 123|0x000000070bb00000, 0x000000070bb00000, 0x000000070bc00000|  0%| F|  |TAMS 0x000000070bb00000, 0x000000070bb00000| Untracked 
| 124|0x000000070bc00000, 0x000000070bc00000, 0x000000070bd00000|  0%| F|  |TAMS 0x000000070bc00000, 0x000000070bc00000| Untracked 
| 125|0x000000070bd00000, 0x000000070bd00000, 0x000000070be00000|  0%| F|  |TAMS 0x000000070bd00000, 0x000000070bd00000| Untracked 
| 126|0x000000070be00000, 0x000000070be00000, 0x000000070bf00000|  0%| F|  |TAMS 0x000000070be00000, 0x000000070be00000| Untracked 
| 127|0x000000070bf00000, 0x000000070bf00000, 0x000000070c000000|  0%| F|  |TAMS 0x000000070bf00000, 0x000000070bf00000| Untracked 
| 128|0x000000070c000000, 0x000000070c000000, 0x000000070c100000|  0%| F|  |TAMS 0x000000070c000000, 0x000000070c000000| Untracked 
| 129|0x000000070c100000, 0x000000070c100000, 0x000000070c200000|  0%| F|  |TAMS 0x000000070c100000, 0x000000070c100000| Untracked 
| 130|0x000000070c200000, 0x000000070c200000, 0x000000070c300000|  0%| F|  |TAMS 0x000000070c200000, 0x000000070c200000| Untracked 
| 131|0x000000070c300000, 0x000000070c300000, 0x000000070c400000|  0%| F|  |TAMS 0x000000070c300000, 0x000000070c300000| Untracked 
| 132|0x000000070c400000, 0x000000070c400000, 0x000000070c500000|  0%| F|  |TAMS 0x000000070c400000, 0x000000070c400000| Untracked 
| 133|0x000000070c500000, 0x000000070c500000, 0x000000070c600000|  0%| F|  |TAMS 0x000000070c500000, 0x000000070c500000| Untracked 
| 134|0x000000070c600000, 0x000000070c600000, 0x000000070c700000|  0%| F|  |TAMS 0x000000070c600000, 0x000000070c600000| Untracked 
| 135|0x000000070c700000, 0x000000070c700000, 0x000000070c800000|  0%| F|  |TAMS 0x000000070c700000, 0x000000070c700000| Untracked 
| 136|0x000000070c800000, 0x000000070c800000, 0x000000070c900000|  0%| F|  |TAMS 0x000000070c800000, 0x000000070c800000| Untracked 
| 137|0x000000070c900000, 0x000000070c900000, 0x000000070ca00000|  0%| F|  |TAMS 0x000000070c900000, 0x000000070c900000| Untracked 
| 138|0x000000070ca00000, 0x000000070ca00000, 0x000000070cb00000|  0%| F|  |TAMS 0x000000070ca00000, 0x000000070ca00000| Untracked 
| 139|0x000000070cb00000, 0x000000070cb00000, 0x000000070cc00000|  0%| F|  |TAMS 0x000000070cb00000, 0x000000070cb00000| Untracked 
| 140|0x000000070cc00000, 0x000000070cc00000, 0x000000070cd00000|  0%| F|  |TAMS 0x000000070cc00000, 0x000000070cc00000| Untracked 
| 141|0x000000070cd00000, 0x000000070cd00000, 0x000000070ce00000|  0%| F|  |TAMS 0x000000070cd00000, 0x000000070cd00000| Untracked 
| 142|0x000000070ce00000, 0x000000070ce00000, 0x000000070cf00000|  0%| F|  |TAMS 0x000000070ce00000, 0x000000070ce00000| Untracked 
| 143|0x000000070cf00000, 0x000000070cf00000, 0x000000070d000000|  0%| F|  |TAMS 0x000000070cf00000, 0x000000070cf00000| Untracked 
| 144|0x000000070d000000, 0x000000070d000000, 0x000000070d100000|  0%| F|  |TAMS 0x000000070d000000, 0x000000070d000000| Untracked 
| 145|0x000000070d100000, 0x000000070d100000, 0x000000070d200000|  0%| F|  |TAMS 0x000000070d100000, 0x000000070d100000| Untracked 
| 146|0x000000070d200000, 0x000000070d200000, 0x000000070d300000|  0%| F|  |TAMS 0x000000070d200000, 0x000000070d200000| Untracked 
| 147|0x000000070d300000, 0x000000070d300000, 0x000000070d400000|  0%| F|  |TAMS 0x000000070d300000, 0x000000070d300000| Untracked 
| 148|0x000000070d400000, 0x000000070d400000, 0x000000070d500000|  0%| F|  |TAMS 0x000000070d400000, 0x000000070d400000| Untracked 
| 149|0x000000070d500000, 0x000000070d500000, 0x000000070d600000|  0%| F|  |TAMS 0x000000070d500000, 0x000000070d500000| Untracked 
| 150|0x000000070d600000, 0x000000070d600000, 0x000000070d700000|  0%| F|  |TAMS 0x000000070d600000, 0x000000070d600000| Untracked 
| 151|0x000000070d700000, 0x000000070d700000, 0x000000070d800000|  0%| F|  |TAMS 0x000000070d700000, 0x000000070d700000| Untracked 
| 152|0x000000070d800000, 0x000000070d800000, 0x000000070d900000|  0%| F|  |TAMS 0x000000070d800000, 0x000000070d800000| Untracked 
| 153|0x000000070d900000, 0x000000070d900000, 0x000000070da00000|  0%| F|  |TAMS 0x000000070d900000, 0x000000070d900000| Untracked 
| 154|0x000000070da00000, 0x000000070da00000, 0x000000070db00000|  0%| F|  |TAMS 0x000000070da00000, 0x000000070da00000| Untracked 
| 155|0x000000070db00000, 0x000000070db00000, 0x000000070dc00000|  0%| F|  |TAMS 0x000000070db00000, 0x000000070db00000| Untracked 
| 156|0x000000070dc00000, 0x000000070dc00000, 0x000000070dd00000|  0%| F|  |TAMS 0x000000070dc00000, 0x000000070dc00000| Untracked 
| 157|0x000000070dd00000, 0x000000070dd00000, 0x000000070de00000|  0%| F|  |TAMS 0x000000070dd00000, 0x000000070dd00000| Untracked 
| 158|0x000000070de00000, 0x000000070de00000, 0x000000070df00000|  0%| F|  |TAMS 0x000000070de00000, 0x000000070de00000| Untracked 
| 159|0x000000070df00000, 0x000000070df00000, 0x000000070e000000|  0%| F|  |TAMS 0x000000070df00000, 0x000000070df00000| Untracked 
| 160|0x000000070e000000, 0x000000070e000000, 0x000000070e100000|  0%| F|  |TAMS 0x000000070e000000, 0x000000070e000000| Untracked 
| 161|0x000000070e100000, 0x000000070e100000, 0x000000070e200000|  0%| F|  |TAMS 0x000000070e100000, 0x000000070e100000| Untracked 
| 162|0x000000070e200000, 0x000000070e200000, 0x000000070e300000|  0%| F|  |TAMS 0x000000070e200000, 0x000000070e200000| Untracked 
| 163|0x000000070e300000, 0x000000070e300000, 0x000000070e400000|  0%| F|  |TAMS 0x000000070e300000, 0x000000070e300000| Untracked 
| 164|0x000000070e400000, 0x000000070e400000, 0x000000070e500000|  0%| F|  |TAMS 0x000000070e400000, 0x000000070e400000| Untracked 
| 165|0x000000070e500000, 0x000000070e500000, 0x000000070e600000|  0%| F|  |TAMS 0x000000070e500000, 0x000000070e500000| Untracked 
| 166|0x000000070e600000, 0x000000070e600000, 0x000000070e700000|  0%| F|  |TAMS 0x000000070e600000, 0x000000070e600000| Untracked 
| 167|0x000000070e700000, 0x000000070e700000, 0x000000070e800000|  0%| F|  |TAMS 0x000000070e700000, 0x000000070e700000| Untracked 
| 168|0x000000070e800000, 0x000000070e800000, 0x000000070e900000|  0%| F|  |TAMS 0x000000070e800000, 0x000000070e800000| Untracked 
| 169|0x000000070e900000, 0x000000070e900000, 0x000000070ea00000|  0%| F|  |TAMS 0x000000070e900000, 0x000000070e900000| Untracked 
| 170|0x000000070ea00000, 0x000000070ea00000, 0x000000070eb00000|  0%| F|  |TAMS 0x000000070ea00000, 0x000000070ea00000| Untracked 
| 171|0x000000070eb00000, 0x000000070eb00000, 0x000000070ec00000|  0%| F|  |TAMS 0x000000070eb00000, 0x000000070eb00000| Untracked 
| 172|0x000000070ec00000, 0x000000070ec00000, 0x000000070ed00000|  0%| F|  |TAMS 0x000000070ec00000, 0x000000070ec00000| Untracked 
| 173|0x000000070ed00000, 0x000000070ed00000, 0x000000070ee00000|  0%| F|  |TAMS 0x000000070ed00000, 0x000000070ed00000| Untracked 
| 174|0x000000070ee00000, 0x000000070ee00000, 0x000000070ef00000|  0%| F|  |TAMS 0x000000070ee00000, 0x000000070ee00000| Untracked 
| 175|0x000000070ef00000, 0x000000070ef00000, 0x000000070f000000|  0%| F|  |TAMS 0x000000070ef00000, 0x000000070ef00000| Untracked 
| 176|0x000000070f000000, 0x000000070f000000, 0x000000070f100000|  0%| F|  |TAMS 0x000000070f000000, 0x000000070f000000| Untracked 
| 177|0x000000070f100000, 0x000000070f100000, 0x000000070f200000|  0%| F|  |TAMS 0x000000070f100000, 0x000000070f100000| Untracked 
| 178|0x000000070f200000, 0x000000070f200000, 0x000000070f300000|  0%| F|  |TAMS 0x000000070f200000, 0x000000070f200000| Untracked 
| 179|0x000000070f300000, 0x000000070f300000, 0x000000070f400000|  0%| F|  |TAMS 0x000000070f300000, 0x000000070f300000| Untracked 
| 180|0x000000070f400000, 0x000000070f400000, 0x000000070f500000|  0%| F|  |TAMS 0x000000070f400000, 0x000000070f400000| Untracked 
| 181|0x000000070f500000, 0x000000070f500000, 0x000000070f600000|  0%| F|  |TAMS 0x000000070f500000, 0x000000070f500000| Untracked 
| 182|0x000000070f600000, 0x000000070f680800, 0x000000070f700000| 50%| E|  |TAMS 0x000000070f600000, 0x000000070f600000| Complete 
| 183|0x000000070f700000, 0x000000070f800000, 0x000000070f800000|100%| E|CS|TAMS 0x000000070f700000, 0x000000070f700000| Complete 
| 184|0x000000070f800000, 0x000000070f900000, 0x000000070f900000|100%| E|CS|TAMS 0x000000070f800000, 0x000000070f800000| Complete 
| 185|0x000000070f900000, 0x000000070fa00000, 0x000000070fa00000|100%| E|CS|TAMS 0x000000070f900000, 0x000000070f900000| Complete 
| 186|0x000000070fa00000, 0x000000070fb00000, 0x000000070fb00000|100%| E|CS|TAMS 0x000000070fa00000, 0x000000070fa00000| Complete 
| 187|0x000000070fb00000, 0x000000070fc00000, 0x000000070fc00000|100%| E|CS|TAMS 0x000000070fb00000, 0x000000070fb00000| Complete 
| 188|0x000000070fc00000, 0x000000070fd00000, 0x000000070fd00000|100%| E|CS|TAMS 0x000000070fc00000, 0x000000070fc00000| Complete 
| 189|0x000000070fd00000, 0x000000070fe00000, 0x000000070fe00000|100%| E|CS|TAMS 0x000000070fd00000, 0x000000070fd00000| Complete 
| 190|0x000000070fe00000, 0x000000070ff00000, 0x000000070ff00000|100%| E|CS|TAMS 0x000000070fe00000, 0x000000070fe00000| Complete 
| 191|0x000000070ff00000, 0x0000000710000000, 0x0000000710000000|100%| E|CS|TAMS 0x000000070ff00000, 0x000000070ff00000| Complete 
| 192|0x0000000710000000, 0x0000000710100000, 0x0000000710100000|100%| E|CS|TAMS 0x0000000710000000, 0x0000000710000000| Complete 
| 193|0x0000000710100000, 0x0000000710200000, 0x0000000710200000|100%| E|CS|TAMS 0x0000000710100000, 0x0000000710100000| Complete 
| 194|0x0000000710200000, 0x0000000710300000, 0x0000000710300000|100%| E|CS|TAMS 0x0000000710200000, 0x0000000710200000| Complete 
| 195|0x0000000710300000, 0x0000000710400000, 0x0000000710400000|100%| E|CS|TAMS 0x0000000710300000, 0x0000000710300000| Complete 
| 196|0x0000000710400000, 0x0000000710500000, 0x0000000710500000|100%| E|CS|TAMS 0x0000000710400000, 0x0000000710400000| Complete 
| 197|0x0000000710500000, 0x0000000710600000, 0x0000000710600000|100%| E|CS|TAMS 0x0000000710500000, 0x0000000710500000| Complete 
| 198|0x0000000710600000, 0x0000000710700000, 0x0000000710700000|100%| E|CS|TAMS 0x0000000710600000, 0x0000000710600000| Complete 
| 199|0x0000000710700000, 0x0000000710800000, 0x0000000710800000|100%| E|CS|TAMS 0x0000000710700000, 0x0000000710700000| Complete 
| 200|0x0000000710800000, 0x0000000710900000, 0x0000000710900000|100%| E|CS|TAMS 0x0000000710800000, 0x0000000710800000| Complete 
| 201|0x0000000710900000, 0x0000000710a00000, 0x0000000710a00000|100%| E|CS|TAMS 0x0000000710900000, 0x0000000710900000| Complete 
| 202|0x0000000710a00000, 0x0000000710b00000, 0x0000000710b00000|100%| E|CS|TAMS 0x0000000710a00000, 0x0000000710a00000| Complete 
| 203|0x0000000710b00000, 0x0000000710c00000, 0x0000000710c00000|100%| E|CS|TAMS 0x0000000710b00000, 0x0000000710b00000| Complete 
| 204|0x0000000710c00000, 0x0000000710d00000, 0x0000000710d00000|100%| E|CS|TAMS 0x0000000710c00000, 0x0000000710c00000| Complete 
| 205|0x0000000710d00000, 0x0000000710e00000, 0x0000000710e00000|100%| E|CS|TAMS 0x0000000710d00000, 0x0000000710d00000| Complete 
| 206|0x0000000710e00000, 0x0000000710f00000, 0x0000000710f00000|100%| E|CS|TAMS 0x0000000710e00000, 0x0000000710e00000| Complete 
| 207|0x0000000710f00000, 0x0000000711000000, 0x0000000711000000|100%| E|CS|TAMS 0x0000000710f00000, 0x0000000710f00000| Complete 
| 208|0x0000000711000000, 0x0000000711100000, 0x0000000711100000|100%| E|CS|TAMS 0x0000000711000000, 0x0000000711000000| Complete 
| 209|0x0000000711100000, 0x0000000711200000, 0x0000000711200000|100%| E|CS|TAMS 0x0000000711100000, 0x0000000711100000| Complete 
| 210|0x0000000711200000, 0x0000000711300000, 0x0000000711300000|100%| E|CS|TAMS 0x0000000711200000, 0x0000000711200000| Complete 
| 211|0x0000000711300000, 0x0000000711400000, 0x0000000711400000|100%| E|CS|TAMS 0x0000000711300000, 0x0000000711300000| Complete 
| 212|0x0000000711400000, 0x0000000711500000, 0x0000000711500000|100%| E|CS|TAMS 0x0000000711400000, 0x0000000711400000| Complete 
| 213|0x0000000711500000, 0x0000000711600000, 0x0000000711600000|100%| E|CS|TAMS 0x0000000711500000, 0x0000000711500000| Complete 
| 214|0x0000000711600000, 0x0000000711700000, 0x0000000711700000|100%| E|CS|TAMS 0x0000000711600000, 0x0000000711600000| Complete 
| 215|0x0000000711700000, 0x0000000711800000, 0x0000000711800000|100%| E|CS|TAMS 0x0000000711700000, 0x0000000711700000| Complete 
| 216|0x0000000711800000, 0x0000000711900000, 0x0000000711900000|100%| E|CS|TAMS 0x0000000711800000, 0x0000000711800000| Complete 
| 217|0x0000000711900000, 0x0000000711a00000, 0x0000000711a00000|100%| E|CS|TAMS 0x0000000711900000, 0x0000000711900000| Complete 
| 218|0x0000000711a00000, 0x0000000711a5b2d8, 0x0000000711b00000| 35%| S|CS|TAMS 0x0000000711a00000, 0x0000000711a00000| Complete 
| 219|0x0000000711b00000, 0x0000000711c00000, 0x0000000711c00000|100%| E|CS|TAMS 0x0000000711b00000, 0x0000000711b00000| Complete 
| 220|0x0000000711c00000, 0x0000000711d00000, 0x0000000711d00000|100%| E|CS|TAMS 0x0000000711c00000, 0x0000000711c00000| Complete 
| 221|0x0000000711d00000, 0x0000000711e00000, 0x0000000711e00000|100%| E|CS|TAMS 0x0000000711d00000, 0x0000000711d00000| Complete 
| 222|0x0000000711e00000, 0x0000000711f00000, 0x0000000711f00000|100%| E|CS|TAMS 0x0000000711e00000, 0x0000000711e00000| Complete 
| 223|0x0000000711f00000, 0x0000000712000000, 0x0000000712000000|100%| E|CS|TAMS 0x0000000711f00000, 0x0000000711f00000| Complete 
| 224|0x0000000712000000, 0x0000000712100000, 0x0000000712100000|100%| E|CS|TAMS 0x0000000712000000, 0x0000000712000000| Complete 
| 225|0x0000000712100000, 0x0000000712200000, 0x0000000712200000|100%| E|CS|TAMS 0x0000000712100000, 0x0000000712100000| Complete 
| 226|0x0000000712200000, 0x0000000712300000, 0x0000000712300000|100%| E|CS|TAMS 0x0000000712200000, 0x0000000712200000| Complete 
| 227|0x0000000712300000, 0x0000000712400000, 0x0000000712400000|100%| E|CS|TAMS 0x0000000712300000, 0x0000000712300000| Complete 
| 228|0x0000000712400000, 0x0000000712500000, 0x0000000712500000|100%| E|CS|TAMS 0x0000000712400000, 0x0000000712400000| Complete 
| 229|0x0000000712500000, 0x0000000712600000, 0x0000000712600000|100%| E|CS|TAMS 0x0000000712500000, 0x0000000712500000| Complete 
| 230|0x0000000712600000, 0x0000000712700000, 0x0000000712700000|100%| E|CS|TAMS 0x0000000712600000, 0x0000000712600000| Complete 
| 231|0x0000000712700000, 0x0000000712800000, 0x0000000712800000|100%| E|CS|TAMS 0x0000000712700000, 0x0000000712700000| Complete 
| 232|0x0000000712800000, 0x0000000712900000, 0x0000000712900000|100%| E|CS|TAMS 0x0000000712800000, 0x0000000712800000| Complete 
| 233|0x0000000712900000, 0x0000000712a00000, 0x0000000712a00000|100%| E|CS|TAMS 0x0000000712900000, 0x0000000712900000| Complete 
| 234|0x0000000712a00000, 0x0000000712b00000, 0x0000000712b00000|100%| E|CS|TAMS 0x0000000712a00000, 0x0000000712a00000| Complete 
| 235|0x0000000712b00000, 0x0000000712c00000, 0x0000000712c00000|100%| E|CS|TAMS 0x0000000712b00000, 0x0000000712b00000| Complete 
| 236|0x0000000712c00000, 0x0000000712d00000, 0x0000000712d00000|100%| E|CS|TAMS 0x0000000712c00000, 0x0000000712c00000| Complete 
| 237|0x0000000712d00000, 0x0000000712e00000, 0x0000000712e00000|100%| E|CS|TAMS 0x0000000712d00000, 0x0000000712d00000| Complete 
| 238|0x0000000712e00000, 0x0000000712f00000, 0x0000000712f00000|100%| E|CS|TAMS 0x0000000712e00000, 0x0000000712e00000| Complete 
| 239|0x0000000712f00000, 0x0000000713000000, 0x0000000713000000|100%| E|CS|TAMS 0x0000000712f00000, 0x0000000712f00000| Complete 
| 240|0x0000000713000000, 0x0000000713100000, 0x0000000713100000|100%| E|CS|TAMS 0x0000000713000000, 0x0000000713000000| Complete 
| 241|0x0000000713100000, 0x0000000713200000, 0x0000000713200000|100%| E|CS|TAMS 0x0000000713100000, 0x0000000713100000| Complete 
| 242|0x0000000713200000, 0x0000000713300000, 0x0000000713300000|100%| E|CS|TAMS 0x0000000713200000, 0x0000000713200000| Complete 
| 243|0x0000000713300000, 0x0000000713400000, 0x0000000713400000|100%| E|CS|TAMS 0x0000000713300000, 0x0000000713300000| Complete 
| 244|0x0000000713400000, 0x0000000713500000, 0x0000000713500000|100%| E|CS|TAMS 0x0000000713400000, 0x0000000713400000| Complete 
| 245|0x0000000713500000, 0x0000000713600000, 0x0000000713600000|100%| E|CS|TAMS 0x0000000713500000, 0x0000000713500000| Complete 
| 246|0x0000000713600000, 0x0000000713700000, 0x0000000713700000|100%| E|CS|TAMS 0x0000000713600000, 0x0000000713600000| Complete 
| 247|0x0000000713700000, 0x0000000713800000, 0x0000000713800000|100%| E|CS|TAMS 0x0000000713700000, 0x0000000713700000| Complete 
| 248|0x0000000713800000, 0x0000000713900000, 0x0000000713900000|100%| E|CS|TAMS 0x0000000713800000, 0x0000000713800000| Complete 
| 249|0x0000000713900000, 0x0000000713a00000, 0x0000000713a00000|100%| E|CS|TAMS 0x0000000713900000, 0x0000000713900000| Complete 
| 250|0x0000000713a00000, 0x0000000713b00000, 0x0000000713b00000|100%| E|CS|TAMS 0x0000000713a00000, 0x0000000713a00000| Complete 
| 251|0x0000000713b00000, 0x0000000713c00000, 0x0000000713c00000|100%| E|CS|TAMS 0x0000000713b00000, 0x0000000713b00000| Complete 

Card table byte_map: [0x000002552a930000,0x000002552b110000] _byte_map_base: 0x0000025527110000

Marking Bits (Prev, Next): (CMBitMap*) 0x00000255126e3908, (CMBitMap*) 0x00000255126e3948
 Prev Bits: [0x000002552b8f0000, 0x000002552f7f0000)
 Next Bits: [0x000002552f7f0000, 0x00000255336f0000)

Polling page: 0x0000025510530000

Metaspace:

Usage:
  Non-class:     10.09 MB capacity,     9.89 MB ( 98%) used,   185.95 KB (  2%) free+waste,    16.88 KB ( <1%) overhead. 
      Class:   1015.00 KB capacity,   937.57 KB ( 92%) used,    69.68 KB (  7%) free+waste,     7.75 KB ( <1%) overhead. 
       Both:     11.08 MB capacity,    10.81 MB ( 98%) used,   255.63 KB (  2%) free+waste,    24.63 KB ( <1%) overhead. 

Virtual space:
  Non-class space:       12.00 MB reserved,      10.25 MB ( 85%) committed 
      Class space:        1.00 GB reserved,       1.00 MB ( <1%) committed 
             Both:        1.01 GB reserved,      11.25 MB (  1%) committed 

Chunk freelists:
   Non-Class:  37.00 KB
       Class:  9.00 KB
        Both:  46.00 KB

MaxMetaspaceSize: 17179869184.00 GB
CompressedClassSpaceSize: 1.00 GB

CodeHeap 'non-profiled nmethods': size=120000Kb used=740Kb max_used=740Kb free=119259Kb
 bounds [0x00000255228f0000, 0x0000025522b60000, 0x0000025529e20000]
CodeHeap 'profiled nmethods': size=120000Kb used=3030Kb max_used=3030Kb free=116969Kb
 bounds [0x000002551b3c0000, 0x000002551b6c0000, 0x00000255228f0000]
CodeHeap 'non-nmethods': size=5760Kb used=1486Kb max_used=1508Kb free=4273Kb
 bounds [0x000002551ae20000, 0x000002551b090000, 0x000002551b3c0000]
 total_blobs=3213 nmethods=1700 adapters=731
 compilation: enabled
              stopped_count=0, restarted_count=0
 full_count=0

Compilation events (20 events):
Event: 6.467 Thread 0x0000025536b4c000 1692       3       java.awt.KeyboardFocusManager::checkKFMSecurity (11 bytes)
Event: 6.467 Thread 0x0000025536b4c000 nmethod 1692 0x000002551b6b0510 code [0x000002551b6b0720, 0x000002551b6b0cf8]
Event: 6.510 Thread 0x0000025536b4c000 1693       1       java.awt.geom.Rectangle2D$Double::getX (5 bytes)
Event: 6.510 Thread 0x0000025536b4c000 nmethod 1693 0x00000255229a8990 code [0x00000255229a8b20, 0x00000255229a8bf8]
Event: 6.510 Thread 0x0000025536b4c000 1694       1       java.awt.geom.Rectangle2D$Double::getY (5 bytes)
Event: 6.510 Thread 0x0000025536b4c000 nmethod 1694 0x00000255229a8c90 code [0x00000255229a8e20, 0x00000255229a8ef8]
Event: 6.547 Thread 0x0000025536b4c000 1695       3       processing.core.PMatrix3D::reset (21 bytes)
Event: 6.547 Thread 0x0000025536b4c000 nmethod 1695 0x000002551b6b0e90 code [0x000002551b6b1080, 0x000002551b6b1248]
Event: 6.613 Thread 0x0000025536b4c000 1696       1       com.sun.opengl.impl.GLContextImpl::isOptimizable (5 bytes)
Event: 6.613 Thread 0x0000025536b4c000 nmethod 1696 0x00000255229a8f90 code [0x00000255229a9120, 0x00000255229a91f8]
Event: 6.613 Thread 0x0000025536b4c000 1697       3       java.awt.EventQueue::getAccessControlContextFrom (53 bytes)
Event: 6.614 Thread 0x0000025536b4c000 nmethod 1697 0x000002551b6b1310 code [0x000002551b6b1540, 0x000002551b6b2088]
Event: 6.614 Thread 0x0000025536b4c000 1698       3       java.awt.EventQueue$4::run (5 bytes)
Event: 6.614 Thread 0x0000025536b4c000 nmethod 1698 0x000002551b6b2290 code [0x000002551b6b2440, 0x000002551b6b2588]
Event: 6.614 Thread 0x0000025536b4c000 1699       3       java.awt.EventQueue$4::run (60 bytes)
Event: 6.615 Thread 0x0000025536b4c000 nmethod 1699 0x000002551b6b2610 code [0x000002551b6b2800, 0x000002551b6b2b18]
Event: 6.615 Thread 0x0000025536b4c000 1700       3       java.awt.EventQueue::dispatchEventImpl (136 bytes)
Event: 6.617 Thread 0x0000025536b4c000 nmethod 1700 0x000002551b6b2c90 code [0x000002551b6b3020, 0x000002551b6b4ea8]
Event: 6.648 Thread 0x0000025536b4c000 1701       3       java.lang.Byte::<init> (10 bytes)
Event: 6.648 Thread 0x0000025536b4c000 nmethod 1701 0x000002551b6b5510 code [0x000002551b6b56c0, 0x000002551b6b5898]

GC Heap History (4 events):
Event: 2.987 GC heap before
{Heap before GC invocations=0 (full 0):
 garbage-first heap   total 258048K, used 22528K [0x0000000704000000, 0x0000000800000000)
  region size 1024K, 23 young (23552K), 0 survivors (0K)
 Metaspace       used 10143K, capacity 10344K, committed 10496K, reserved 1058816K
  class space    used 891K, capacity 962K, committed 1024K, reserved 1048576K
}
Event: 2.995 GC heap after
{Heap after GC invocations=1 (full 0):
 garbage-first heap   total 258048K, used 3740K [0x0000000704000000, 0x0000000800000000)
  region size 1024K, 3 young (3072K), 3 survivors (3072K)
 Metaspace       used 10143K, capacity 10344K, committed 10496K, reserved 1058816K
  class space    used 891K, capacity 962K, committed 1024K, reserved 1048576K
}
Event: 3.008 GC heap before
{Heap before GC invocations=1 (full 0):
 garbage-first heap   total 258048K, used 34460K [0x0000000704000000, 0x0000000800000000)
  region size 1024K, 33 young (33792K), 3 survivors (3072K)
 Metaspace       used 10158K, capacity 10344K, committed 10496K, reserved 1058816K
  class space    used 892K, capacity 962K, committed 1024K, reserved 1048576K
}
Event: 3.012 GC heap after
{Heap after GC invocations=2 (full 0):
 garbage-first heap   total 258048K, used 4076K [0x0000000704000000, 0x0000000800000000)
  region size 1024K, 1 young (1024K), 1 survivors (1024K)
 Metaspace       used 10158K, capacity 10344K, committed 10496K, reserved 1058816K
  class space    used 892K, capacity 962K, committed 1024K, reserved 1048576K
}

Deoptimization events (20 events):
Event: 3.268 Thread 0x0000025536b4b800 DEOPT PACKING pc=0x000002551b5a40cc sp=0x000000da5fafe950
Event: 3.268 Thread 0x0000025536b4b800 DEOPT UNPACKING pc=0x000002551ae683de sp=0x000000da5fafde28 mode 0
Event: 3.276 Thread 0x0000025536b4b800 DEOPT PACKING pc=0x000002551b5a40cc sp=0x000000da5fafe9f0
Event: 3.276 Thread 0x0000025536b4b800 DEOPT UNPACKING pc=0x000002551ae683de sp=0x000000da5fafdec8 mode 0
Event: 3.286 Thread 0x0000025536b4b800 DEOPT PACKING pc=0x000002551b5a40cc sp=0x000000da5fafdc50
Event: 3.286 Thread 0x0000025536b4b800 DEOPT UNPACKING pc=0x000002551ae683de sp=0x000000da5fafd128 mode 0
Event: 3.298 Thread 0x0000025536b4b800 DEOPT PACKING pc=0x000002551b5a40cc sp=0x000000da5fafdd80
Event: 3.298 Thread 0x0000025536b4b800 DEOPT UNPACKING pc=0x000002551ae683de sp=0x000000da5fafd258 mode 0
Event: 4.009 Thread 0x0000025536b4b800 DEOPT PACKING pc=0x000002551b6536a8 sp=0x000000da5fafed50
Event: 4.009 Thread 0x0000025536b4b800 DEOPT UNPACKING pc=0x000002551ae683de sp=0x000000da5fafe228 mode 0
Event: 4.120 Thread 0x0000025536b4b800 Uncommon trap: trap_request=0xffffff76 fr.pc=0x0000025522924b40 relative=0x0000000000000280
Event: 4.120 Thread 0x0000025536b4b800 Uncommon trap: reason=predicate action=maybe_recompile pc=0x0000025522924b40 method=java.util.ArrayList.indexOfRange(Ljava/lang/Object;II)I @ 45 c2
Event: 4.120 Thread 0x0000025536b4b800 DEOPT PACKING pc=0x0000025522924b40 sp=0x000000da5fafea80
Event: 4.120 Thread 0x0000025536b4b800 DEOPT UNPACKING pc=0x000002551ae2852f sp=0x000000da5fafea08 mode 2
Event: 4.159 Thread 0x0000025536b4b800 DEOPT PACKING pc=0x000002551b6536a8 sp=0x000000da5fafed50
Event: 4.159 Thread 0x0000025536b4b800 DEOPT UNPACKING pc=0x000002551ae683de sp=0x000000da5fafe228 mode 0
Event: 4.311 Thread 0x0000025536b4b800 DEOPT PACKING pc=0x000002551b6536a8 sp=0x000000da5fafed50
Event: 4.311 Thread 0x0000025536b4b800 DEOPT UNPACKING pc=0x000002551ae683de sp=0x000000da5fafe228 mode 0
Event: 4.410 Thread 0x0000025536b4b800 DEOPT PACKING pc=0x000002551b653559 sp=0x000000da5fafed50
Event: 4.410 Thread 0x0000025536b4b800 DEOPT UNPACKING pc=0x000002551ae683de sp=0x000000da5fafe228 mode 0

Classes unloaded (0 events):
No events

Classes redefined (0 events):
No events

Internal exceptions (20 events):
Event: 1.052 Thread 0x000002551267d800 Exception <a 'java/lang/NoSuchMethodError'{0x000000071360afa0}: 'java.lang.Object java.lang.invoke.Invokers$Holder.linkToTargetMethod(java.lang.Object, int, java.lang.Object)'> (0x000000071360afa0) 
thrown [./open/src/hotspot/share/interpreter/linkResolver.cpp, line 766]
Event: 1.077 Thread 0x000002551267d800 Exception <a 'java/lang/NullPointerException'{0x0000000713617d60}> (0x0000000713617d60) 
thrown [./open/src/hotspot/share/interpreter/linkResolver.cpp, line 1431]
Event: 1.148 Thread 0x0000025536b4b800 Exception <a 'java/io/IOException'{0x000000071348c440}> (0x000000071348c440) 
thrown [./open/src/hotspot/share/prims/jni.cpp, line 599]
Event: 1.347 Thread 0x0000025536b4b800 Exception <a 'java/lang/NoSuchMethodError'{0x00000007132b3230}: 'int java.lang.invoke.DirectMethodHandle$Holder.invokeSpecialIFC(java.lang.Object, java.lang.Object, int)'> (0x00000007132b3230) 
thrown [./open/src/hotspot/share/interpreter/linkResolver.cpp, line 766]
Event: 2.398 Thread 0x0000025536b4b800 Exception <a 'java/io/IOException'{0x0000000712b05868}> (0x0000000712b05868) 
thrown [./open/src/hotspot/share/prims/jni.cpp, line 599]
Event: 2.398 Thread 0x0000025536b4b800 Exception <a 'java/io/IOException'{0x0000000712b05b78}> (0x0000000712b05b78) 
thrown [./open/src/hotspot/share/prims/jni.cpp, line 599]
Event: 2.460 Thread 0x0000025536b4b800 Exception <a 'java/io/IOException'{0x0000000712bc1650}> (0x0000000712bc1650) 
thrown [./open/src/hotspot/share/prims/jni.cpp, line 599]
Event: 2.460 Thread 0x0000025536b4b800 Exception <a 'java/io/IOException'{0x0000000712bc1960}> (0x0000000712bc1960) 
thrown [./open/src/hotspot/share/prims/jni.cpp, line 599]
Event: 2.460 Thread 0x0000025536b4b800 Exception <a 'java/io/FileNotFoundException'{0x0000000712bc2120}> (0x0000000712bc2120) 
thrown [./open/src/hotspot/share/prims/jni.cpp, line 599]
Event: 2.585 Thread 0x0000025536b4b800 Exception <a 'java/io/FileNotFoundException'{0x0000000712bd3cc8}> (0x0000000712bd3cc8) 
thrown [./open/src/hotspot/share/prims/jni.cpp, line 599]
Event: 2.588 Thread 0x0000025536b4b800 Exception <a 'java/io/FileNotFoundException'{0x0000000712be3a58}> (0x0000000712be3a58) 
thrown [./open/src/hotspot/share/prims/jni.cpp, line 599]
Event: 2.711 Thread 0x0000025536b4b800 Exception <a 'java/io/FileNotFoundException'{0x0000000712bf5390}> (0x0000000712bf5390) 
thrown [./open/src/hotspot/share/prims/jni.cpp, line 599]
Event: 2.712 Thread 0x0000025536b4b800 Exception <a 'java/io/FileNotFoundException'{0x0000000712a050f0}> (0x0000000712a050f0) 
thrown [./open/src/hotspot/share/prims/jni.cpp, line 599]
Event: 2.839 Thread 0x0000025536b4b800 Exception <a 'java/io/FileNotFoundException'{0x0000000712a167d8}> (0x0000000712a167d8) 
thrown [./open/src/hotspot/share/prims/jni.cpp, line 599]
Event: 2.840 Thread 0x0000025536b4b800 Exception <a 'java/io/FileNotFoundException'{0x0000000712a2e420}> (0x0000000712a2e420) 
thrown [./open/src/hotspot/share/prims/jni.cpp, line 599]
Event: 2.974 Thread 0x0000025536b4b800 Exception <a 'java/io/FileNotFoundException'{0x0000000712a3fb08}> (0x0000000712a3fb08) 
thrown [./open/src/hotspot/share/prims/jni.cpp, line 599]
Event: 5.211 Thread 0x0000025536b4b800 Exception <a 'java/io/FileNotFoundException'{0x000000070f8b6a30}> (0x000000070f8b6a30) 
thrown [./open/src/hotspot/share/prims/jni.cpp, line 599]
Event: 5.339 Thread 0x0000025536b4b800 Exception <a 'java/io/FileNotFoundException'{0x000000070f8c83c0}> (0x000000070f8c83c0) 
thrown [./open/src/hotspot/share/prims/jni.cpp, line 599]
Event: 5.340 Thread 0x0000025536b4b800 Exception <a 'java/io/FileNotFoundException'{0x000000070f8de7a0}> (0x000000070f8de7a0) 
thrown [./open/src/hotspot/share/prims/jni.cpp, line 599]
Event: 5.463 Thread 0x0000025536b4b800 Exception <a 'java/io/FileNotFoundException'{0x000000070f8f0130}> (0x000000070f8f0130) 
thrown [./open/src/hotspot/share/prims/jni.cpp, line 599]

Events (20 events):
Event: 3.224 Executing VM operation: HandshakeOneThread done
Event: 3.225 loading class java/nio/DirectFloatBufferU
Event: 3.225 loading class java/nio/DirectFloatBufferU done
Event: 3.311 Thread 0x0000025537895800 Thread added: 0x0000025537895800
Event: 3.756 Executing VM operation: ICBufferFull
Event: 3.756 Executing VM operation: ICBufferFull done
Event: 4.437 Thread 0x0000025537895800 Thread exited: 0x0000025537895800
Event: 4.982 Loaded shared library C:\Program Files\Java\jdk\bin\java.dll
Event: 5.465 loading class java/util/TooManyListenersException
Event: 5.466 loading class java/util/TooManyListenersException done
Event: 5.476 Thread 0x0000025537893800 Thread added: 0x0000025537893800
Event: 5.485 loading class sun/nio/cs/UTF_8$Encoder
Event: 5.485 loading class sun/nio/cs/UTF_8$Encoder done
Event: 5.486 loading class java/io/FileOutputStream$1
Event: 5.486 loading class java/io/FileOutputStream$1 done
Event: 6.256 Loaded shared library C:\Program Files\Java\jdk\bin\java.dll
Event: 6.647 loading class java/lang/StringCoding$StringEncoder
Event: 6.647 loading class java/lang/StringCoding$StringEncoder done
Event: 6.647 loading class java/lang/Byte$ByteCache
Event: 6.647 loading class java/lang/Byte$ByteCache done


Dynamic libraries:
0x00007ff768ab0000 - 0x00007ff768abf000 	C:\Program Files\Java\jdk\bin\javaw.exe
0x00007ff814c00000 - 0x00007ff814df0000 	C:\Windows\SYSTEM32\ntdll.dll
0x00007ff813200000 - 0x00007ff8132b2000 	C:\Windows\System32\KERNEL32.DLL
0x00007ff811dd0000 - 0x00007ff812074000 	C:\Windows\System32\KERNELBASE.dll
0x00007ff812b10000 - 0x00007ff812c0a000 	C:\Windows\System32\ucrtbase.dll
0x00007fffd6080000 - 0x00007fffd6095000 	C:\Program Files\Java\jdk\bin\VCRUNTIME140.dll
0x00007fffd1220000 - 0x00007fffd1238000 	C:\Program Files\Java\jdk\bin\jli.dll
0x00007ff8134b0000 - 0x00007ff813553000 	C:\Windows\System32\ADVAPI32.dll
0x00007ff814370000 - 0x00007ff81440e000 	C:\Windows\System32\msvcrt.dll
0x00007ff814410000 - 0x00007ff8144a7000 	C:\Windows\System32\sechost.dll
0x00007ff813d70000 - 0x00007ff813e90000 	C:\Windows\System32\RPCRT4.dll
0x00007ff814020000 - 0x00007ff8141b4000 	C:\Windows\System32\USER32.dll
0x00007ff812080000 - 0x00007ff8120a1000 	C:\Windows\System32\win32u.dll
0x00007fffefd10000 - 0x00007fffeff94000 	C:\Windows\WinSxS\amd64_microsoft.windows.common-controls_6595b64144ccf1df_6.0.18362.959_none_e6c7bbbf130c62bb\COMCTL32.dll
0x00007ff813e90000 - 0x00007ff813eb6000 	C:\Windows\System32\GDI32.dll
0x00007ff812cb0000 - 0x00007ff812fe5000 	C:\Windows\System32\combase.dll
0x00007ff812110000 - 0x00007ff8122a6000 	C:\Windows\System32\gdi32full.dll
0x00007ff812c10000 - 0x00007ff812cae000 	C:\Windows\System32\msvcp_win.dll
0x00007ff812a90000 - 0x00007ff812b10000 	C:\Windows\System32\bcryptPrimitives.dll
0x00007ff80c330000 - 0x00007ff80c33a000 	C:\Windows\SYSTEM32\VERSION.dll
0x00007ff813480000 - 0x00007ff8134ae000 	C:\Windows\System32\IMM32.DLL
0x00007fffc44f0000 - 0x00007fffc458b000 	C:\Program Files\Java\jdk\bin\msvcp140.dll
0x00007fffb7730000 - 0x00007fffb824e000 	C:\Program Files\Java\jdk\bin\server\jvm.dll
0x00007ff813390000 - 0x00007ff813398000 	C:\Windows\System32\PSAPI.DLL
0x00007ff801700000 - 0x00007ff801709000 	C:\Windows\SYSTEM32\WSOCK32.dll
0x00007ff8016d0000 - 0x00007ff8016f4000 	C:\Windows\SYSTEM32\WINMM.dll
0x00007ff814a00000 - 0x00007ff814a6f000 	C:\Windows\System32\WS2_32.dll
0x00007ff8016a0000 - 0x00007ff8016cd000 	C:\Windows\SYSTEM32\winmmbase.dll
0x00007ff8122b0000 - 0x00007ff8122fa000 	C:\Windows\System32\cfgmgr32.dll
0x00007ff811af0000 - 0x00007ff811b01000 	C:\Windows\System32\kernel.appcore.dll
0x00007fffed8b0000 - 0x00007fffed8ba000 	C:\Program Files\Java\jdk\bin\jimage.dll
0x00007ff810320000 - 0x00007ff810514000 	C:\Windows\SYSTEM32\DBGHELP.DLL
0x00007ff801c90000 - 0x00007ff801cba000 	C:\Windows\SYSTEM32\dbgcore.DLL
0x00007fffc4ad0000 - 0x00007fffc4af5000 	C:\Program Files\Java\jdk\bin\java.dll
0x00007fffc44d0000 - 0x00007fffc44e6000 	C:\Program Files\Java\jdk\bin\zip.dll
0x00007ff813560000 - 0x00007ff813c46000 	C:\Windows\System32\SHELL32.dll
0x00007ff813150000 - 0x00007ff8131f9000 	C:\Windows\System32\shcore.dll
0x00007ff812300000 - 0x00007ff812a82000 	C:\Windows\System32\windows.storage.dll
0x00007ff811ac0000 - 0x00007ff811ae3000 	C:\Windows\System32\profapi.dll
0x00007ff811b10000 - 0x00007ff811b5a000 	C:\Windows\System32\powrprof.dll
0x00007ff811ab0000 - 0x00007ff811ac0000 	C:\Windows\System32\UMPDC.dll
0x00007ff8149a0000 - 0x00007ff8149f2000 	C:\Windows\System32\shlwapi.dll
0x00007ff811db0000 - 0x00007ff811dc7000 	C:\Windows\System32\cryptsp.dll
0x00007fffc44b0000 - 0x00007fffc44c9000 	C:\Program Files\Java\jdk\bin\net.dll
0x00007ff80d2a0000 - 0x00007ff80d390000 	C:\Windows\SYSTEM32\WINHTTP.dll
0x00007ff811270000 - 0x00007ff8112d7000 	C:\Windows\system32\mswsock.dll
0x00007fffc4490000 - 0x00007fffc44a2000 	C:\Program Files\Java\jdk\bin\nio.dll
0x00007fffd6380000 - 0x00007fffd6390000 	C:\Program Files\Java\jdk\bin\verify.dll
0x00007fffc3aa0000 - 0x00007fffc3c38000 	C:\Program Files\Java\jdk\bin\awt.dll
0x00007ff8133b0000 - 0x00007ff813475000 	C:\Windows\System32\OLEAUT32.dll
0x00007ff80f690000 - 0x00007ff80f71f000 	C:\Windows\SYSTEM32\apphelp.dll
0x00007ff80f870000 - 0x00007ff80f909000 	C:\Windows\system32\uxtheme.dll
0x00007ff813ec0000 - 0x00007ff813ff5000 	C:\Windows\System32\MSCTF.dll
0x00007ff812ff0000 - 0x00007ff813147000 	C:\Windows\System32\ole32.dll
0x00007ff80fca0000 - 0x00007ff80fccd000 	C:\Windows\system32\DWMAPI.DLL
0x00007fffe2f80000 - 0x00007fffe30d6000 	C:\Windows\system32\opengl32.dll
0x00007fffe2cb0000 - 0x00007fffe2cdc000 	C:\Windows\SYSTEM32\GLU32.dll
0x00007ff8106e0000 - 0x00007ff810700000 	C:\Windows\SYSTEM32\dxcore.dll
0x00007fffc9620000 - 0x00007fffc96a2000 	C:\Program Files\Java\jdk\bin\freetype.dll
0x00007fffc9570000 - 0x00007fffc9616000 	C:\Program Files\Java\jdk\bin\fontmanager.dll
0x0000000010000000 - 0x000000001005a000 	C:\Users\lapry\Desktop\sangiorgio\Multiwii\MultiWii_2_3\MultiWiiConf\application.windows64\jogl.dll
0x000000005df90000 - 0x000000005e059000 	C:\Windows\WinSxS\amd64_microsoft.vc80.crt_1fc8b3b9a1e18e3b_8.0.50727.9659_none_88dfc6bf2faefcc6\MSVCR80.dll
0x00007ffff87b0000 - 0x00007ffff87b7000 	C:\Program Files\Java\jdk\bin\jawt.dll
0x0000000000390000 - 0x0000000000397000 	C:\Users\lapry\Desktop\sangiorgio\Multiwii\MultiWii_2_3\MultiWiiConf\application.windows64\jogl_awt.dll
0x00007ffff8120000 - 0x00007ffff81be000 	C:\Windows\System32\TextInputFramework.dll
0x00007ff80f480000 - 0x00007ff80f554000 	C:\Windows\System32\CoreMessaging.dll
0x00007ff801060000 - 0x00007ff80138a000 	C:\Windows\System32\CoreUIComponents.dll
0x00007ff810ad0000 - 0x00007ff810b01000 	C:\Windows\SYSTEM32\ntmarta.dll
0x00007ff80d5d0000 - 0x00007ff80d723000 	C:\Windows\SYSTEM32\wintypes.dll
0x00007fffe7cd0000 - 0x00007fffe7d35000 	C:\Windows\system32\Oleacc.dll
0x00007fffb67e0000 - 0x00007fffb7726000 	C:\Windows\System32\DriverStore\FileRepository\iigd_dch.inf_amd64_9142c5ac70adba55\ig11icd64.dll
0x00007ff810770000 - 0x00007ff81085b000 	C:\Windows\system32\dxgi.dll
0x00007ffffbec0000 - 0x00007ffffe2f6000 	C:\Windows\System32\DriverStore\FileRepository\iigd_dch.inf_amd64_9142c5ac70adba55\igc64.dll
0x00007ffffe300000 - 0x00007ffffe4a4000 	C:\Windows\System32\DriverStore\FileRepository\iigd_dch.inf_amd64_9142c5ac70adba55\igdgmm64.dll
0x0000000180000000 - 0x0000000180025000 	C:\Users\lapry\Desktop\sangiorgio\Multiwii\MultiWii_2_3\MultiWiiConf\application.windows64\rxtxSerial.dll
0x00007ffffaa20000 - 0x00007ffffacc6000 	C:\Windows\System32\iertutil.dll

dbghelp: loaded successfully - version: 4.0.5 - missing functions: none
symbol engine: initialized successfully - sym options: 0x614 - pdb path: .;C:\Program Files\Java\jdk\bin;C:\Windows\SYSTEM32;C:\Windows\WinSxS\amd64_microsoft.windows.common-controls_6595b64144ccf1df_6.0.18362.959_none_e6c7bbbf130c62bb;C:\Program Files\Java\jdk\bin\server;C:\Users\lapry\Desktop\sangiorgio\Multiwii\MultiWii_2_3\MultiWiiConf\application.windows64;C:\Windows\WinSxS\amd64_microsoft.vc80.crt_1fc8b3b9a1e18e3b_8.0.50727.9659_none_88dfc6bf2faefcc6;C:\Windows\System32\DriverStore\FileRepository\iigd_dch.inf_amd64_9142c5ac70adba55

VM Arguments:
java_command: MultiWiiConf
java_class_path (initial): C:\Users\lapry\Desktop\sangiorgio\Multiwii\MultiWii_2_3\MultiWiiConf\application.windows64\lib\MultiWiiConf.jar;C:\Users\lapry\Desktop\sangiorgio\Multiwii\MultiWii_2_3\MultiWiiConf\application.windows64\lib\core.jar;C:\Users\lapry\Desktop\sangiorgio\Multiwii\MultiWii_2_3\MultiWiiConf\application.windows64\lib\RXTXcomm.jar;C:\Users\lapry\Desktop\sangiorgio\Multiwii\MultiWii_2_3\MultiWiiConf\application.windows64\lib\serial.jar;C:\Users\lapry\Desktop\sangiorgio\Multiwii\MultiWii_2_3\MultiWiiConf\application.windows64\lib\controlP5.jar;C:\Users\lapry\Desktop\sangiorgio\Multiwii\MultiWii_2_3\MultiWiiConf\application.windows64\lib\gluegen-rt.jar;C:\Users\lapry\Desktop\sangiorgio\Multiwii\MultiWii_2_3\MultiWiiConf\application.windows64\lib\jogl.jar;C:\Users\lapry\Desktop\sangiorgio\Multiwii\MultiWii_2_3\MultiWiiConf\application.windows64\lib\opengl.jar
Launcher Type: SUN_STANDARD

[Global flags]
     intx CICompilerCount                          = 4                                         {product} {ergonomic}
     uint ConcGCThreads                            = 2                                         {product} {ergonomic}
     uint G1ConcRefinementThreads                  = 8                                         {product} {ergonomic}
   size_t G1HeapRegionSize                         = 1048576                                   {product} {ergonomic}
    uintx GCDrainStackTargetSize                   = 64                                        {product} {ergonomic}
   size_t InitialHeapSize                          = 264241152                                 {product} {ergonomic}
   size_t MarkStackSize                            = 4194304                                   {product} {ergonomic}
   size_t MaxHeapSize                              = 4227858432                                {product} {ergonomic}
   size_t MaxNewSize                               = 2536505344                                {product} {ergonomic}
   size_t MinHeapDeltaBytes                        = 1048576                                   {product} {ergonomic}
   size_t MinHeapSize                              = 8388608                                   {product} {ergonomic}
    uintx NonNMethodCodeHeapSize                   = 5839372                                {pd product} {ergonomic}
    uintx NonProfiledCodeHeapSize                  = 122909434                              {pd product} {ergonomic}
    uintx ProfiledCodeHeapSize                     = 122909434                              {pd product} {ergonomic}
    uintx ReservedCodeCacheSize                    = 251658240                              {pd product} {ergonomic}
     bool SegmentedCodeCache                       = true                                      {product} {ergonomic}
   size_t SoftMaxHeapSize                          = 4227858432                             {manageable} {ergonomic}
     bool UseCompressedClassPointers               = true                                 {lp64_product} {ergonomic}
     bool UseCompressedOops                        = true                                 {lp64_product} {ergonomic}
     bool UseG1GC                                  = true                                      {product} {ergonomic}
     bool UseLargePagesIndividualAllocation        = false                                  {pd product} {ergonomic}

Logging:
Log output configuration:
 #0: stdout all=warning uptime,level,tags
 #1: stderr all=off uptime,level,tags

Environment Variables:
CLASSPATH=C:\Users\lapry\Desktop\sangiorgio\Multiwii\MultiWii_2_3\MultiWiiConf\application.windows64\lib\MultiWiiConf.jar;C:\Users\lapry\Desktop\sangiorgio\Multiwii\MultiWii_2_3\MultiWiiConf\application.windows64\lib\core.jar;C:\Users\lapry\Desktop\sangiorgio\Multiwii\MultiWii_2_3\MultiWiiConf\application.windows64\lib\RXTXcomm.jar;C:\Users\lapry\Desktop\sangiorgio\Multiwii\MultiWii_2_3\MultiWiiConf\application.windows64\lib\serial.jar;C:\Users\lapry\Desktop\sangiorgio\Multiwii\MultiWii_2_3\MultiWiiConf\application.windows64\lib\controlP5.jar;C:\Users\lapry\Desktop\sangiorgio\Multiwii\MultiWii_2_3\MultiWiiConf\application.windows64\lib\gluegen-rt.jar;C:\Users\lapry\Desktop\sangiorgio\Multiwii\MultiWii_2_3\MultiWiiConf\application.windows64\lib\jogl.jar;C:\Users\lapry\Desktop\sangiorgio\Multiwii\MultiWii_2_3\MultiWiiConf\application.windows64\lib\opengl.jar
PATH=C:\Windows\system32;C:\Windows;C:\Windows\System32\Wbem;C:\Windows\System32\WindowsPowerShell\v1.0;C:\Program Files\PowerShell\7;C:\Program Files\Java\jdk\bin;C:\Users\lapry\AppData\Local\Programs\Python\Python37\Scripts;C:\Users\lapry\AppData\Local\Programs\Python\Python37;C:\Users\lapry\scoop\shims;C:\Users\lapry\AppData\Local\Microsoft\WindowsApps;C:\Users\lapry\AppData\Local\GitHubDesktop\bin;C:\Users\lapry\AppData\Local\Programs\Microsoft VS Code\bin
USERNAME=lapry
OS=Windows_NT
PROCESSOR_IDENTIFIER=Intel64 Family 6 Model 126 Stepping 5, GenuineIntel



---------------  S Y S T E M  ---------------

OS: Windows 10 , 64 bit Build 18362 (10.0.18362.959)
OS uptime: 0 days 0:02 hours
HyperV virtualization detected

CPU:total 8 (initial active 8) (4 cores per cpu, 2 threads per core) family 6 model 126 stepping 5, cmov, cx8, fxsr, mmx, sse, sse2, sse3, ssse3, sse4.1, sse4.2, popcnt, avx, avx2, aes, clmul, erms, 3dnowpref, lzcnt, ht, tsc, tscinvbit, bmi1, bmi2, adx, evex, sha, fma

Memory: 4k page, system-wide physical 16126M (10794M free)
TotalPageFile size 18558M (AvailPageFile size 12745M)
current process WorkingSet (physical memory assigned to process): 213M, peak: 222M
current process commit charge ("private bytes"): 403M, peak: 412M

vm_info: Java HotSpot(TM) 64-Bit Server VM (14.0.1+7) for windows-amd64 JRE (14.0.1+7), built on Mar  5 2020 10:30:14 by "mach5one" with MS VC++ 15.9 (VS2017)

END.
