#
# A fatal error has been detected by the Java Runtime Environment:
#
#  EXCEPTION_ACCESS_VIOLATION (0xc0000005) at pc=0x00000001800044cb, pid=11764, tid=11436
#
# JRE version: Java(TM) SE Runtime Environment (14.0.1+7) (build 14.0.1+7)
# Java VM: Java HotSpot(TM) 64-Bit Server VM (14.0.1+7, mixed mode, sharing, tiered, compressed oops, g1 gc, windows-amd64)
# Problematic frame:
# C  [rxtxSerial.dll+0x44cb]
#
# No core dump will be written. Minidumps are not enabled by default on client versions of Windows
#
# If you would like to submit a bug report, please visit:
#   https://bugreport.java.com/bugreport/crash.jsp
# The crash happened outside the Java Virtual Machine in native code.
# See problematic frame for where to report the bug.
#

---------------  S U M M A R Y ------------

Command Line: MultiWiiConf

Host: Intel(R) Core(TM) i7-1065G7 CPU @ 1.30GHz, 8 cores, 15G,  Windows 10 , 64 bit Build 18362 (10.0.18362.959)
Time: Wed Jul 22 10:28:37 2020 ora legale Europa occidentale elapsed time: 4 seconds (0d 0h 0m 4s)

---------------  T H R E A D  ---------------

Current thread (0x000001b55303b000):  JavaThread "Animation Thread" [_thread_in_native, id=11436, stack(0x0000005a92600000,0x0000005a92700000)]

Stack: [0x0000005a92600000,0x0000005a92700000],  sp=0x0000005a926fea70,  free space=1018k
Native frames: (J=compiled Java code, j=interpreted, Vv=VM code, C=native code)
C  [rxtxSerial.dll+0x44cb]

Java frames: (J=compiled Java code, j=interpreted, Vv=VM code)
j  gnu.io.RXTXPort.nativeDrain(Z)Z+0
j  gnu.io.RXTXPort$SerialOutputStream.flush()V+92
j  processing.serial.Serial.write([B)V+12
j  MultiWiiConf.sendRequestMSP(Ljava/util/List;)V+60
j  MultiWiiConf.draw()V+934
j  processing.core.PApplet.handleDraw()V+145
j  processing.core.PApplet.run()V+72
j  java.lang.Thread.run()V+11 java.base@14.0.1
v  ~StubRoutines::call_stub

siginfo: EXCEPTION_ACCESS_VIOLATION (0xc0000005), reading address 0xffffffff931fef5c


Register to memory mapping:

RIP=0x00000001800044cb rxtxSerial.dll
RAX=0x000000000000001c is an unknown value
RBX=0x0000000000000001 is an unknown value
RCX=0x0000005a926fee4c is pointing into the stack for thread: 0x000001b55303b000
RDX=0x0 is NULL
RSP=0x0000005a926fea70 is pointing into the stack for thread: 0x000001b55303b000
RBP=0x0000000000000001 is an unknown value
RSI=0x0 is NULL
RDI=0x000001b55303b310 points into unknown readable memory: a0 1a 4a a6 fe 7f 00 00
R8 =0x0000005a926fe730 is pointing into the stack for thread: 0x000001b55303b000
R9 =0x0000000180000000 rxtxSerial.dll
R10=0x0 is NULL
R11=0x0000000000000200 is an unknown value
R12=0xffffffff931fef50 is an unknown value
R13=0x0 is NULL
R14=0x0000005a926fef68 is pointing into the stack for thread: 0x000001b55303b000
R15=0x000001b55303b000 is a thread


Registers:
RAX=0x000000000000001c, RBX=0x0000000000000001, RCX=0x0000005a926fee4c, RDX=0x0000000000000000
RSP=0x0000005a926fea70, RBP=0x0000000000000001, RSI=0x0000000000000000, RDI=0x000001b55303b310
R8 =0x0000005a926fe730, R9 =0x0000000180000000, R10=0x0000000000000000, R11=0x0000000000000200
R12=0xffffffff931fef50, R13=0x0000000000000000, R14=0x0000005a926fef68, R15=0x000001b55303b000
RIP=0x00000001800044cb, EFLAGS=0x0000000000010286

Top of Stack: (sp=0x0000005a926fea70)
0x0000005a926fea70:   000001b55f663f40 000000018001c4c0
0x0000005a926fea80:   0000000000000000 0000000000000001
0x0000005a926fea90:   000001b55303b000 00007ffea5e1ed03
0x0000005a926feaa0:   0000005a926fef68 000001b55303b000
0x0000005a926feab0:   000001b552f0d000 000001b553a21e50
0x0000005a926feac0:   000001b55303b000 000001b55303b000
0x0000005a926fead0:   00000008002b59a8 000001b55303b000
0x0000005a926feae0:   000000080040baa0 000000080040e148
0x0000005a926feaf0:   00000008002b4a38 00007ffea6154d3a
0x0000005a926feb00:   0000000000000000 00007ffea60ac2a8
0x0000005a926feb10:   000001b553a20000 00007fff0f2bfb91
0x0000005a926feb20:   000001b52ea5a6d0 00007ffea615458a
0x0000005a926feb30:   0000005a926feba0 0000000000000000
0x0000005a926feb40:   000001b52ea5a6d0 0000000000000000
0x0000005a926feb50:   000001b52ea5a6d0 00007ffea5e1686f
0x0000005a926feb60:   000001b55f663f40 000001b55303b000 

Instructions: (pc=0x00000001800044cb)
0x00000001800043cb:   89 54 24 30 e8 3c f4 ff ff 48 8b 54 24 30 4c 8d
0x00000001800043db:   0d b4 80 01 00 4c 8d 05 b1 80 01 00 48 8b cf 8b
0x00000001800043eb:   e8 e8 1f f4 ff ff 33 db 4c 63 e0 8b cd e8 43 41
0x00000001800043fb:   00 00 ff c3 8b f0 85 c0 74 0f e8 72 63 00 00 83
0x000000018000440b:   38 04 75 05 83 fb 03 7c e2 48 8d 15 a5 80 01 00
0x000000018000441b:   48 8d 8c 24 c0 03 00 00 44 8b c6 e8 11 5e 00 00
0x000000018000442b:   85 f6 0f 84 86 00 00 00 e8 44 63 00 00 8b 08 e8
0x000000018000443b:   59 62 00 00 4c 8b 07 48 8d 15 a7 80 01 00 48 8b
0x000000018000444b:   cf 48 8b f0 41 ff 50 30 48 8b d8 48 85 c0 75 1b
0x000000018000445b:   48 8b 07 48 8b cf ff 90 80 00 00 00 4c 8b 1f 48
0x000000018000446b:   8b cf 41 ff 93 88 00 00 00 eb 43 4c 8d 0d 63 80
0x000000018000447b:   01 00 48 8d 15 7c 90 01 00 48 8d 8c 24 78 03 00
0x000000018000448b:   00 4c 8b c6 e8 a8 5d 00 00 4c 8b 1f 4c 8d 84 24
0x000000018000449b:   78 03 00 00 48 8b d3 48 8b cf 41 ff 53 70 4c 8b
0x00000001800044ab:   1f 48 8b d3 48 8b cf 41 ff 93 b8 00 00 00 45 84
0x00000001800044bb:   ed 0f 85 b7 00 00 00 4d 85 e4 0f 84 ae 00 00 00
0x00000001800044cb:   41 83 7c 24 0c 00 0f 84 a2 00 00 00 48 8d 4c 24
0x00000001800044db:   38 49 8b d4 41 b8 40 03 00 00 e8 06 64 00 00 4c
0x00000001800044eb:   8b 1f 48 8b 54 24 30 48 8b cf 41 ff 93 f8 00 00
0x00000001800044fb:   00 48 8b 54 24 30 4c 8d 0d f8 7a 01 00 4c 8d 05
0x000000018000450b:   f5 7a 01 00 48 8b cf 48 8b d8 e8 f6 f2 ff ff 4c
0x000000018000451b:   8b 1f 4c 8d 0d e4 7a 01 00 4c 8d 05 e5 7a 01 00
0x000000018000452b:   48 8b d3 48 8b cf 41 ff 93 08 01 00 00 83 bc 24
0x000000018000453b:   d0 00 00 00 01 48 8b f0 7f 34 48 85 db 74 2f 48
0x000000018000454b:   8b 17 48 8b cf ff 92 88 00 00 00 4c 8b 1f 48 8b
0x000000018000455b:   54 24 30 41 b9 02 00 00 00 4c 8b c6 48 8b cf c7
0x000000018000456b:   44 24 20 01 00 00 00 41 ff 93 28 01 00 00 32 c0
0x000000018000457b:   48 8b 8c 24 10 04 00 00 48 33 cc e8 05 5b 00 00
0x000000018000458b:   48 8b 9c 24 60 04 00 00 48 81 c4 20 04 00 00 41
0x000000018000459b:   5d 41 5c 5f 5e 5d c3 cc cc cc cc cc cc cc cc cc
0x00000001800045ab:   cc cc cc cc cc 40 53 48 83 ec 20 41 8b d8 4c 8d
0x00000001800045bb:   0d dc 7e 01 00 4c 8d 05 25 7f 01 00 e8 44 f2 ff 


Stack slot to memory mapping:
stack at sp + 0 slots: {method} {0x000001b55f663f48} 'nativeDrain' '(Z)Z' in 'gnu/io/RXTXPort'
stack at sp + 1 slots: 0x000000018001c4c0 rxtxSerial.dll
stack at sp + 2 slots: 0x0 is NULL
stack at sp + 3 slots: 0x0000000000000001 is an unknown value
stack at sp + 4 slots: 0x000001b55303b000 is a thread
stack at sp + 5 slots: 0x00007ffea5e1ed03 jvm.dll
stack at sp + 6 slots: 0x0000005a926fef68 is pointing into the stack for thread: 0x000001b55303b000
stack at sp + 7 slots: 0x000001b55303b000 is a thread


---------------  P R O C E S S  ---------------

Threads class SMR info:
_java_thread_list=0x000001b555023e50, length=18, elements={
0x000001b552656000, 0x000001b552658800, 0x000001b552ef4000, 0x000001b552ef5000,
0x000001b552ef8800, 0x000001b552ef9800, 0x000001b552efd800, 0x000001b552f0c000,
0x000001b55303f800, 0x000001b55303e800, 0x000001b55303a800, 0x000001b55303d800,
0x000001b553040000, 0x000001b553041000, 0x000001b55303d000, 0x000001b55303b000,
0x000001b55303c000, 0x000001b5539f3000
}

Java Threads: ( => current thread )
  0x000001b552656000 JavaThread "Reference Handler" daemon [_thread_blocked, id=3056, stack(0x0000005a91600000,0x0000005a91700000)]
  0x000001b552658800 JavaThread "Finalizer" daemon [_thread_blocked, id=12636, stack(0x0000005a91700000,0x0000005a91800000)]
  0x000001b552ef4000 JavaThread "Signal Dispatcher" daemon [_thread_blocked, id=4236, stack(0x0000005a91800000,0x0000005a91900000)]
  0x000001b552ef5000 JavaThread "Attach Listener" daemon [_thread_blocked, id=6224, stack(0x0000005a91900000,0x0000005a91a00000)]
  0x000001b552ef8800 JavaThread "Service Thread" daemon [_thread_blocked, id=12320, stack(0x0000005a91a00000,0x0000005a91b00000)]
  0x000001b552ef9800 JavaThread "C2 CompilerThread0" daemon [_thread_blocked, id=11668, stack(0x0000005a91b00000,0x0000005a91c00000)]
  0x000001b552efd800 JavaThread "C1 CompilerThread0" daemon [_thread_blocked, id=10392, stack(0x0000005a91c00000,0x0000005a91d00000)]
  0x000001b552f0c000 JavaThread "Sweeper thread" daemon [_thread_blocked, id=6960, stack(0x0000005a91d00000,0x0000005a91e00000)]
  0x000001b55303f800 JavaThread "Notification Thread" daemon [_thread_blocked, id=1840, stack(0x0000005a91e00000,0x0000005a91f00000)]
  0x000001b55303e800 JavaThread "Common-Cleaner" daemon [_thread_blocked, id=11516, stack(0x0000005a92000000,0x0000005a92100000)]
  0x000001b55303a800 JavaThread "Java2D Disposer" daemon [_thread_blocked, id=8208, stack(0x0000005a92100000,0x0000005a92200000)]
  0x000001b55303d800 JavaThread "AWT-Shutdown" [_thread_blocked, id=9084, stack(0x0000005a92200000,0x0000005a92300000)]
  0x000001b553040000 JavaThread "AWT-Windows" daemon [_thread_in_native, id=13052, stack(0x0000005a92300000,0x0000005a92400000)]
  0x000001b553041000 JavaThread "AWT-EventQueue-0" [_thread_blocked, id=11840, stack(0x0000005a92400000,0x0000005a92500000)]
  0x000001b55303d000 JavaThread "Image Fetcher 0" daemon [_thread_blocked, id=6548, stack(0x0000005a92500000,0x0000005a92600000)]
=>0x000001b55303b000 JavaThread "Animation Thread" [_thread_in_native, id=11436, stack(0x0000005a92600000,0x0000005a92700000)]
  0x000001b55303c000 JavaThread "DestroyJavaVM" [_thread_blocked, id=10164, stack(0x0000005a90f00000,0x0000005a91000000)]
  0x000001b5539f3000 JavaThread "Thread-0" [_thread_in_native, id=5288, stack(0x0000005a93100000,0x0000005a93200000)]

Other Threads:
  0x000001b552652000 VMThread "VM Thread" [stack: 0x0000005a91500000,0x0000005a91600000] [id=6736]
  0x000001b553042800 WatcherThread [stack: 0x0000005a91f00000,0x0000005a92000000] [id=10368]
  0x000001b52eac5800 GCTaskThread "GC Thread#0" [stack: 0x0000005a91000000,0x0000005a91100000] [id=9980]
  0x000001b553943800 GCTaskThread "GC Thread#1" [stack: 0x0000005a92a00000,0x0000005a92b00000] [id=13272]
  0x000001b553c24000 GCTaskThread "GC Thread#2" [stack: 0x0000005a92b00000,0x0000005a92c00000] [id=5244]
  0x000001b5538b2000 GCTaskThread "GC Thread#3" [stack: 0x0000005a92c00000,0x0000005a92d00000] [id=7944]
  0x000001b553a49800 GCTaskThread "GC Thread#4" [stack: 0x0000005a92d00000,0x0000005a92e00000] [id=7400]
  0x000001b55394e800 GCTaskThread "GC Thread#5" [stack: 0x0000005a92e00000,0x0000005a92f00000] [id=1996]
  0x000001b55394f000 GCTaskThread "GC Thread#6" [stack: 0x0000005a92f00000,0x0000005a93000000] [id=7808]
  0x000001b55394f800 GCTaskThread "GC Thread#7" [stack: 0x0000005a93000000,0x0000005a93100000] [id=9184]
  0x000001b52eae6000 ConcurrentGCThread "G1 Main Marker" [stack: 0x0000005a91100000,0x0000005a91200000] [id=7548]
  0x000001b52eae9000 ConcurrentGCThread "G1 Conc#0" [stack: 0x0000005a91200000,0x0000005a91300000] [id=8960]
  0x000001b55253f800 ConcurrentGCThread "G1 Refine#0" [stack: 0x0000005a91300000,0x0000005a91400000] [id=8944]
  0x000001b552541000 ConcurrentGCThread "G1 Young RemSet Sampling" [stack: 0x0000005a91400000,0x0000005a91500000] [id=12680]

Threads with active compile tasks:

VM state:not at safepoint (normal execution)

VM Mutex/Monitor currently owned by a thread: None

Heap address: 0x0000000704000000, size: 4032 MB, Compressed Oops mode: Zero based, Oop shift amount: 3
Narrow klass base: 0x0000000800000000, Narrow klass shift: 3
Compressed class space size: 1073741824 Address: 0x0000000800b30000

Heap:
 garbage-first heap   total 258048K, used 74692K [0x0000000704000000, 0x0000000800000000)
  region size 1024K, 71 young (72704K), 1 survivors (1024K)
 Metaspace       used 10988K, capacity 11183K, committed 11264K, reserved 1058816K
  class space    used 931K, capacity 1000K, committed 1024K, reserved 1048576K
Heap Regions: E=young(eden), S=young(survivor), O=old, HS=humongous(starts), HC=humongous(continues), CS=collection set, F=free, OA=open archive, CA=closed archive, TAMS=top-at-mark-start (previous, next)
|   0|0x0000000704000000, 0x0000000704100000, 0x0000000704100000|100%| O|  |TAMS 0x0000000704000000, 0x0000000704000000| Untracked 
|   1|0x0000000704100000, 0x0000000704200000, 0x0000000704200000|100%| O|  |TAMS 0x0000000704100000, 0x0000000704100000| Untracked 
|   2|0x0000000704200000, 0x0000000704300000, 0x0000000704300000|100%| O|  |TAMS 0x0000000704200000, 0x0000000704200000| Untracked 
|   3|0x0000000704300000, 0x00000007043b9600, 0x0000000704400000| 72%| O|  |TAMS 0x0000000704300000, 0x0000000704300000| Untracked 
|   4|0x0000000704400000, 0x0000000704400000, 0x0000000704500000|  0%| F|  |TAMS 0x0000000704400000, 0x0000000704400000| Untracked 
|   5|0x0000000704500000, 0x0000000704500000, 0x0000000704600000|  0%| F|  |TAMS 0x0000000704500000, 0x0000000704500000| Untracked 
|   6|0x0000000704600000, 0x0000000704600000, 0x0000000704700000|  0%| F|  |TAMS 0x0000000704600000, 0x0000000704600000| Untracked 
|   7|0x0000000704700000, 0x0000000704700000, 0x0000000704800000|  0%| F|  |TAMS 0x0000000704700000, 0x0000000704700000| Untracked 
|   8|0x0000000704800000, 0x0000000704800000, 0x0000000704900000|  0%| F|  |TAMS 0x0000000704800000, 0x0000000704800000| Untracked 
|   9|0x0000000704900000, 0x0000000704900000, 0x0000000704a00000|  0%| F|  |TAMS 0x0000000704900000, 0x0000000704900000| Untracked 
|  10|0x0000000704a00000, 0x0000000704a00000, 0x0000000704b00000|  0%| F|  |TAMS 0x0000000704a00000, 0x0000000704a00000| Untracked 
|  11|0x0000000704b00000, 0x0000000704b00000, 0x0000000704c00000|  0%| F|  |TAMS 0x0000000704b00000, 0x0000000704b00000| Untracked 
|  12|0x0000000704c00000, 0x0000000704c00000, 0x0000000704d00000|  0%| F|  |TAMS 0x0000000704c00000, 0x0000000704c00000| Untracked 
|  13|0x0000000704d00000, 0x0000000704d00000, 0x0000000704e00000|  0%| F|  |TAMS 0x0000000704d00000, 0x0000000704d00000| Untracked 
|  14|0x0000000704e00000, 0x0000000704e00000, 0x0000000704f00000|  0%| F|  |TAMS 0x0000000704e00000, 0x0000000704e00000| Untracked 
|  15|0x0000000704f00000, 0x0000000704f00000, 0x0000000705000000|  0%| F|  |TAMS 0x0000000704f00000, 0x0000000704f00000| Untracked 
|  16|0x0000000705000000, 0x0000000705000000, 0x0000000705100000|  0%| F|  |TAMS 0x0000000705000000, 0x0000000705000000| Untracked 
|  17|0x0000000705100000, 0x0000000705100000, 0x0000000705200000|  0%| F|  |TAMS 0x0000000705100000, 0x0000000705100000| Untracked 
|  18|0x0000000705200000, 0x0000000705200000, 0x0000000705300000|  0%| F|  |TAMS 0x0000000705200000, 0x0000000705200000| Untracked 
|  19|0x0000000705300000, 0x0000000705300000, 0x0000000705400000|  0%| F|  |TAMS 0x0000000705300000, 0x0000000705300000| Untracked 
|  20|0x0000000705400000, 0x0000000705400000, 0x0000000705500000|  0%| F|  |TAMS 0x0000000705400000, 0x0000000705400000| Untracked 
|  21|0x0000000705500000, 0x0000000705500000, 0x0000000705600000|  0%| F|  |TAMS 0x0000000705500000, 0x0000000705500000| Untracked 
|  22|0x0000000705600000, 0x0000000705600000, 0x0000000705700000|  0%| F|  |TAMS 0x0000000705600000, 0x0000000705600000| Untracked 
|  23|0x0000000705700000, 0x0000000705700000, 0x0000000705800000|  0%| F|  |TAMS 0x0000000705700000, 0x0000000705700000| Untracked 
|  24|0x0000000705800000, 0x0000000705800000, 0x0000000705900000|  0%| F|  |TAMS 0x0000000705800000, 0x0000000705800000| Untracked 
|  25|0x0000000705900000, 0x0000000705900000, 0x0000000705a00000|  0%| F|  |TAMS 0x0000000705900000, 0x0000000705900000| Untracked 
|  26|0x0000000705a00000, 0x0000000705a00000, 0x0000000705b00000|  0%| F|  |TAMS 0x0000000705a00000, 0x0000000705a00000| Untracked 
|  27|0x0000000705b00000, 0x0000000705b00000, 0x0000000705c00000|  0%| F|  |TAMS 0x0000000705b00000, 0x0000000705b00000| Untracked 
|  28|0x0000000705c00000, 0x0000000705c00000, 0x0000000705d00000|  0%| F|  |TAMS 0x0000000705c00000, 0x0000000705c00000| Untracked 
|  29|0x0000000705d00000, 0x0000000705d00000, 0x0000000705e00000|  0%| F|  |TAMS 0x0000000705d00000, 0x0000000705d00000| Untracked 
|  30|0x0000000705e00000, 0x0000000705e00000, 0x0000000705f00000|  0%| F|  |TAMS 0x0000000705e00000, 0x0000000705e00000| Untracked 
|  31|0x0000000705f00000, 0x0000000705f00000, 0x0000000706000000|  0%| F|  |TAMS 0x0000000705f00000, 0x0000000705f00000| Untracked 
|  32|0x0000000706000000, 0x0000000706000000, 0x0000000706100000|  0%| F|  |TAMS 0x0000000706000000, 0x0000000706000000| Untracked 
|  33|0x0000000706100000, 0x0000000706100000, 0x0000000706200000|  0%| F|  |TAMS 0x0000000706100000, 0x0000000706100000| Untracked 
|  34|0x0000000706200000, 0x0000000706200000, 0x0000000706300000|  0%| F|  |TAMS 0x0000000706200000, 0x0000000706200000| Untracked 
|  35|0x0000000706300000, 0x0000000706300000, 0x0000000706400000|  0%| F|  |TAMS 0x0000000706300000, 0x0000000706300000| Untracked 
|  36|0x0000000706400000, 0x0000000706400000, 0x0000000706500000|  0%| F|  |TAMS 0x0000000706400000, 0x0000000706400000| Untracked 
|  37|0x0000000706500000, 0x0000000706500000, 0x0000000706600000|  0%| F|  |TAMS 0x0000000706500000, 0x0000000706500000| Untracked 
|  38|0x0000000706600000, 0x0000000706600000, 0x0000000706700000|  0%| F|  |TAMS 0x0000000706600000, 0x0000000706600000| Untracked 
|  39|0x0000000706700000, 0x0000000706700000, 0x0000000706800000|  0%| F|  |TAMS 0x0000000706700000, 0x0000000706700000| Untracked 
|  40|0x0000000706800000, 0x0000000706800000, 0x0000000706900000|  0%| F|  |TAMS 0x0000000706800000, 0x0000000706800000| Untracked 
|  41|0x0000000706900000, 0x0000000706900000, 0x0000000706a00000|  0%| F|  |TAMS 0x0000000706900000, 0x0000000706900000| Untracked 
|  42|0x0000000706a00000, 0x0000000706a00000, 0x0000000706b00000|  0%| F|  |TAMS 0x0000000706a00000, 0x0000000706a00000| Untracked 
|  43|0x0000000706b00000, 0x0000000706b00000, 0x0000000706c00000|  0%| F|  |TAMS 0x0000000706b00000, 0x0000000706b00000| Untracked 
|  44|0x0000000706c00000, 0x0000000706c00000, 0x0000000706d00000|  0%| F|  |TAMS 0x0000000706c00000, 0x0000000706c00000| Untracked 
|  45|0x0000000706d00000, 0x0000000706d00000, 0x0000000706e00000|  0%| F|  |TAMS 0x0000000706d00000, 0x0000000706d00000| Untracked 
|  46|0x0000000706e00000, 0x0000000706e00000, 0x0000000706f00000|  0%| F|  |TAMS 0x0000000706e00000, 0x0000000706e00000| Untracked 
|  47|0x0000000706f00000, 0x0000000706f00000, 0x0000000707000000|  0%| F|  |TAMS 0x0000000706f00000, 0x0000000706f00000| Untracked 
|  48|0x0000000707000000, 0x0000000707000000, 0x0000000707100000|  0%| F|  |TAMS 0x0000000707000000, 0x0000000707000000| Untracked 
|  49|0x0000000707100000, 0x0000000707100000, 0x0000000707200000|  0%| F|  |TAMS 0x0000000707100000, 0x0000000707100000| Untracked 
|  50|0x0000000707200000, 0x0000000707200000, 0x0000000707300000|  0%| F|  |TAMS 0x0000000707200000, 0x0000000707200000| Untracked 
|  51|0x0000000707300000, 0x0000000707300000, 0x0000000707400000|  0%| F|  |TAMS 0x0000000707300000, 0x0000000707300000| Untracked 
|  52|0x0000000707400000, 0x0000000707400000, 0x0000000707500000|  0%| F|  |TAMS 0x0000000707400000, 0x0000000707400000| Untracked 
|  53|0x0000000707500000, 0x0000000707500000, 0x0000000707600000|  0%| F|  |TAMS 0x0000000707500000, 0x0000000707500000| Untracked 
|  54|0x0000000707600000, 0x0000000707600000, 0x0000000707700000|  0%| F|  |TAMS 0x0000000707600000, 0x0000000707600000| Untracked 
|  55|0x0000000707700000, 0x0000000707700000, 0x0000000707800000|  0%| F|  |TAMS 0x0000000707700000, 0x0000000707700000| Untracked 
|  56|0x0000000707800000, 0x0000000707800000, 0x0000000707900000|  0%| F|  |TAMS 0x0000000707800000, 0x0000000707800000| Untracked 
|  57|0x0000000707900000, 0x0000000707900000, 0x0000000707a00000|  0%| F|  |TAMS 0x0000000707900000, 0x0000000707900000| Untracked 
|  58|0x0000000707a00000, 0x0000000707a00000, 0x0000000707b00000|  0%| F|  |TAMS 0x0000000707a00000, 0x0000000707a00000| Untracked 
|  59|0x0000000707b00000, 0x0000000707b00000, 0x0000000707c00000|  0%| F|  |TAMS 0x0000000707b00000, 0x0000000707b00000| Untracked 
|  60|0x0000000707c00000, 0x0000000707c00000, 0x0000000707d00000|  0%| F|  |TAMS 0x0000000707c00000, 0x0000000707c00000| Untracked 
|  61|0x0000000707d00000, 0x0000000707d00000, 0x0000000707e00000|  0%| F|  |TAMS 0x0000000707d00000, 0x0000000707d00000| Untracked 
|  62|0x0000000707e00000, 0x0000000707e00000, 0x0000000707f00000|  0%| F|  |TAMS 0x0000000707e00000, 0x0000000707e00000| Untracked 
|  63|0x0000000707f00000, 0x0000000707f00000, 0x0000000708000000|  0%| F|  |TAMS 0x0000000707f00000, 0x0000000707f00000| Untracked 
|  64|0x0000000708000000, 0x0000000708000000, 0x0000000708100000|  0%| F|  |TAMS 0x0000000708000000, 0x0000000708000000| Untracked 
|  65|0x0000000708100000, 0x0000000708100000, 0x0000000708200000|  0%| F|  |TAMS 0x0000000708100000, 0x0000000708100000| Untracked 
|  66|0x0000000708200000, 0x0000000708200000, 0x0000000708300000|  0%| F|  |TAMS 0x0000000708200000, 0x0000000708200000| Untracked 
|  67|0x0000000708300000, 0x0000000708300000, 0x0000000708400000|  0%| F|  |TAMS 0x0000000708300000, 0x0000000708300000| Untracked 
|  68|0x0000000708400000, 0x0000000708400000, 0x0000000708500000|  0%| F|  |TAMS 0x0000000708400000, 0x0000000708400000| Untracked 
|  69|0x0000000708500000, 0x0000000708500000, 0x0000000708600000|  0%| F|  |TAMS 0x0000000708500000, 0x0000000708500000| Untracked 
|  70|0x0000000708600000, 0x0000000708600000, 0x0000000708700000|  0%| F|  |TAMS 0x0000000708600000, 0x0000000708600000| Untracked 
|  71|0x0000000708700000, 0x0000000708700000, 0x0000000708800000|  0%| F|  |TAMS 0x0000000708700000, 0x0000000708700000| Untracked 
|  72|0x0000000708800000, 0x0000000708800000, 0x0000000708900000|  0%| F|  |TAMS 0x0000000708800000, 0x0000000708800000| Untracked 
|  73|0x0000000708900000, 0x0000000708900000, 0x0000000708a00000|  0%| F|  |TAMS 0x0000000708900000, 0x0000000708900000| Untracked 
|  74|0x0000000708a00000, 0x0000000708a00000, 0x0000000708b00000|  0%| F|  |TAMS 0x0000000708a00000, 0x0000000708a00000| Untracked 
|  75|0x0000000708b00000, 0x0000000708b00000, 0x0000000708c00000|  0%| F|  |TAMS 0x0000000708b00000, 0x0000000708b00000| Untracked 
|  76|0x0000000708c00000, 0x0000000708c00000, 0x0000000708d00000|  0%| F|  |TAMS 0x0000000708c00000, 0x0000000708c00000| Untracked 
|  77|0x0000000708d00000, 0x0000000708d00000, 0x0000000708e00000|  0%| F|  |TAMS 0x0000000708d00000, 0x0000000708d00000| Untracked 
|  78|0x0000000708e00000, 0x0000000708e00000, 0x0000000708f00000|  0%| F|  |TAMS 0x0000000708e00000, 0x0000000708e00000| Untracked 
|  79|0x0000000708f00000, 0x0000000708f00000, 0x0000000709000000|  0%| F|  |TAMS 0x0000000708f00000, 0x0000000708f00000| Untracked 
|  80|0x0000000709000000, 0x0000000709000000, 0x0000000709100000|  0%| F|  |TAMS 0x0000000709000000, 0x0000000709000000| Untracked 
|  81|0x0000000709100000, 0x0000000709100000, 0x0000000709200000|  0%| F|  |TAMS 0x0000000709100000, 0x0000000709100000| Untracked 
|  82|0x0000000709200000, 0x0000000709200000, 0x0000000709300000|  0%| F|  |TAMS 0x0000000709200000, 0x0000000709200000| Untracked 
|  83|0x0000000709300000, 0x0000000709300000, 0x0000000709400000|  0%| F|  |TAMS 0x0000000709300000, 0x0000000709300000| Untracked 
|  84|0x0000000709400000, 0x0000000709400000, 0x0000000709500000|  0%| F|  |TAMS 0x0000000709400000, 0x0000000709400000| Untracked 
|  85|0x0000000709500000, 0x0000000709500000, 0x0000000709600000|  0%| F|  |TAMS 0x0000000709500000, 0x0000000709500000| Untracked 
|  86|0x0000000709600000, 0x0000000709600000, 0x0000000709700000|  0%| F|  |TAMS 0x0000000709600000, 0x0000000709600000| Untracked 
|  87|0x0000000709700000, 0x0000000709700000, 0x0000000709800000|  0%| F|  |TAMS 0x0000000709700000, 0x0000000709700000| Untracked 
|  88|0x0000000709800000, 0x0000000709800000, 0x0000000709900000|  0%| F|  |TAMS 0x0000000709800000, 0x0000000709800000| Untracked 
|  89|0x0000000709900000, 0x0000000709900000, 0x0000000709a00000|  0%| F|  |TAMS 0x0000000709900000, 0x0000000709900000| Untracked 
|  90|0x0000000709a00000, 0x0000000709a00000, 0x0000000709b00000|  0%| F|  |TAMS 0x0000000709a00000, 0x0000000709a00000| Untracked 
|  91|0x0000000709b00000, 0x0000000709b00000, 0x0000000709c00000|  0%| F|  |TAMS 0x0000000709b00000, 0x0000000709b00000| Untracked 
|  92|0x0000000709c00000, 0x0000000709c00000, 0x0000000709d00000|  0%| F|  |TAMS 0x0000000709c00000, 0x0000000709c00000| Untracked 
|  93|0x0000000709d00000, 0x0000000709d00000, 0x0000000709e00000|  0%| F|  |TAMS 0x0000000709d00000, 0x0000000709d00000| Untracked 
|  94|0x0000000709e00000, 0x0000000709e00000, 0x0000000709f00000|  0%| F|  |TAMS 0x0000000709e00000, 0x0000000709e00000| Untracked 
|  95|0x0000000709f00000, 0x0000000709f00000, 0x000000070a000000|  0%| F|  |TAMS 0x0000000709f00000, 0x0000000709f00000| Untracked 
|  96|0x000000070a000000, 0x000000070a000000, 0x000000070a100000|  0%| F|  |TAMS 0x000000070a000000, 0x000000070a000000| Untracked 
|  97|0x000000070a100000, 0x000000070a100000, 0x000000070a200000|  0%| F|  |TAMS 0x000000070a100000, 0x000000070a100000| Untracked 
|  98|0x000000070a200000, 0x000000070a200000, 0x000000070a300000|  0%| F|  |TAMS 0x000000070a200000, 0x000000070a200000| Untracked 
|  99|0x000000070a300000, 0x000000070a300000, 0x000000070a400000|  0%| F|  |TAMS 0x000000070a300000, 0x000000070a300000| Untracked 
| 100|0x000000070a400000, 0x000000070a400000, 0x000000070a500000|  0%| F|  |TAMS 0x000000070a400000, 0x000000070a400000| Untracked 
| 101|0x000000070a500000, 0x000000070a500000, 0x000000070a600000|  0%| F|  |TAMS 0x000000070a500000, 0x000000070a500000| Untracked 
| 102|0x000000070a600000, 0x000000070a600000, 0x000000070a700000|  0%| F|  |TAMS 0x000000070a600000, 0x000000070a600000| Untracked 
| 103|0x000000070a700000, 0x000000070a700000, 0x000000070a800000|  0%| F|  |TAMS 0x000000070a700000, 0x000000070a700000| Untracked 
| 104|0x000000070a800000, 0x000000070a800000, 0x000000070a900000|  0%| F|  |TAMS 0x000000070a800000, 0x000000070a800000| Untracked 
| 105|0x000000070a900000, 0x000000070a900000, 0x000000070aa00000|  0%| F|  |TAMS 0x000000070a900000, 0x000000070a900000| Untracked 
| 106|0x000000070aa00000, 0x000000070aa00000, 0x000000070ab00000|  0%| F|  |TAMS 0x000000070aa00000, 0x000000070aa00000| Untracked 
| 107|0x000000070ab00000, 0x000000070ab00000, 0x000000070ac00000|  0%| F|  |TAMS 0x000000070ab00000, 0x000000070ab00000| Untracked 
| 108|0x000000070ac00000, 0x000000070ac00000, 0x000000070ad00000|  0%| F|  |TAMS 0x000000070ac00000, 0x000000070ac00000| Untracked 
| 109|0x000000070ad00000, 0x000000070ad00000, 0x000000070ae00000|  0%| F|  |TAMS 0x000000070ad00000, 0x000000070ad00000| Untracked 
| 110|0x000000070ae00000, 0x000000070ae00000, 0x000000070af00000|  0%| F|  |TAMS 0x000000070ae00000, 0x000000070ae00000| Untracked 
| 111|0x000000070af00000, 0x000000070af00000, 0x000000070b000000|  0%| F|  |TAMS 0x000000070af00000, 0x000000070af00000| Untracked 
| 112|0x000000070b000000, 0x000000070b000000, 0x000000070b100000|  0%| F|  |TAMS 0x000000070b000000, 0x000000070b000000| Untracked 
| 113|0x000000070b100000, 0x000000070b100000, 0x000000070b200000|  0%| F|  |TAMS 0x000000070b100000, 0x000000070b100000| Untracked 
| 114|0x000000070b200000, 0x000000070b200000, 0x000000070b300000|  0%| F|  |TAMS 0x000000070b200000, 0x000000070b200000| Untracked 
| 115|0x000000070b300000, 0x000000070b300000, 0x000000070b400000|  0%| F|  |TAMS 0x000000070b300000, 0x000000070b300000| Untracked 
| 116|0x000000070b400000, 0x000000070b400000, 0x000000070b500000|  0%| F|  |TAMS 0x000000070b400000, 0x000000070b400000| Untracked 
| 117|0x000000070b500000, 0x000000070b500000, 0x000000070b600000|  0%| F|  |TAMS 0x000000070b500000, 0x000000070b500000| Untracked 
| 118|0x000000070b600000, 0x000000070b600000, 0x000000070b700000|  0%| F|  |TAMS 0x000000070b600000, 0x000000070b600000| Untracked 
| 119|0x000000070b700000, 0x000000070b700000, 0x000000070b800000|  0%| F|  |TAMS 0x000000070b700000, 0x000000070b700000| Untracked 
| 120|0x000000070b800000, 0x000000070b800000, 0x000000070b900000|  0%| F|  |TAMS 0x000000070b800000, 0x000000070b800000| Untracked 
| 121|0x000000070b900000, 0x000000070b900000, 0x000000070ba00000|  0%| F|  |TAMS 0x000000070b900000, 0x000000070b900000| Untracked 
| 122|0x000000070ba00000, 0x000000070ba00000, 0x000000070bb00000|  0%| F|  |TAMS 0x000000070ba00000, 0x000000070ba00000| Untracked 
| 123|0x000000070bb00000, 0x000000070bb00000, 0x000000070bc00000|  0%| F|  |TAMS 0x000000070bb00000, 0x000000070bb00000| Untracked 
| 124|0x000000070bc00000, 0x000000070bc00000, 0x000000070bd00000|  0%| F|  |TAMS 0x000000070bc00000, 0x000000070bc00000| Untracked 
| 125|0x000000070bd00000, 0x000000070bd00000, 0x000000070be00000|  0%| F|  |TAMS 0x000000070bd00000, 0x000000070bd00000| Untracked 
| 126|0x000000070be00000, 0x000000070be00000, 0x000000070bf00000|  0%| F|  |TAMS 0x000000070be00000, 0x000000070be00000| Untracked 
| 127|0x000000070bf00000, 0x000000070bf00000, 0x000000070c000000|  0%| F|  |TAMS 0x000000070bf00000, 0x000000070bf00000| Untracked 
| 128|0x000000070c000000, 0x000000070c000000, 0x000000070c100000|  0%| F|  |TAMS 0x000000070c000000, 0x000000070c000000| Untracked 
| 129|0x000000070c100000, 0x000000070c100000, 0x000000070c200000|  0%| F|  |TAMS 0x000000070c100000, 0x000000070c100000| Untracked 
| 130|0x000000070c200000, 0x000000070c200000, 0x000000070c300000|  0%| F|  |TAMS 0x000000070c200000, 0x000000070c200000| Untracked 
| 131|0x000000070c300000, 0x000000070c300000, 0x000000070c400000|  0%| F|  |TAMS 0x000000070c300000, 0x000000070c300000| Untracked 
| 132|0x000000070c400000, 0x000000070c400000, 0x000000070c500000|  0%| F|  |TAMS 0x000000070c400000, 0x000000070c400000| Untracked 
| 133|0x000000070c500000, 0x000000070c500000, 0x000000070c600000|  0%| F|  |TAMS 0x000000070c500000, 0x000000070c500000| Untracked 
| 134|0x000000070c600000, 0x000000070c600000, 0x000000070c700000|  0%| F|  |TAMS 0x000000070c600000, 0x000000070c600000| Untracked 
| 135|0x000000070c700000, 0x000000070c700000, 0x000000070c800000|  0%| F|  |TAMS 0x000000070c700000, 0x000000070c700000| Untracked 
| 136|0x000000070c800000, 0x000000070c800000, 0x000000070c900000|  0%| F|  |TAMS 0x000000070c800000, 0x000000070c800000| Untracked 
| 137|0x000000070c900000, 0x000000070c900000, 0x000000070ca00000|  0%| F|  |TAMS 0x000000070c900000, 0x000000070c900000| Untracked 
| 138|0x000000070ca00000, 0x000000070ca00000, 0x000000070cb00000|  0%| F|  |TAMS 0x000000070ca00000, 0x000000070ca00000| Untracked 
| 139|0x000000070cb00000, 0x000000070cb00000, 0x000000070cc00000|  0%| F|  |TAMS 0x000000070cb00000, 0x000000070cb00000| Untracked 
| 140|0x000000070cc00000, 0x000000070cc00000, 0x000000070cd00000|  0%| F|  |TAMS 0x000000070cc00000, 0x000000070cc00000| Untracked 
| 141|0x000000070cd00000, 0x000000070cd00000, 0x000000070ce00000|  0%| F|  |TAMS 0x000000070cd00000, 0x000000070cd00000| Untracked 
| 142|0x000000070ce00000, 0x000000070ce00000, 0x000000070cf00000|  0%| F|  |TAMS 0x000000070ce00000, 0x000000070ce00000| Untracked 
| 143|0x000000070cf00000, 0x000000070cf00000, 0x000000070d000000|  0%| F|  |TAMS 0x000000070cf00000, 0x000000070cf00000| Untracked 
| 144|0x000000070d000000, 0x000000070d000000, 0x000000070d100000|  0%| F|  |TAMS 0x000000070d000000, 0x000000070d000000| Untracked 
| 145|0x000000070d100000, 0x000000070d100000, 0x000000070d200000|  0%| F|  |TAMS 0x000000070d100000, 0x000000070d100000| Untracked 
| 146|0x000000070d200000, 0x000000070d200000, 0x000000070d300000|  0%| F|  |TAMS 0x000000070d200000, 0x000000070d200000| Untracked 
| 147|0x000000070d300000, 0x000000070d300000, 0x000000070d400000|  0%| F|  |TAMS 0x000000070d300000, 0x000000070d300000| Untracked 
| 148|0x000000070d400000, 0x000000070d400000, 0x000000070d500000|  0%| F|  |TAMS 0x000000070d400000, 0x000000070d400000| Untracked 
| 149|0x000000070d500000, 0x000000070d500000, 0x000000070d600000|  0%| F|  |TAMS 0x000000070d500000, 0x000000070d500000| Untracked 
| 150|0x000000070d600000, 0x000000070d600000, 0x000000070d700000|  0%| F|  |TAMS 0x000000070d600000, 0x000000070d600000| Untracked 
| 151|0x000000070d700000, 0x000000070d700000, 0x000000070d800000|  0%| F|  |TAMS 0x000000070d700000, 0x000000070d700000| Untracked 
| 152|0x000000070d800000, 0x000000070d800000, 0x000000070d900000|  0%| F|  |TAMS 0x000000070d800000, 0x000000070d800000| Untracked 
| 153|0x000000070d900000, 0x000000070d900000, 0x000000070da00000|  0%| F|  |TAMS 0x000000070d900000, 0x000000070d900000| Untracked 
| 154|0x000000070da00000, 0x000000070da00000, 0x000000070db00000|  0%| F|  |TAMS 0x000000070da00000, 0x000000070da00000| Untracked 
| 155|0x000000070db00000, 0x000000070db00000, 0x000000070dc00000|  0%| F|  |TAMS 0x000000070db00000, 0x000000070db00000| Untracked 
| 156|0x000000070dc00000, 0x000000070dc00000, 0x000000070dd00000|  0%| F|  |TAMS 0x000000070dc00000, 0x000000070dc00000| Untracked 
| 157|0x000000070dd00000, 0x000000070dd00000, 0x000000070de00000|  0%| F|  |TAMS 0x000000070dd00000, 0x000000070dd00000| Untracked 
| 158|0x000000070de00000, 0x000000070de00000, 0x000000070df00000|  0%| F|  |TAMS 0x000000070de00000, 0x000000070de00000| Untracked 
| 159|0x000000070df00000, 0x000000070df00000, 0x000000070e000000|  0%| F|  |TAMS 0x000000070df00000, 0x000000070df00000| Untracked 
| 160|0x000000070e000000, 0x000000070e000000, 0x000000070e100000|  0%| F|  |TAMS 0x000000070e000000, 0x000000070e000000| Untracked 
| 161|0x000000070e100000, 0x000000070e100000, 0x000000070e200000|  0%| F|  |TAMS 0x000000070e100000, 0x000000070e100000| Untracked 
| 162|0x000000070e200000, 0x000000070e200000, 0x000000070e300000|  0%| F|  |TAMS 0x000000070e200000, 0x000000070e200000| Untracked 
| 163|0x000000070e300000, 0x000000070e300000, 0x000000070e400000|  0%| F|  |TAMS 0x000000070e300000, 0x000000070e300000| Untracked 
| 164|0x000000070e400000, 0x000000070e400000, 0x000000070e500000|  0%| F|  |TAMS 0x000000070e400000, 0x000000070e400000| Untracked 
| 165|0x000000070e500000, 0x000000070e500000, 0x000000070e600000|  0%| F|  |TAMS 0x000000070e500000, 0x000000070e500000| Untracked 
| 166|0x000000070e600000, 0x000000070e600000, 0x000000070e700000|  0%| F|  |TAMS 0x000000070e600000, 0x000000070e600000| Untracked 
| 167|0x000000070e700000, 0x000000070e700000, 0x000000070e800000|  0%| F|  |TAMS 0x000000070e700000, 0x000000070e700000| Untracked 
| 168|0x000000070e800000, 0x000000070e800000, 0x000000070e900000|  0%| F|  |TAMS 0x000000070e800000, 0x000000070e800000| Untracked 
| 169|0x000000070e900000, 0x000000070e900000, 0x000000070ea00000|  0%| F|  |TAMS 0x000000070e900000, 0x000000070e900000| Untracked 
| 170|0x000000070ea00000, 0x000000070ea00000, 0x000000070eb00000|  0%| F|  |TAMS 0x000000070ea00000, 0x000000070ea00000| Untracked 
| 171|0x000000070eb00000, 0x000000070eb00000, 0x000000070ec00000|  0%| F|  |TAMS 0x000000070eb00000, 0x000000070eb00000| Untracked 
| 172|0x000000070ec00000, 0x000000070ec00000, 0x000000070ed00000|  0%| F|  |TAMS 0x000000070ec00000, 0x000000070ec00000| Untracked 
| 173|0x000000070ed00000, 0x000000070ed00000, 0x000000070ee00000|  0%| F|  |TAMS 0x000000070ed00000, 0x000000070ed00000| Untracked 
| 174|0x000000070ee00000, 0x000000070ee00000, 0x000000070ef00000|  0%| F|  |TAMS 0x000000070ee00000, 0x000000070ee00000| Untracked 
| 175|0x000000070ef00000, 0x000000070ef00000, 0x000000070f000000|  0%| F|  |TAMS 0x000000070ef00000, 0x000000070ef00000| Untracked 
| 176|0x000000070f000000, 0x000000070f000000, 0x000000070f100000|  0%| F|  |TAMS 0x000000070f000000, 0x000000070f000000| Untracked 
| 177|0x000000070f100000, 0x000000070f100000, 0x000000070f200000|  0%| F|  |TAMS 0x000000070f100000, 0x000000070f100000| Untracked 
| 178|0x000000070f200000, 0x000000070f200000, 0x000000070f300000|  0%| F|  |TAMS 0x000000070f200000, 0x000000070f200000| Untracked 
| 179|0x000000070f300000, 0x000000070f300000, 0x000000070f400000|  0%| F|  |TAMS 0x000000070f300000, 0x000000070f300000| Untracked 
| 180|0x000000070f400000, 0x000000070f400000, 0x000000070f500000|  0%| F|  |TAMS 0x000000070f400000, 0x000000070f400000| Untracked 
| 181|0x000000070f500000, 0x000000070f580800, 0x000000070f600000| 50%| E|  |TAMS 0x000000070f500000, 0x000000070f500000| Complete 
| 182|0x000000070f600000, 0x000000070f700000, 0x000000070f700000|100%| E|CS|TAMS 0x000000070f600000, 0x000000070f600000| Complete 
| 183|0x000000070f700000, 0x000000070f800000, 0x000000070f800000|100%| E|CS|TAMS 0x000000070f700000, 0x000000070f700000| Complete 
| 184|0x000000070f800000, 0x000000070f900000, 0x000000070f900000|100%| E|CS|TAMS 0x000000070f800000, 0x000000070f800000| Complete 
| 185|0x000000070f900000, 0x000000070fa00000, 0x000000070fa00000|100%| E|CS|TAMS 0x000000070f900000, 0x000000070f900000| Complete 
| 186|0x000000070fa00000, 0x000000070fb00000, 0x000000070fb00000|100%| E|CS|TAMS 0x000000070fa00000, 0x000000070fa00000| Complete 
| 187|0x000000070fb00000, 0x000000070fc00000, 0x000000070fc00000|100%| E|CS|TAMS 0x000000070fb00000, 0x000000070fb00000| Complete 
| 188|0x000000070fc00000, 0x000000070fd00000, 0x000000070fd00000|100%| E|CS|TAMS 0x000000070fc00000, 0x000000070fc00000| Complete 
| 189|0x000000070fd00000, 0x000000070fe00000, 0x000000070fe00000|100%| E|CS|TAMS 0x000000070fd00000, 0x000000070fd00000| Complete 
| 190|0x000000070fe00000, 0x000000070ff00000, 0x000000070ff00000|100%| E|CS|TAMS 0x000000070fe00000, 0x000000070fe00000| Complete 
| 191|0x000000070ff00000, 0x0000000710000000, 0x0000000710000000|100%| E|CS|TAMS 0x000000070ff00000, 0x000000070ff00000| Complete 
| 192|0x0000000710000000, 0x0000000710100000, 0x0000000710100000|100%| E|CS|TAMS 0x0000000710000000, 0x0000000710000000| Complete 
| 193|0x0000000710100000, 0x0000000710200000, 0x0000000710200000|100%| E|CS|TAMS 0x0000000710100000, 0x0000000710100000| Complete 
| 194|0x0000000710200000, 0x0000000710300000, 0x0000000710300000|100%| E|CS|TAMS 0x0000000710200000, 0x0000000710200000| Complete 
| 195|0x0000000710300000, 0x0000000710400000, 0x0000000710400000|100%| E|CS|TAMS 0x0000000710300000, 0x0000000710300000| Complete 
| 196|0x0000000710400000, 0x0000000710500000, 0x0000000710500000|100%| E|CS|TAMS 0x0000000710400000, 0x0000000710400000| Complete 
| 197|0x0000000710500000, 0x0000000710600000, 0x0000000710600000|100%| E|CS|TAMS 0x0000000710500000, 0x0000000710500000| Complete 
| 198|0x0000000710600000, 0x0000000710700000, 0x0000000710700000|100%| E|CS|TAMS 0x0000000710600000, 0x0000000710600000| Complete 
| 199|0x0000000710700000, 0x0000000710800000, 0x0000000710800000|100%| E|CS|TAMS 0x0000000710700000, 0x0000000710700000| Complete 
| 200|0x0000000710800000, 0x0000000710900000, 0x0000000710900000|100%| E|CS|TAMS 0x0000000710800000, 0x0000000710800000| Complete 
| 201|0x0000000710900000, 0x0000000710a00000, 0x0000000710a00000|100%| E|CS|TAMS 0x0000000710900000, 0x0000000710900000| Complete 
| 202|0x0000000710a00000, 0x0000000710b00000, 0x0000000710b00000|100%| E|CS|TAMS 0x0000000710a00000, 0x0000000710a00000| Complete 
| 203|0x0000000710b00000, 0x0000000710c00000, 0x0000000710c00000|100%| E|CS|TAMS 0x0000000710b00000, 0x0000000710b00000| Complete 
| 204|0x0000000710c00000, 0x0000000710d00000, 0x0000000710d00000|100%| E|CS|TAMS 0x0000000710c00000, 0x0000000710c00000| Complete 
| 205|0x0000000710d00000, 0x0000000710e00000, 0x0000000710e00000|100%| E|CS|TAMS 0x0000000710d00000, 0x0000000710d00000| Complete 
| 206|0x0000000710e00000, 0x0000000710f00000, 0x0000000710f00000|100%| E|CS|TAMS 0x0000000710e00000, 0x0000000710e00000| Complete 
| 207|0x0000000710f00000, 0x0000000711000000, 0x0000000711000000|100%| E|CS|TAMS 0x0000000710f00000, 0x0000000710f00000| Complete 
| 208|0x0000000711000000, 0x0000000711100000, 0x0000000711100000|100%| E|CS|TAMS 0x0000000711000000, 0x0000000711000000| Complete 
| 209|0x0000000711100000, 0x0000000711200000, 0x0000000711200000|100%| E|CS|TAMS 0x0000000711100000, 0x0000000711100000| Complete 
| 210|0x0000000711200000, 0x0000000711300000, 0x0000000711300000|100%| E|CS|TAMS 0x0000000711200000, 0x0000000711200000| Complete 
| 211|0x0000000711300000, 0x0000000711400000, 0x0000000711400000|100%| E|CS|TAMS 0x0000000711300000, 0x0000000711300000| Complete 
| 212|0x0000000711400000, 0x0000000711500000, 0x0000000711500000|100%| E|CS|TAMS 0x0000000711400000, 0x0000000711400000| Complete 
| 213|0x0000000711500000, 0x0000000711600000, 0x0000000711600000|100%| E|CS|TAMS 0x0000000711500000, 0x0000000711500000| Complete 
| 214|0x0000000711600000, 0x0000000711700000, 0x0000000711700000|100%| E|CS|TAMS 0x0000000711600000, 0x0000000711600000| Complete 
| 215|0x0000000711700000, 0x0000000711800000, 0x0000000711800000|100%| E|CS|TAMS 0x0000000711700000, 0x0000000711700000| Complete 
| 216|0x0000000711800000, 0x0000000711900000, 0x0000000711900000|100%| E|CS|TAMS 0x0000000711800000, 0x0000000711800000| Complete 
| 217|0x0000000711900000, 0x0000000711a00000, 0x0000000711a00000|100%| E|CS|TAMS 0x0000000711900000, 0x0000000711900000| Complete 
| 218|0x0000000711a00000, 0x0000000711a37b20, 0x0000000711b00000| 21%| S|CS|TAMS 0x0000000711a00000, 0x0000000711a00000| Complete 
| 219|0x0000000711b00000, 0x0000000711c00000, 0x0000000711c00000|100%| E|CS|TAMS 0x0000000711b00000, 0x0000000711b00000| Complete 
| 220|0x0000000711c00000, 0x0000000711d00000, 0x0000000711d00000|100%| E|CS|TAMS 0x0000000711c00000, 0x0000000711c00000| Complete 
| 221|0x0000000711d00000, 0x0000000711e00000, 0x0000000711e00000|100%| E|CS|TAMS 0x0000000711d00000, 0x0000000711d00000| Complete 
| 222|0x0000000711e00000, 0x0000000711f00000, 0x0000000711f00000|100%| E|CS|TAMS 0x0000000711e00000, 0x0000000711e00000| Complete 
| 223|0x0000000711f00000, 0x0000000712000000, 0x0000000712000000|100%| E|CS|TAMS 0x0000000711f00000, 0x0000000711f00000| Complete 
| 224|0x0000000712000000, 0x0000000712100000, 0x0000000712100000|100%| E|CS|TAMS 0x0000000712000000, 0x0000000712000000| Complete 
| 225|0x0000000712100000, 0x0000000712200000, 0x0000000712200000|100%| E|CS|TAMS 0x0000000712100000, 0x0000000712100000| Complete 
| 226|0x0000000712200000, 0x0000000712300000, 0x0000000712300000|100%| E|CS|TAMS 0x0000000712200000, 0x0000000712200000| Complete 
| 227|0x0000000712300000, 0x0000000712400000, 0x0000000712400000|100%| E|CS|TAMS 0x0000000712300000, 0x0000000712300000| Complete 
| 228|0x0000000712400000, 0x0000000712500000, 0x0000000712500000|100%| E|CS|TAMS 0x0000000712400000, 0x0000000712400000| Complete 
| 229|0x0000000712500000, 0x0000000712600000, 0x0000000712600000|100%| E|CS|TAMS 0x0000000712500000, 0x0000000712500000| Complete 
| 230|0x0000000712600000, 0x0000000712700000, 0x0000000712700000|100%| E|CS|TAMS 0x0000000712600000, 0x0000000712600000| Complete 
| 231|0x0000000712700000, 0x0000000712800000, 0x0000000712800000|100%| E|CS|TAMS 0x0000000712700000, 0x0000000712700000| Complete 
| 232|0x0000000712800000, 0x0000000712900000, 0x0000000712900000|100%| E|CS|TAMS 0x0000000712800000, 0x0000000712800000| Complete 
| 233|0x0000000712900000, 0x0000000712a00000, 0x0000000712a00000|100%| E|CS|TAMS 0x0000000712900000, 0x0000000712900000| Complete 
| 234|0x0000000712a00000, 0x0000000712b00000, 0x0000000712b00000|100%| E|CS|TAMS 0x0000000712a00000, 0x0000000712a00000| Complete 
| 235|0x0000000712b00000, 0x0000000712c00000, 0x0000000712c00000|100%| E|CS|TAMS 0x0000000712b00000, 0x0000000712b00000| Complete 
| 236|0x0000000712c00000, 0x0000000712d00000, 0x0000000712d00000|100%| E|CS|TAMS 0x0000000712c00000, 0x0000000712c00000| Complete 
| 237|0x0000000712d00000, 0x0000000712e00000, 0x0000000712e00000|100%| E|CS|TAMS 0x0000000712d00000, 0x0000000712d00000| Complete 
| 238|0x0000000712e00000, 0x0000000712f00000, 0x0000000712f00000|100%| E|CS|TAMS 0x0000000712e00000, 0x0000000712e00000| Complete 
| 239|0x0000000712f00000, 0x0000000713000000, 0x0000000713000000|100%| E|CS|TAMS 0x0000000712f00000, 0x0000000712f00000| Complete 
| 240|0x0000000713000000, 0x0000000713100000, 0x0000000713100000|100%| E|CS|TAMS 0x0000000713000000, 0x0000000713000000| Complete 
| 241|0x0000000713100000, 0x0000000713200000, 0x0000000713200000|100%| E|CS|TAMS 0x0000000713100000, 0x0000000713100000| Complete 
| 242|0x0000000713200000, 0x0000000713300000, 0x0000000713300000|100%| E|CS|TAMS 0x0000000713200000, 0x0000000713200000| Complete 
| 243|0x0000000713300000, 0x0000000713400000, 0x0000000713400000|100%| E|CS|TAMS 0x0000000713300000, 0x0000000713300000| Complete 
| 244|0x0000000713400000, 0x0000000713500000, 0x0000000713500000|100%| E|CS|TAMS 0x0000000713400000, 0x0000000713400000| Complete 
| 245|0x0000000713500000, 0x0000000713600000, 0x0000000713600000|100%| E|CS|TAMS 0x0000000713500000, 0x0000000713500000| Complete 
| 246|0x0000000713600000, 0x0000000713700000, 0x0000000713700000|100%| E|CS|TAMS 0x0000000713600000, 0x0000000713600000| Complete 
| 247|0x0000000713700000, 0x0000000713800000, 0x0000000713800000|100%| E|CS|TAMS 0x0000000713700000, 0x0000000713700000| Complete 
| 248|0x0000000713800000, 0x0000000713900000, 0x0000000713900000|100%| E|CS|TAMS 0x0000000713800000, 0x0000000713800000| Complete 
| 249|0x0000000713900000, 0x0000000713a00000, 0x0000000713a00000|100%| E|CS|TAMS 0x0000000713900000, 0x0000000713900000| Complete 
| 250|0x0000000713a00000, 0x0000000713b00000, 0x0000000713b00000|100%| E|CS|TAMS 0x0000000713a00000, 0x0000000713a00000| Complete 
| 251|0x0000000713b00000, 0x0000000713c00000, 0x0000000713c00000|100%| E|CS|TAMS 0x0000000713b00000, 0x0000000713b00000| Complete 

Card table byte_map: [0x000001b546d20000,0x000001b547500000] _byte_map_base: 0x000001b543500000

Marking Bits (Prev, Next): (CMBitMap*) 0x000001b52eac5fa8, (CMBitMap*) 0x000001b52eac5fe8
 Prev Bits: [0x000001b547ce0000, 0x000001b54bbe0000)
 Next Bits: [0x000001b54bbe0000, 0x000001b54fae0000)

Polling page: 0x000001b52c9f0000

Metaspace:

Usage:
  Non-class:      9.94 MB capacity,     9.82 MB ( 99%) used,   109.81 KB (  1%) free+waste,    15.50 KB ( <1%) overhead. 
      Class:   1000.00 KB capacity,   931.32 KB ( 93%) used,    61.80 KB (  6%) free+waste,     6.88 KB ( <1%) overhead. 
       Both:     10.92 MB capacity,    10.73 MB ( 98%) used,   171.62 KB (  2%) free+waste,    22.38 KB ( <1%) overhead. 

Virtual space:
  Non-class space:       10.00 MB reserved,      10.00 MB (100%) committed 
      Class space:        1.00 GB reserved,       1.00 MB ( <1%) committed 
             Both:        1.01 GB reserved,      11.00 MB (  1%) committed 

Chunk freelists:
   Non-Class:  57.00 KB
       Class:  24.00 KB
        Both:  81.00 KB

MaxMetaspaceSize: 17179869184.00 GB
CompressedClassSpaceSize: 1.00 GB

CodeHeap 'non-profiled nmethods': size=120000Kb used=743Kb max_used=743Kb free=119256Kb
 bounds [0x000001b53ecd0000, 0x000001b53ef40000, 0x000001b546200000]
CodeHeap 'profiled nmethods': size=120000Kb used=3021Kb max_used=3021Kb free=116978Kb
 bounds [0x000001b5377a0000, 0x000001b537aa0000, 0x000001b53ecd0000]
CodeHeap 'non-nmethods': size=5760Kb used=1481Kb max_used=1499Kb free=4278Kb
 bounds [0x000001b537200000, 0x000001b537470000, 0x000001b5377a0000]
 total_blobs=3219 nmethods=1705 adapters=724
 compilation: enabled
              stopped_count=0, restarted_count=0
 full_count=0

Compilation events (20 events):
Event: 4.566 Thread 0x000001b552efd800 1696       3       java.util.concurrent.locks.ReentrantLock$NonfairSync::tryAcquire (27 bytes)
Event: 4.566 Thread 0x000001b552efd800 nmethod 1696 0x000001b537a8dc90 code [0x000001b537a8de40, 0x000001b537a8e118]
Event: 4.566 Thread 0x000001b552efd800 1697       1       java.awt.Component::isVisible_NoClientCode (5 bytes)
Event: 4.566 Thread 0x000001b552efd800 nmethod 1697 0x000001b53ed89590 code [0x000001b53ed89720, 0x000001b53ed897f8]
Event: 4.577 Thread 0x000001b552efd800 1698       3       java.awt.EventQueue$4::run (60 bytes)
Event: 4.578 Thread 0x000001b552efd800 nmethod 1698 0x000001b537a8e210 code [0x000001b537a8e400, 0x000001b537a8e718]
Event: 4.578 Thread 0x000001b552efd800 1699       3       java.awt.EventQueue::dispatchEventImpl (136 bytes)
Event: 4.579 Thread 0x000001b552efd800 nmethod 1699 0x000001b537a8e890 code [0x000001b537a8ec20, 0x000001b537a90aa8]
Event: 4.603 Thread 0x000001b552efd800 1701       3       processing.core.PApplet::ellipse (32 bytes)
Event: 4.603 Thread 0x000001b552efd800 nmethod 1701 0x000001b537a91110 code [0x000001b537a912c0, 0x000001b537a91618]
Event: 4.603 Thread 0x000001b552efd800 1702       3       processing.core.PGraphics::ellipse (142 bytes)
Event: 4.603 Thread 0x000001b552efd800 nmethod 1702 0x000001b537a91790 code [0x000001b537a919a0, 0x000001b537a91d88]
Event: 4.609 Thread 0x000001b552efd800 1703       3       java.awt.geom.RectangularShape::<init> (5 bytes)
Event: 4.609 Thread 0x000001b552efd800 nmethod 1703 0x000001b537a91e90 code [0x000001b537a92020, 0x000001b537a92198]
Event: 4.609 Thread 0x000001b552efd800 1704       3       java.awt.KeyboardFocusManager::checkKFMSecurity (11 bytes)
Event: 4.610 Thread 0x000001b552efd800 nmethod 1704 0x000001b537a92290 code [0x000001b537a924a0, 0x000001b537a92a78]
Event: 4.610 Thread 0x000001b552efd800 1705       3       java.awt.geom.Rectangle2D::<init> (5 bytes)
Event: 4.610 Thread 0x000001b552efd800 nmethod 1705 0x000001b537a92c10 code [0x000001b537a92dc0, 0x000001b537a92f98]
Event: 4.651 Thread 0x000001b552efd800 1706       3       java.lang.Byte::<init> (10 bytes)
Event: 4.652 Thread 0x000001b552efd800 nmethod 1706 0x000001b537a93090 code [0x000001b537a93240, 0x000001b537a93418]

GC Heap History (4 events):
Event: 1.618 GC heap before
{Heap before GC invocations=0 (full 0):
 garbage-first heap   total 258048K, used 22528K [0x0000000704000000, 0x0000000800000000)
  region size 1024K, 23 young (23552K), 0 survivors (0K)
 Metaspace       used 10169K, capacity 10352K, committed 10496K, reserved 1058816K
  class space    used 900K, capacity 962K, committed 1024K, reserved 1048576K
}
Event: 1.623 GC heap after
{Heap after GC invocations=1 (full 0):
 garbage-first heap   total 258048K, used 3694K [0x0000000704000000, 0x0000000800000000)
  region size 1024K, 3 young (3072K), 3 survivors (3072K)
 Metaspace       used 10169K, capacity 10352K, committed 10496K, reserved 1058816K
  class space    used 900K, capacity 962K, committed 1024K, reserved 1048576K
}
Event: 1.635 GC heap before
{Heap before GC invocations=1 (full 0):
 garbage-first heap   total 258048K, used 34414K [0x0000000704000000, 0x0000000800000000)
  region size 1024K, 33 young (33792K), 3 survivors (3072K)
 Metaspace       used 10185K, capacity 10448K, committed 10496K, reserved 1058816K
  class space    used 902K, capacity 994K, committed 1024K, reserved 1048576K
}
Event: 1.639 GC heap after
{Heap after GC invocations=2 (full 0):
 garbage-first heap   total 258048K, used 4036K [0x0000000704000000, 0x0000000800000000)
  region size 1024K, 1 young (1024K), 1 survivors (1024K)
 Metaspace       used 10185K, capacity 10448K, committed 10496K, reserved 1058816K
  class space    used 902K, capacity 994K, committed 1024K, reserved 1048576K
}

Deoptimization events (20 events):
Event: 1.824 Thread 0x000001b55303b000 DEOPT PACKING pc=0x000001b53798ffcc sp=0x0000005a926fdfd0
Event: 1.824 Thread 0x000001b55303b000 DEOPT UNPACKING pc=0x000001b5372483de sp=0x0000005a926fd4a8 mode 0
Event: 1.838 Thread 0x000001b55303b000 DEOPT PACKING pc=0x000001b53798ffcc sp=0x0000005a926fdef0
Event: 1.838 Thread 0x000001b55303b000 DEOPT UNPACKING pc=0x000001b5372483de sp=0x0000005a926fd3c8 mode 0
Event: 2.203 Thread 0x000001b55303b000 Uncommon trap: trap_request=0xffffff76 fr.pc=0x000001b53ed05c48 relative=0x0000000000000288
Event: 2.203 Thread 0x000001b55303b000 Uncommon trap: reason=predicate action=maybe_recompile pc=0x000001b53ed05c48 method=java.util.ArrayList.indexOfRange(Ljava/lang/Object;II)I @ 45 c2
Event: 2.203 Thread 0x000001b55303b000 DEOPT PACKING pc=0x000001b53ed05c48 sp=0x0000005a926fe440
Event: 2.203 Thread 0x000001b55303b000 DEOPT UNPACKING pc=0x000001b53720852f sp=0x0000005a926fe3c8 mode 2
Event: 2.552 Thread 0x000001b55303b000 DEOPT PACKING pc=0x000001b537a3efa8 sp=0x0000005a926feec0
Event: 2.552 Thread 0x000001b55303b000 DEOPT UNPACKING pc=0x000001b5372483de sp=0x0000005a926fe398 mode 0
Event: 2.700 Thread 0x000001b55303b000 DEOPT PACKING pc=0x000001b537a3efa8 sp=0x0000005a926feec0
Event: 2.700 Thread 0x000001b55303b000 DEOPT UNPACKING pc=0x000001b5372483de sp=0x0000005a926fe398 mode 0
Event: 2.853 Thread 0x000001b55303b000 DEOPT PACKING pc=0x000001b537a3efa8 sp=0x0000005a926feec0
Event: 2.853 Thread 0x000001b55303b000 DEOPT UNPACKING pc=0x000001b5372483de sp=0x0000005a926fe398 mode 0
Event: 2.952 Thread 0x000001b55303b000 DEOPT PACKING pc=0x000001b537a3ee59 sp=0x0000005a926feec0
Event: 2.952 Thread 0x000001b55303b000 DEOPT UNPACKING pc=0x000001b5372483de sp=0x0000005a926fe398 mode 0
Event: 4.349 Thread 0x000001b55303b000 DEOPT PACKING pc=0x000001b537a89b80 sp=0x0000005a926ff100
Event: 4.349 Thread 0x000001b55303b000 DEOPT UNPACKING pc=0x000001b5372483de sp=0x0000005a926fe598 mode 0
Event: 4.600 Thread 0x000001b55303b000 DEOPT PACKING pc=0x000001b537a89b80 sp=0x0000005a926ff100
Event: 4.600 Thread 0x000001b55303b000 DEOPT UNPACKING pc=0x000001b5372483de sp=0x0000005a926fe598 mode 0

Classes unloaded (0 events):
No events

Classes redefined (0 events):
No events

Internal exceptions (20 events):
Event: 0.610 Thread 0x000001b52ea5f000 Exception <a 'java/lang/NoSuchMethodError'{0x0000000713611470}: 'java.lang.Object java.lang.invoke.Invokers$Holder.linkToTargetMethod(java.lang.Object, int, java.lang.Object)'> (0x0000000713611470) 
thrown [./open/src/hotspot/share/interpreter/linkResolver.cpp, line 766]
Event: 0.624 Thread 0x000001b52ea5f000 Exception <a 'java/lang/NullPointerException'{0x000000071361e2d0}> (0x000000071361e2d0) 
thrown [./open/src/hotspot/share/interpreter/linkResolver.cpp, line 1431]
Event: 0.717 Thread 0x000001b55303b000 Exception <a 'java/io/IOException'{0x0000000713490cc0}> (0x0000000713490cc0) 
thrown [./open/src/hotspot/share/prims/jni.cpp, line 599]
Event: 0.855 Thread 0x000001b55303b000 Exception <a 'java/lang/NoSuchMethodError'{0x00000007132b9280}: 'int java.lang.invoke.DirectMethodHandle$Holder.invokeSpecialIFC(java.lang.Object, java.lang.Object, int)'> (0x00000007132b9280) 
thrown [./open/src/hotspot/share/interpreter/linkResolver.cpp, line 766]
Event: 1.039 Thread 0x000001b55303b000 Exception <a 'java/io/IOException'{0x0000000712b122b0}> (0x0000000712b122b0) 
thrown [./open/src/hotspot/share/prims/jni.cpp, line 599]
Event: 1.039 Thread 0x000001b55303b000 Exception <a 'java/io/IOException'{0x0000000712b125c0}> (0x0000000712b125c0) 
thrown [./open/src/hotspot/share/prims/jni.cpp, line 599]
Event: 1.087 Thread 0x000001b55303b000 Exception <a 'java/io/IOException'{0x0000000712bcf1d8}> (0x0000000712bcf1d8) 
thrown [./open/src/hotspot/share/prims/jni.cpp, line 599]
Event: 1.087 Thread 0x000001b55303b000 Exception <a 'java/io/IOException'{0x0000000712bcf4e8}> (0x0000000712bcf4e8) 
thrown [./open/src/hotspot/share/prims/jni.cpp, line 599]
Event: 1.087 Thread 0x000001b55303b000 Exception <a 'java/io/FileNotFoundException'{0x0000000712bcfca8}> (0x0000000712bcfca8) 
thrown [./open/src/hotspot/share/prims/jni.cpp, line 599]
Event: 1.213 Thread 0x000001b55303b000 Exception <a 'java/io/FileNotFoundException'{0x0000000712be1850}> (0x0000000712be1850) 
thrown [./open/src/hotspot/share/prims/jni.cpp, line 599]
Event: 1.214 Thread 0x000001b55303b000 Exception <a 'java/io/FileNotFoundException'{0x0000000712bf1838}> (0x0000000712bf1838) 
thrown [./open/src/hotspot/share/prims/jni.cpp, line 599]
Event: 1.342 Thread 0x000001b55303b000 Exception <a 'java/io/FileNotFoundException'{0x0000000712a033b8}> (0x0000000712a033b8) 
thrown [./open/src/hotspot/share/prims/jni.cpp, line 599]
Event: 1.344 Thread 0x000001b55303b000 Exception <a 'java/io/FileNotFoundException'{0x0000000712a12ce0}> (0x0000000712a12ce0) 
thrown [./open/src/hotspot/share/prims/jni.cpp, line 599]
Event: 1.469 Thread 0x000001b55303b000 Exception <a 'java/io/FileNotFoundException'{0x0000000712a243c8}> (0x0000000712a243c8) 
thrown [./open/src/hotspot/share/prims/jni.cpp, line 599]
Event: 1.470 Thread 0x000001b55303b000 Exception <a 'java/io/FileNotFoundException'{0x0000000712a3c0f0}> (0x0000000712a3c0f0) 
thrown [./open/src/hotspot/share/prims/jni.cpp, line 599]
Event: 1.598 Thread 0x000001b55303b000 Exception <a 'java/io/FileNotFoundException'{0x0000000712a4d7d8}> (0x0000000712a4d7d8) 
thrown [./open/src/hotspot/share/prims/jni.cpp, line 599]
Event: 3.156 Thread 0x000001b55303b000 Exception <a 'java/io/FileNotFoundException'{0x000000070f7e6538}> (0x000000070f7e6538) 
thrown [./open/src/hotspot/share/prims/jni.cpp, line 599]
Event: 3.278 Thread 0x000001b55303b000 Exception <a 'java/io/FileNotFoundException'{0x000000070f7f7ec8}> (0x000000070f7f7ec8) 
thrown [./open/src/hotspot/share/prims/jni.cpp, line 599]
Event: 3.279 Thread 0x000001b55303b000 Exception <a 'java/io/FileNotFoundException'{0x000000070f60e730}> (0x000000070f60e730) 
thrown [./open/src/hotspot/share/prims/jni.cpp, line 599]
Event: 3.405 Thread 0x000001b55303b000 Exception <a 'java/io/FileNotFoundException'{0x000000070f6200c0}> (0x000000070f6200c0) 
thrown [./open/src/hotspot/share/prims/jni.cpp, line 599]

Events (20 events):
Event: 1.765 loading class java/nio/DirectFloatBufferU
Event: 1.765 loading class java/nio/DirectFloatBufferU done
Event: 1.812 loading class jdk/internal/access/foreign/MemorySegmentProxy
Event: 1.812 loading class jdk/internal/access/foreign/MemorySegmentProxy done
Event: 1.848 Thread 0x000001b554d08800 Thread added: 0x000001b554d08800
Event: 2.304 Executing VM operation: ICBufferFull
Event: 2.304 Executing VM operation: ICBufferFull done
Event: 2.536 Thread 0x000001b554d08800 Thread exited: 0x000001b554d08800
Event: 2.733 Loaded shared library C:\Program Files\Java\jdk\bin\java.dll
Event: 3.408 loading class java/util/TooManyListenersException
Event: 3.409 loading class java/util/TooManyListenersException done
Event: 3.434 Thread 0x000001b5539f3000 Thread added: 0x000001b5539f3000
Event: 3.442 loading class sun/nio/cs/UTF_8$Encoder
Event: 3.442 loading class sun/nio/cs/UTF_8$Encoder done
Event: 3.442 loading class java/io/FileOutputStream$1
Event: 3.442 loading class java/io/FileOutputStream$1 done
Event: 4.651 loading class java/lang/StringCoding$StringEncoder
Event: 4.651 loading class java/lang/StringCoding$StringEncoder done
Event: 4.651 loading class java/lang/Byte$ByteCache
Event: 4.651 loading class java/lang/Byte$ByteCache done


Dynamic libraries:
0x00007ff70fdc0000 - 0x00007ff70fdcf000 	C:\Program Files\Java\jdk\bin\javaw.exe
0x00007fff0f280000 - 0x00007fff0f470000 	C:\Windows\SYSTEM32\ntdll.dll
0x00007fff0ec80000 - 0x00007fff0ed32000 	C:\Windows\System32\KERNEL32.DLL
0x00007fff0cff0000 - 0x00007fff0d294000 	C:\Windows\System32\KERNELBASE.dll
0x00007fff0cef0000 - 0x00007fff0cfea000 	C:\Windows\System32\ucrtbase.dll
0x00007ffef8c00000 - 0x00007ffef8c15000 	C:\Program Files\Java\jdk\bin\VCRUNTIME140.dll
0x00007ffef8be0000 - 0x00007ffef8bf8000 	C:\Program Files\Java\jdk\bin\jli.dll
0x00007fff0d330000 - 0x00007fff0d3d3000 	C:\Windows\System32\ADVAPI32.dll
0x00007fff0ebe0000 - 0x00007fff0ec7e000 	C:\Windows\System32\msvcrt.dll
0x00007fff0ed40000 - 0x00007fff0edd7000 	C:\Windows\System32\sechost.dll
0x00007fff0de50000 - 0x00007fff0df70000 	C:\Windows\System32\RPCRT4.dll
0x00007fff0f060000 - 0x00007fff0f1f4000 	C:\Windows\System32\USER32.dll
0x00007fff0c220000 - 0x00007fff0c241000 	C:\Windows\System32\win32u.dll
0x00007fff0f030000 - 0x00007fff0f056000 	C:\Windows\System32\GDI32.dll
0x00007ffeed0d0000 - 0x00007ffeed354000 	C:\Windows\WinSxS\amd64_microsoft.windows.common-controls_6595b64144ccf1df_6.0.18362.959_none_e6c7bbbf130c62bb\COMCTL32.dll
0x00007fff0cd50000 - 0x00007fff0cee6000 	C:\Windows\System32\gdi32full.dll
0x00007fff0d860000 - 0x00007fff0db95000 	C:\Windows\System32\combase.dll
0x00007fff0ca60000 - 0x00007fff0cafe000 	C:\Windows\System32\msvcp_win.dll
0x00007fff0c9e0000 - 0x00007fff0ca60000 	C:\Windows\System32\bcryptPrimitives.dll
0x00007fff04520000 - 0x00007fff0452a000 	C:\Windows\SYSTEM32\VERSION.dll
0x00007fff0f210000 - 0x00007fff0f23e000 	C:\Windows\System32\IMM32.DLL
0x00007ffeb9560000 - 0x00007ffeb95fb000 	C:\Program Files\Java\jdk\bin\msvcp140.dll
0x00007ffea5ae0000 - 0x00007ffea65fe000 	C:\Program Files\Java\jdk\bin\server\jvm.dll
0x00007fff0d850000 - 0x00007fff0d858000 	C:\Windows\System32\PSAPI.DLL
0x00007ffef8b40000 - 0x00007ffef8b49000 	C:\Windows\SYSTEM32\WSOCK32.dll
0x00007fff08830000 - 0x00007fff08854000 	C:\Windows\SYSTEM32\WINMM.dll
0x00007fff0dd80000 - 0x00007fff0ddef000 	C:\Windows\System32\WS2_32.dll
0x00007fff08800000 - 0x00007fff0882d000 	C:\Windows\SYSTEM32\winmmbase.dll
0x00007fff0cd00000 - 0x00007fff0cd4a000 	C:\Windows\System32\cfgmgr32.dll
0x00007fff0c140000 - 0x00007fff0c151000 	C:\Windows\System32\kernel.appcore.dll
0x00007ffeecf90000 - 0x00007ffeecf9a000 	C:\Program Files\Java\jdk\bin\jimage.dll
0x00007fff0a9a0000 - 0x00007fff0ab94000 	C:\Windows\SYSTEM32\DBGHELP.DLL
0x00007ffef8170000 - 0x00007ffef819a000 	C:\Windows\SYSTEM32\dbgcore.DLL
0x00007ffecd1d0000 - 0x00007ffecd1f5000 	C:\Program Files\Java\jdk\bin\java.dll
0x00007ffec6c10000 - 0x00007ffec6c26000 	C:\Program Files\Java\jdk\bin\zip.dll
0x00007fff0df70000 - 0x00007fff0e656000 	C:\Windows\System32\SHELL32.dll
0x00007fff0ead0000 - 0x00007fff0eb79000 	C:\Windows\System32\shcore.dll
0x00007fff0c250000 - 0x00007fff0c9d2000 	C:\Windows\System32\windows.storage.dll
0x00007fff0c1b0000 - 0x00007fff0c1d3000 	C:\Windows\System32\profapi.dll
0x00007fff0c160000 - 0x00007fff0c1aa000 	C:\Windows\System32\powrprof.dll
0x00007fff0c130000 - 0x00007fff0c140000 	C:\Windows\System32\UMPDC.dll
0x00007fff0ddf0000 - 0x00007fff0de42000 	C:\Windows\System32\shlwapi.dll
0x00007fff0c200000 - 0x00007fff0c217000 	C:\Windows\System32\cryptsp.dll
0x00007ffec6bf0000 - 0x00007ffec6c09000 	C:\Program Files\Java\jdk\bin\net.dll
0x00007fff06f20000 - 0x00007fff07010000 	C:\Windows\SYSTEM32\WINHTTP.dll
0x00007fff0b8f0000 - 0x00007fff0b957000 	C:\Windows\system32\mswsock.dll
0x00007ffec6bd0000 - 0x00007ffec6be2000 	C:\Program Files\Java\jdk\bin\nio.dll
0x00007ffecd260000 - 0x00007ffecd270000 	C:\Program Files\Java\jdk\bin\verify.dll
0x00007ffeb6dd0000 - 0x00007ffeb6f68000 	C:\Program Files\Java\jdk\bin\awt.dll
0x00007fff0d3e0000 - 0x00007fff0d4a5000 	C:\Windows\System32\OLEAUT32.dll
0x00007fff09d10000 - 0x00007fff09d9f000 	C:\Windows\SYSTEM32\apphelp.dll
0x00007fff09fc0000 - 0x00007fff0a059000 	C:\Windows\system32\uxtheme.dll
0x00007fff0d4b0000 - 0x00007fff0d5e5000 	C:\Windows\System32\MSCTF.dll
0x00007fff0ede0000 - 0x00007fff0ef37000 	C:\Windows\System32\ole32.dll
0x00007fff0a340000 - 0x00007fff0a36d000 	C:\Windows\system32\DWMAPI.DLL
0x00007ffed2f00000 - 0x00007ffed3056000 	C:\Windows\system32\opengl32.dll
0x00007ffed37a0000 - 0x00007ffed37cc000 	C:\Windows\SYSTEM32\GLU32.dll
0x00007fff0ad60000 - 0x00007fff0ad80000 	C:\Windows\SYSTEM32\dxcore.dll
0x00007ffeb8a70000 - 0x00007ffeb8af2000 	C:\Program Files\Java\jdk\bin\freetype.dll
0x00007ffeb7210000 - 0x00007ffeb72b6000 	C:\Program Files\Java\jdk\bin\fontmanager.dll
0x0000000010000000 - 0x000000001005a000 	C:\Users\lapry\Documents\GitHub\AidDrone\MULTIWII DEFINITIVO\MultiWiiConf\application.windows64\jogl.dll
0x0000000058ea0000 - 0x0000000058f69000 	C:\Windows\WinSxS\amd64_microsoft.vc80.crt_1fc8b3b9a1e18e3b_8.0.50727.9659_none_88dfc6bf2faefcc6\MSVCR80.dll
0x00007ffecd1c0000 - 0x00007ffecd1c7000 	C:\Program Files\Java\jdk\bin\jawt.dll
0x0000000000710000 - 0x0000000000717000 	C:\Users\lapry\Documents\GitHub\AidDrone\MULTIWII DEFINITIVO\MultiWiiConf\application.windows64\jogl_awt.dll
0x00007ffeebc60000 - 0x00007ffeebcfe000 	C:\Windows\System32\TextInputFramework.dll
0x00007fff07c30000 - 0x00007fff07f5a000 	C:\Windows\System32\CoreUIComponents.dll
0x00007fff09b00000 - 0x00007fff09bd4000 	C:\Windows\System32\CoreMessaging.dll
0x00007fff0b200000 - 0x00007fff0b231000 	C:\Windows\SYSTEM32\ntmarta.dll
0x00007fff07920000 - 0x00007fff07a73000 	C:\Windows\SYSTEM32\wintypes.dll
0x00007ffedacc0000 - 0x00007ffedad25000 	C:\Windows\system32\Oleacc.dll
0x00007ffea4b90000 - 0x00007ffea5ad6000 	C:\Windows\System32\DriverStore\FileRepository\iigd_dch.inf_amd64_9142c5ac70adba55\ig11icd64.dll
0x00007fff0adf0000 - 0x00007fff0aedb000 	C:\Windows\system32\dxgi.dll
0x00007ffeffaa0000 - 0x00007fff01ed6000 	C:\Windows\System32\DriverStore\FileRepository\iigd_dch.inf_amd64_9142c5ac70adba55\igc64.dll
0x00007fff02330000 - 0x00007fff024d4000 	C:\Windows\System32\DriverStore\FileRepository\iigd_dch.inf_amd64_9142c5ac70adba55\igdgmm64.dll
0x0000000180000000 - 0x0000000180025000 	C:\Users\lapry\Documents\GitHub\AidDrone\MULTIWII DEFINITIVO\MultiWiiConf\application.windows64\rxtxSerial.dll
0x00007ffef6930000 - 0x00007ffef6bd6000 	C:\Windows\System32\iertutil.dll

dbghelp: loaded successfully - version: 4.0.5 - missing functions: none
symbol engine: initialized successfully - sym options: 0x614 - pdb path: .;C:\Program Files\Java\jdk\bin;C:\Windows\SYSTEM32;C:\Windows\WinSxS\amd64_microsoft.windows.common-controls_6595b64144ccf1df_6.0.18362.959_none_e6c7bbbf130c62bb;C:\Program Files\Java\jdk\bin\server;C:\Users\lapry\Documents\GitHub\AidDrone\MULTIWII DEFINITIVO\MultiWiiConf\application.windows64;C:\Windows\WinSxS\amd64_microsoft.vc80.crt_1fc8b3b9a1e18e3b_8.0.50727.9659_none_88dfc6bf2faefcc6;C:\Windows\System32\DriverStore\FileRepository\iigd_dch.inf_amd64_9142c5ac70adba55

VM Arguments:
java_command: MultiWiiConf
java_class_path (initial): C:\Users\lapry\Documents\GitHub\AidDrone\MULTIWII DEFINITIVO\MultiWiiConf\application.windows64\lib\MultiWiiConf.jar;C:\Users\lapry\Documents\GitHub\AidDrone\MULTIWII DEFINITIVO\MultiWiiConf\application.windows64\lib\core.jar;C:\Users\lapry\Documents\GitHub\AidDrone\MULTIWII DEFINITIVO\MultiWiiConf\application.windows64\lib\RXTXcomm.jar;C:\Users\lapry\Documents\GitHub\AidDrone\MULTIWII DEFINITIVO\MultiWiiConf\application.windows64\lib\serial.jar;C:\Users\lapry\Documents\GitHub\AidDrone\MULTIWII DEFINITIVO\MultiWiiConf\application.windows64\lib\controlP5.jar;C:\Users\lapry\Documents\GitHub\AidDrone\MULTIWII DEFINITIVO\MultiWiiConf\application.windows64\lib\controlP5_ori.jar;C:\Users\lapry\Documents\GitHub\AidDrone\MULTIWII DEFINITIVO\MultiWiiConf\application.windows64\lib\gluegen-rt.jar;C:\Users\lapry\Documents\GitHub\AidDrone\MULTIWII DEFINITIVO\MultiWiiConf\application.windows64\lib\jogl.jar;C:\Users\lapry\Documents\GitHub\AidDrone\MULTIWII DEFINITIVO\MultiWiiConf\application.windows64\lib\opengl.jar
Launcher Type: SUN_STANDARD

[Global flags]
     intx CICompilerCount                          = 4                                         {product} {ergonomic}
     uint ConcGCThreads                            = 2                                         {product} {ergonomic}
     uint G1ConcRefinementThreads                  = 8                                         {product} {ergonomic}
   size_t G1HeapRegionSize                         = 1048576                                   {product} {ergonomic}
    uintx GCDrainStackTargetSize                   = 64                                        {product} {ergonomic}
   size_t InitialHeapSize                          = 264241152                                 {product} {ergonomic}
   size_t MarkStackSize                            = 4194304                                   {product} {ergonomic}
   size_t MaxHeapSize                              = 4227858432                                {product} {ergonomic}
   size_t MaxNewSize                               = 2536505344                                {product} {ergonomic}
   size_t MinHeapDeltaBytes                        = 1048576                                   {product} {ergonomic}
   size_t MinHeapSize                              = 8388608                                   {product} {ergonomic}
    uintx NonNMethodCodeHeapSize                   = 5839372                                {pd product} {ergonomic}
    uintx NonProfiledCodeHeapSize                  = 122909434                              {pd product} {ergonomic}
    uintx ProfiledCodeHeapSize                     = 122909434                              {pd product} {ergonomic}
    uintx ReservedCodeCacheSize                    = 251658240                              {pd product} {ergonomic}
     bool SegmentedCodeCache                       = true                                      {product} {ergonomic}
   size_t SoftMaxHeapSize                          = 4227858432                             {manageable} {ergonomic}
     bool UseCompressedClassPointers               = true                                 {lp64_product} {ergonomic}
     bool UseCompressedOops                        = true                                 {lp64_product} {ergonomic}
     bool UseG1GC                                  = true                                      {product} {ergonomic}
     bool UseLargePagesIndividualAllocation        = false                                  {pd product} {ergonomic}

Logging:
Log output configuration:
 #0: stdout all=warning uptime,level,tags
 #1: stderr all=off uptime,level,tags

Environment Variables:
CLASSPATH=C:\Users\lapry\Documents\GitHub\AidDrone\MULTIWII DEFINITIVO\MultiWiiConf\application.windows64\lib\MultiWiiConf.jar;C:\Users\lapry\Documents\GitHub\AidDrone\MULTIWII DEFINITIVO\MultiWiiConf\application.windows64\lib\core.jar;C:\Users\lapry\Documents\GitHub\AidDrone\MULTIWII DEFINITIVO\MultiWiiConf\application.windows64\lib\RXTXcomm.jar;C:\Users\lapry\Documents\GitHub\AidDrone\MULTIWII DEFINITIVO\MultiWiiConf\application.windows64\lib\serial.jar;C:\Users\lapry\Documents\GitHub\AidDrone\MULTIWII DEFINITIVO\MultiWiiConf\application.windows64\lib\controlP5.jar;C:\Users\lapry\Documents\GitHub\AidDrone\MULTIWII DEFINITIVO\MultiWiiConf\application.windows64\lib\controlP5_ori.jar;C:\Users\lapry\Documents\GitHub\AidDrone\MULTIWII DEFINITIVO\MultiWiiConf\application.windows64\lib\gluegen-rt.jar;C:\Users\lapry\Documents\GitHub\AidDrone\MULTIWII DEFINITIVO\MultiWiiConf\application.windows64\lib\jogl.jar;C:\Users\lapry\Documents\GitHub\AidDrone\MULTIWII DEFINITIVO\MultiWiiConf\application.windows64\lib\opengl.jar
PATH=C:\Windows\system32;C:\Windows;C:\Windows\System32\Wbem;C:\Windows\System32\WindowsPowerShell\v1.0;C:\Program Files\PowerShell\7;C:\Program Files\Java\jdk\bin;C:\Users\lapry\AppData\Local\Programs\Python\Python37\Scripts;C:\Users\lapry\AppData\Local\Programs\Python\Python37;C:\Users\lapry\scoop\shims;C:\Users\lapry\AppData\Local\Microsoft\WindowsApps;C:\Users\lapry\AppData\Local\GitHubDesktop\bin;C:\Users\lapry\AppData\Local\Programs\Microsoft VS Code\bin
USERNAME=lapry
OS=Windows_NT
PROCESSOR_IDENTIFIER=Intel64 Family 6 Model 126 Stepping 5, GenuineIntel



---------------  S Y S T E M  ---------------

OS: Windows 10 , 64 bit Build 18362 (10.0.18362.959)
OS uptime: 0 days 0:05 hours
HyperV virtualization detected

CPU:total 8 (initial active 8) (4 cores per cpu, 2 threads per core) family 6 model 126 stepping 5, cmov, cx8, fxsr, mmx, sse, sse2, sse3, ssse3, sse4.1, sse4.2, popcnt, avx, avx2, aes, clmul, erms, 3dnowpref, lzcnt, ht, tsc, tscinvbit, bmi1, bmi2, adx, evex, sha, fma

Memory: 4k page, system-wide physical 16126M (10581M free)
TotalPageFile size 18558M (AvailPageFile size 11265M)
current process WorkingSet (physical memory assigned to process): 227M, peak: 227M
current process commit charge ("private bytes"): 413M, peak: 414M

vm_info: Java HotSpot(TM) 64-Bit Server VM (14.0.1+7) for windows-amd64 JRE (14.0.1+7), built on Mar  5 2020 10:30:14 by "mach5one" with MS VC++ 15.9 (VS2017)

END.
